ARM GAS  C:\Users\Erik\AppData\Local\Temp\ccVls21Y.s 			page 1


   1              		.syntax unified
   2              		.cpu cortex-m0
   3              		.fpu softvfp
   4              		.eabi_attribute 20, 1
   5              		.eabi_attribute 21, 1
   6              		.eabi_attribute 23, 3
   7              		.eabi_attribute 24, 1
   8              		.eabi_attribute 25, 1
   9              		.eabi_attribute 26, 1
  10              		.eabi_attribute 30, 1
  11              		.eabi_attribute 34, 0
  12              		.eabi_attribute 18, 4
  13              		.thumb
  14              		.syntax unified
  15              		.file	"CapSense_Tuner.c"
  16              		.text
  17              	.Ltext0:
  18              		.cfi_sections	.debug_frame
  19              		.section	.text.CapSense_TuInitialize,"ax",%progbits
  20              		.align	2
  21              		.global	CapSense_TuInitialize
  22              		.code	16
  23              		.thumb_func
  24              		.type	CapSense_TuInitialize, %function
  25              	CapSense_TuInitialize:
  26              	.LFB1:
  27              		.file 1 "Generated_Source\\PSoC4\\CapSense_Tuner.c"
   1:Generated_Source\PSoC4/CapSense_Tuner.c **** /***************************************************************************//**
   2:Generated_Source\PSoC4/CapSense_Tuner.c **** * \file CapSense_Tuner.c
   3:Generated_Source\PSoC4/CapSense_Tuner.c **** * \version 7.0
   4:Generated_Source\PSoC4/CapSense_Tuner.c **** *
   5:Generated_Source\PSoC4/CapSense_Tuner.c **** * \brief
   6:Generated_Source\PSoC4/CapSense_Tuner.c **** *   This file provides the source code for the Tuner module API of the Component.
   7:Generated_Source\PSoC4/CapSense_Tuner.c **** *
   8:Generated_Source\PSoC4/CapSense_Tuner.c **** * \see CapSense v7.0 Datasheet
   9:Generated_Source\PSoC4/CapSense_Tuner.c **** *
  10:Generated_Source\PSoC4/CapSense_Tuner.c **** *//*****************************************************************************
  11:Generated_Source\PSoC4/CapSense_Tuner.c **** * Copyright (2016-2019), Cypress Semiconductor Corporation.
  12:Generated_Source\PSoC4/CapSense_Tuner.c **** ********************************************************************************
  13:Generated_Source\PSoC4/CapSense_Tuner.c **** * This software is owned by Cypress Semiconductor Corporation (Cypress) and is
  14:Generated_Source\PSoC4/CapSense_Tuner.c **** * protected by and subject to worldwide patent protection (United States and
  15:Generated_Source\PSoC4/CapSense_Tuner.c **** * foreign), United States copyright laws and international treaty provisions.
  16:Generated_Source\PSoC4/CapSense_Tuner.c **** * Cypress hereby grants to licensee a personal, non-exclusive, non-transferable
  17:Generated_Source\PSoC4/CapSense_Tuner.c **** * license to copy, use, modify, create derivative works of, and compile the
  18:Generated_Source\PSoC4/CapSense_Tuner.c **** * Cypress Source Code and derivative works for the sole purpose of creating
  19:Generated_Source\PSoC4/CapSense_Tuner.c **** * custom software in support of licensee product to be used only in conjunction
  20:Generated_Source\PSoC4/CapSense_Tuner.c **** * with a Cypress integrated circuit as specified in the applicable agreement.
  21:Generated_Source\PSoC4/CapSense_Tuner.c **** * Any reproduction, modification, translation, compilation, or representation of
  22:Generated_Source\PSoC4/CapSense_Tuner.c **** * this software except as specified above is prohibited without the express
  23:Generated_Source\PSoC4/CapSense_Tuner.c **** * written permission of Cypress.
  24:Generated_Source\PSoC4/CapSense_Tuner.c **** *
  25:Generated_Source\PSoC4/CapSense_Tuner.c **** * Disclaimer: CYPRESS MAKES NO WARRANTY OF ANY KIND, EXPRESS OR IMPLIED, WITH
  26:Generated_Source\PSoC4/CapSense_Tuner.c **** * REGARD TO THIS MATERIAL, INCLUDING, BUT NOT LIMITED TO, THE IMPLIED
  27:Generated_Source\PSoC4/CapSense_Tuner.c **** * WARRANTIES OF MERCHANTABILITY AND FITNESS FOR A PARTICULAR PURPOSE.
  28:Generated_Source\PSoC4/CapSense_Tuner.c **** * Cypress reserves the right to make changes without further notice to the
  29:Generated_Source\PSoC4/CapSense_Tuner.c **** * materials described herein. Cypress does not assume any liability arising out
  30:Generated_Source\PSoC4/CapSense_Tuner.c **** * of the application or use of any product or circuit described herein. Cypress
ARM GAS  C:\Users\Erik\AppData\Local\Temp\ccVls21Y.s 			page 2


  31:Generated_Source\PSoC4/CapSense_Tuner.c **** * does not authorize its products for use as critical components in life-support
  32:Generated_Source\PSoC4/CapSense_Tuner.c **** * systems where a malfunction or failure may reasonably be expected to result in
  33:Generated_Source\PSoC4/CapSense_Tuner.c **** * significant injury to the user. The inclusion of Cypress' product in a life-
  34:Generated_Source\PSoC4/CapSense_Tuner.c **** * support systems application implies that the manufacturer assumes all risk of
  35:Generated_Source\PSoC4/CapSense_Tuner.c **** * such use and in doing so indemnifies Cypress against all charges. Use may be
  36:Generated_Source\PSoC4/CapSense_Tuner.c **** * limited by and subject to the applicable Cypress software license agreement.
  37:Generated_Source\PSoC4/CapSense_Tuner.c **** *******************************************************************************/
  38:Generated_Source\PSoC4/CapSense_Tuner.c **** 
  39:Generated_Source\PSoC4/CapSense_Tuner.c **** #include "cytypes.h"
  40:Generated_Source\PSoC4/CapSense_Tuner.c **** #include "CyLib.h"
  41:Generated_Source\PSoC4/CapSense_Tuner.c **** #include "CapSense_Structure.h"
  42:Generated_Source\PSoC4/CapSense_Tuner.c **** #include "CapSense_Tuner.h"
  43:Generated_Source\PSoC4/CapSense_Tuner.c **** #include "CapSense_Control.h"
  44:Generated_Source\PSoC4/CapSense_Tuner.c **** #include "CapSense_Configuration.h"
  45:Generated_Source\PSoC4/CapSense_Tuner.c **** 
  46:Generated_Source\PSoC4/CapSense_Tuner.c **** /* Tuner states definition */
  47:Generated_Source\PSoC4/CapSense_Tuner.c **** #define TU_FSM_RUNNING      (0u)
  48:Generated_Source\PSoC4/CapSense_Tuner.c **** #define TU_FSM_SUSPENDED    (1u)
  49:Generated_Source\PSoC4/CapSense_Tuner.c **** #define TU_FSM_SNR_TEST     (2u)
  50:Generated_Source\PSoC4/CapSense_Tuner.c **** #define TU_FSM_ONE_SCAN     (3u)
  51:Generated_Source\PSoC4/CapSense_Tuner.c **** 
  52:Generated_Source\PSoC4/CapSense_Tuner.c **** /* Tuner state variable */
  53:Generated_Source\PSoC4/CapSense_Tuner.c **** static uint32 tunerFsm = TU_FSM_RUNNING;
  54:Generated_Source\PSoC4/CapSense_Tuner.c **** 
  55:Generated_Source\PSoC4/CapSense_Tuner.c **** 
  56:Generated_Source\PSoC4/CapSense_Tuner.c **** /*******************************************************************************
  57:Generated_Source\PSoC4/CapSense_Tuner.c **** * Function Name: CapSense_TuInitialize
  58:Generated_Source\PSoC4/CapSense_Tuner.c **** ****************************************************************************//**
  59:Generated_Source\PSoC4/CapSense_Tuner.c **** *
  60:Generated_Source\PSoC4/CapSense_Tuner.c **** * \brief
  61:Generated_Source\PSoC4/CapSense_Tuner.c **** *   This function initializes the communication interface with the Tuner GUI.
  62:Generated_Source\PSoC4/CapSense_Tuner.c **** *
  63:Generated_Source\PSoC4/CapSense_Tuner.c **** * \details
  64:Generated_Source\PSoC4/CapSense_Tuner.c **** *   This API sets the tuner state machine to the default state. It is called by
  65:Generated_Source\PSoC4/CapSense_Tuner.c **** *   the CapSense_Start() API.
  66:Generated_Source\PSoC4/CapSense_Tuner.c **** *
  67:Generated_Source\PSoC4/CapSense_Tuner.c **** *******************************************************************************/
  68:Generated_Source\PSoC4/CapSense_Tuner.c **** void CapSense_TuInitialize(void)
  69:Generated_Source\PSoC4/CapSense_Tuner.c **** {
  28              		.loc 1 69 0
  29              		.cfi_startproc
  30              		@ args = 0, pretend = 0, frame = 0
  31              		@ frame_needed = 0, uses_anonymous_args = 0
  32              		@ link register save eliminated.
  33              	.LVL0:
  70:Generated_Source\PSoC4/CapSense_Tuner.c ****     volatile CapSense_RAM_STRUCT *ptrDsRam = &CapSense_dsRam;
  71:Generated_Source\PSoC4/CapSense_Tuner.c **** 
  72:Generated_Source\PSoC4/CapSense_Tuner.c ****     ptrDsRam->tunerCmd = (uint16)CapSense_TU_CMD_NONE_E;
  34              		.loc 1 72 0
  35 0000 0023     		movs	r3, #0
  36 0002 024A     		ldr	r2, .L2
  37 0004 D380     		strh	r3, [r2, #6]
  73:Generated_Source\PSoC4/CapSense_Tuner.c ****     tunerFsm = TU_FSM_RUNNING;
  38              		.loc 1 73 0
  39 0006 024A     		ldr	r2, .L2+4
  40 0008 1360     		str	r3, [r2]
  74:Generated_Source\PSoC4/CapSense_Tuner.c **** }
ARM GAS  C:\Users\Erik\AppData\Local\Temp\ccVls21Y.s 			page 3


  41              		.loc 1 74 0
  42              		@ sp needed
  43 000a 7047     		bx	lr
  44              	.L3:
  45              		.align	2
  46              	.L2:
  47 000c 00000000 		.word	CapSense_dsRam
  48 0010 00000000 		.word	.LANCHOR0
  49              		.cfi_endproc
  50              	.LFE1:
  51              		.size	CapSense_TuInitialize, .-CapSense_TuInitialize
  52              		.section	.text.CapSense_RunTuner,"ax",%progbits
  53              		.align	2
  54              		.global	CapSense_RunTuner
  55              		.code	16
  56              		.thumb_func
  57              		.type	CapSense_RunTuner, %function
  58              	CapSense_RunTuner:
  59              	.LFB2:
  75:Generated_Source\PSoC4/CapSense_Tuner.c **** 
  76:Generated_Source\PSoC4/CapSense_Tuner.c **** /*******************************************************************************
  77:Generated_Source\PSoC4/CapSense_Tuner.c **** * Function Name: CapSense_RunTuner
  78:Generated_Source\PSoC4/CapSense_Tuner.c **** ****************************************************************************//**
  79:Generated_Source\PSoC4/CapSense_Tuner.c **** *
  80:Generated_Source\PSoC4/CapSense_Tuner.c **** * \brief
  81:Generated_Source\PSoC4/CapSense_Tuner.c **** *  Establishes synchronized communication with the Tuner application.
  82:Generated_Source\PSoC4/CapSense_Tuner.c **** *
  83:Generated_Source\PSoC4/CapSense_Tuner.c **** * \details
  84:Generated_Source\PSoC4/CapSense_Tuner.c **** *  This function is used to establish synchronized communication between the
  85:Generated_Source\PSoC4/CapSense_Tuner.c **** *  CapSense Component and Tuner application (or other host controllers).
  86:Generated_Source\PSoC4/CapSense_Tuner.c **** *  This function is called periodically in the application program loop
  87:Generated_Source\PSoC4/CapSense_Tuner.c **** *  to serve the Tuner application (or host controller) requests and commands.
  88:Generated_Source\PSoC4/CapSense_Tuner.c **** *  In most cases, the best place to call this function is after processing and
  89:Generated_Source\PSoC4/CapSense_Tuner.c **** *  before next scanning.
  90:Generated_Source\PSoC4/CapSense_Tuner.c **** *
  91:Generated_Source\PSoC4/CapSense_Tuner.c **** *  If this function is absent in the application program, then communication is
  92:Generated_Source\PSoC4/CapSense_Tuner.c **** *  asynchronous and the following disadvantages are applicable:
  93:Generated_Source\PSoC4/CapSense_Tuner.c **** *    - The raw counts displayed in the tuner may be filtered and/or unfiltered.
  94:Generated_Source\PSoC4/CapSense_Tuner.c **** *      As a result, noise and SNR measurements will not be accurate.
  95:Generated_Source\PSoC4/CapSense_Tuner.c **** *    - The Tuner tool may read the sensor data such as raw counts from a scan
  96:Generated_Source\PSoC4/CapSense_Tuner.c **** *      multiple times, as a result, noise and SNR measurement will not be
  97:Generated_Source\PSoC4/CapSense_Tuner.c **** *      accurate.
  98:Generated_Source\PSoC4/CapSense_Tuner.c **** *    - The Tuner tool and host controller should not change the Component parameters
  99:Generated_Source\PSoC4/CapSense_Tuner.c **** *      via the tuner interface. Changing the Component parameters via the tuner
 100:Generated_Source\PSoC4/CapSense_Tuner.c **** *      interface in the async mode will result in Component abnormal behavior.
 101:Generated_Source\PSoC4/CapSense_Tuner.c **** *
 102:Generated_Source\PSoC4/CapSense_Tuner.c **** *  Note that calling this function is not mandatory for the application, but
 103:Generated_Source\PSoC4/CapSense_Tuner.c **** *  required only to synchronize the communication with the host controller or
 104:Generated_Source\PSoC4/CapSense_Tuner.c **** *  tuner application.
 105:Generated_Source\PSoC4/CapSense_Tuner.c **** *
 106:Generated_Source\PSoC4/CapSense_Tuner.c **** * \return
 107:Generated_Source\PSoC4/CapSense_Tuner.c **** *  In some cases, the application program may need to know if the Component was
 108:Generated_Source\PSoC4/CapSense_Tuner.c **** *  re-initialized. The return indicates if a restart command was executed or not:
 109:Generated_Source\PSoC4/CapSense_Tuner.c **** *    - CapSense_STATUS_RESTART_DONE - Based on a received command, the
 110:Generated_Source\PSoC4/CapSense_Tuner.c **** *      Component was restarted.
 111:Generated_Source\PSoC4/CapSense_Tuner.c **** *    -  CapSense_STATUS_RESTART_NONE - No restart was executed by this
 112:Generated_Source\PSoC4/CapSense_Tuner.c **** *      function.
ARM GAS  C:\Users\Erik\AppData\Local\Temp\ccVls21Y.s 			page 4


 113:Generated_Source\PSoC4/CapSense_Tuner.c **** *
 114:Generated_Source\PSoC4/CapSense_Tuner.c **** *******************************************************************************/
 115:Generated_Source\PSoC4/CapSense_Tuner.c **** uint32 CapSense_RunTuner(void)
 116:Generated_Source\PSoC4/CapSense_Tuner.c **** {
  60              		.loc 1 116 0
  61              		.cfi_startproc
  62              		@ args = 0, pretend = 0, frame = 0
  63              		@ frame_needed = 0, uses_anonymous_args = 0
  64 0000 70B5     		push	{r4, r5, r6, lr}
  65              		.cfi_def_cfa_offset 16
  66              		.cfi_offset 4, -16
  67              		.cfi_offset 5, -12
  68              		.cfi_offset 6, -8
  69              		.cfi_offset 14, -4
  70              	.LVL1:
 117:Generated_Source\PSoC4/CapSense_Tuner.c ****     uint8 interruptState;
 118:Generated_Source\PSoC4/CapSense_Tuner.c ****     uint32 widgetId;
 119:Generated_Source\PSoC4/CapSense_Tuner.c ****     uint32 sensorId;
 120:Generated_Source\PSoC4/CapSense_Tuner.c ****     uint32 updateFlag = 0Lu;
 121:Generated_Source\PSoC4/CapSense_Tuner.c ****     CapSense_TU_CMD_ENUM command;
 122:Generated_Source\PSoC4/CapSense_Tuner.c ****     uint32 tunerStatus = CapSense_STATUS_RESTART_NONE;
  71              		.loc 1 122 0
  72 0002 0025     		movs	r5, #0
 120:Generated_Source\PSoC4/CapSense_Tuner.c ****     CapSense_TU_CMD_ENUM command;
  73              		.loc 1 120 0
  74 0004 0026     		movs	r6, #0
  75              	.LVL2:
  76              	.L16:
 123:Generated_Source\PSoC4/CapSense_Tuner.c **** 
 124:Generated_Source\PSoC4/CapSense_Tuner.c ****     volatile CapSense_RAM_STRUCT *ptrDsRam;
 125:Generated_Source\PSoC4/CapSense_Tuner.c ****     volatile CapSense_RAM_SNS_STRUCT *ptrSnsTmp;
 126:Generated_Source\PSoC4/CapSense_Tuner.c **** 
 127:Generated_Source\PSoC4/CapSense_Tuner.c ****     ptrDsRam = &CapSense_dsRam;
 128:Generated_Source\PSoC4/CapSense_Tuner.c **** 
 129:Generated_Source\PSoC4/CapSense_Tuner.c ****     do
 130:Generated_Source\PSoC4/CapSense_Tuner.c ****     {
 131:Generated_Source\PSoC4/CapSense_Tuner.c ****         /* ONE_SCAN command could be interpreted as two commands:
 132:Generated_Source\PSoC4/CapSense_Tuner.c ****         * RESUME till next call of this function and then
 133:Generated_Source\PSoC4/CapSense_Tuner.c ****         * SUSPEND till next command receiving.
 134:Generated_Source\PSoC4/CapSense_Tuner.c ****         */
 135:Generated_Source\PSoC4/CapSense_Tuner.c ****         if (TU_FSM_ONE_SCAN == tunerFsm)
  77              		.loc 1 135 0
  78 0006 3F4B     		ldr	r3, .L18
  79 0008 1B68     		ldr	r3, [r3]
  80 000a 032B     		cmp	r3, #3
  81 000c 06D1     		bne	.L5
 136:Generated_Source\PSoC4/CapSense_Tuner.c ****         {
 137:Generated_Source\PSoC4/CapSense_Tuner.c ****             interruptState = CyEnterCriticalSection();
  82              		.loc 1 137 0
  83 000e FFF7FEFF 		bl	CyEnterCriticalSection
  84              	.LVL3:
 138:Generated_Source\PSoC4/CapSense_Tuner.c ****             ptrDsRam->tunerCmd = (uint16)CapSense_TU_CMD_SUSPEND_E;
  85              		.loc 1 138 0
  86 0012 0122     		movs	r2, #1
  87 0014 3C4B     		ldr	r3, .L18+4
  88 0016 DA80     		strh	r2, [r3, #6]
 139:Generated_Source\PSoC4/CapSense_Tuner.c ****             CyExitCriticalSection(interruptState);
ARM GAS  C:\Users\Erik\AppData\Local\Temp\ccVls21Y.s 			page 5


  89              		.loc 1 139 0
  90 0018 FFF7FEFF 		bl	CyExitCriticalSection
  91              	.LVL4:
  92              	.L5:
 140:Generated_Source\PSoC4/CapSense_Tuner.c ****         }
 141:Generated_Source\PSoC4/CapSense_Tuner.c ****         command = (CapSense_TU_CMD_ENUM)ptrDsRam->tunerCmd;
  93              		.loc 1 141 0
  94 001c 3A4B     		ldr	r3, .L18+4
  95 001e DC88     		ldrh	r4, [r3, #6]
  96 0020 E4B2     		uxtb	r4, r4
  97              	.LVL5:
 142:Generated_Source\PSoC4/CapSense_Tuner.c **** 
 143:Generated_Source\PSoC4/CapSense_Tuner.c ****         /* Check command register */
 144:Generated_Source\PSoC4/CapSense_Tuner.c ****         switch (command)
  98              		.loc 1 144 0
  99 0022 062C     		cmp	r4, #6
 100 0024 23D8     		bhi	.L6
 101 0026 A300     		lsls	r3, r4, #2
 102 0028 384A     		ldr	r2, .L18+8
 103 002a D358     		ldr	r3, [r2, r3]
 104 002c 9F46     		mov	pc, r3
 105              		.section	.rodata
 106              		.align	2
 107              	.L8:
 108 0000 6E000000 		.word	.L6
 109 0004 2E000000 		.word	.L7
 110 0008 38000000 		.word	.L9
 111 000c 42000000 		.word	.L10
 112 0010 52000000 		.word	.L11
 113 0014 5C000000 		.word	.L12
 114 0018 66000000 		.word	.L13
 115              		.section	.text.CapSense_RunTuner
 116              	.L7:
 145:Generated_Source\PSoC4/CapSense_Tuner.c ****         {
 146:Generated_Source\PSoC4/CapSense_Tuner.c ****         case CapSense_TU_CMD_SUSPEND_E:
 147:Generated_Source\PSoC4/CapSense_Tuner.c ****             tunerFsm = TU_FSM_SUSPENDED;
 117              		.loc 1 147 0
 118 002e 0122     		movs	r2, #1
 119 0030 344B     		ldr	r3, .L18
 120 0032 1A60     		str	r2, [r3]
 121              	.LVL6:
 148:Generated_Source\PSoC4/CapSense_Tuner.c ****             updateFlag = 1Lu;
 122              		.loc 1 148 0
 123 0034 0126     		movs	r6, #1
 149:Generated_Source\PSoC4/CapSense_Tuner.c ****             break;
 124              		.loc 1 149 0
 125 0036 1AE0     		b	.L6
 126              	.LVL7:
 127              	.L9:
 150:Generated_Source\PSoC4/CapSense_Tuner.c **** 
 151:Generated_Source\PSoC4/CapSense_Tuner.c ****         case CapSense_TU_CMD_RESUME_E:
 152:Generated_Source\PSoC4/CapSense_Tuner.c ****             tunerFsm = TU_FSM_RUNNING;
 128              		.loc 1 152 0
 129 0038 0022     		movs	r2, #0
 130 003a 324B     		ldr	r3, .L18
 131 003c 1A60     		str	r2, [r3]
 132              	.LVL8:
ARM GAS  C:\Users\Erik\AppData\Local\Temp\ccVls21Y.s 			page 6


 153:Generated_Source\PSoC4/CapSense_Tuner.c ****             updateFlag = 1Lu;
 133              		.loc 1 153 0
 134 003e 0126     		movs	r6, #1
 154:Generated_Source\PSoC4/CapSense_Tuner.c ****             break;
 135              		.loc 1 154 0
 136 0040 15E0     		b	.L6
 137              	.LVL9:
 138              	.L10:
 155:Generated_Source\PSoC4/CapSense_Tuner.c **** 
 156:Generated_Source\PSoC4/CapSense_Tuner.c ****         case CapSense_TU_CMD_RESTART_E:
 157:Generated_Source\PSoC4/CapSense_Tuner.c ****             (void)CapSense_Start();
 139              		.loc 1 157 0
 140 0042 FFF7FEFF 		bl	CapSense_Start
 141              	.LVL10:
 158:Generated_Source\PSoC4/CapSense_Tuner.c ****             tunerStatus = CapSense_STATUS_RESTART_DONE;
 159:Generated_Source\PSoC4/CapSense_Tuner.c ****             tunerFsm = TU_FSM_RUNNING;
 142              		.loc 1 159 0
 143 0046 0022     		movs	r2, #0
 144 0048 2E4B     		ldr	r3, .L18
 145 004a 1A60     		str	r2, [r3]
 146              	.LVL11:
 158:Generated_Source\PSoC4/CapSense_Tuner.c ****             tunerStatus = CapSense_STATUS_RESTART_DONE;
 147              		.loc 1 158 0
 148 004c 0125     		movs	r5, #1
 160:Generated_Source\PSoC4/CapSense_Tuner.c ****             updateFlag = 1Lu;
 149              		.loc 1 160 0
 150 004e 0126     		movs	r6, #1
 161:Generated_Source\PSoC4/CapSense_Tuner.c ****             break;
 151              		.loc 1 161 0
 152 0050 0DE0     		b	.L6
 153              	.LVL12:
 154              	.L11:
 162:Generated_Source\PSoC4/CapSense_Tuner.c **** 
 163:Generated_Source\PSoC4/CapSense_Tuner.c ****         case CapSense_TU_CMD_RUN_SNR_TEST_E:
 164:Generated_Source\PSoC4/CapSense_Tuner.c ****             tunerFsm = TU_FSM_SNR_TEST;
 155              		.loc 1 164 0
 156 0052 0222     		movs	r2, #2
 157 0054 2B4B     		ldr	r3, .L18
 158 0056 1A60     		str	r2, [r3]
 159              	.LVL13:
 165:Generated_Source\PSoC4/CapSense_Tuner.c ****             updateFlag = 1Lu;
 160              		.loc 1 165 0
 161 0058 0126     		movs	r6, #1
 166:Generated_Source\PSoC4/CapSense_Tuner.c ****             break;
 162              		.loc 1 166 0
 163 005a 08E0     		b	.L6
 164              	.LVL14:
 165              	.L12:
 167:Generated_Source\PSoC4/CapSense_Tuner.c **** 
 168:Generated_Source\PSoC4/CapSense_Tuner.c ****         case CapSense_TU_CMD_PING_E:
 169:Generated_Source\PSoC4/CapSense_Tuner.c ****             tunerFsm = TU_FSM_RUNNING;
 166              		.loc 1 169 0
 167 005c 0022     		movs	r2, #0
 168 005e 294B     		ldr	r3, .L18
 169 0060 1A60     		str	r2, [r3]
 170              	.LVL15:
 170:Generated_Source\PSoC4/CapSense_Tuner.c ****             updateFlag = 1Lu;
ARM GAS  C:\Users\Erik\AppData\Local\Temp\ccVls21Y.s 			page 7


 171              		.loc 1 170 0
 172 0062 0126     		movs	r6, #1
 171:Generated_Source\PSoC4/CapSense_Tuner.c ****             break;
 173              		.loc 1 171 0
 174 0064 03E0     		b	.L6
 175              	.LVL16:
 176              	.L13:
 172:Generated_Source\PSoC4/CapSense_Tuner.c **** 
 173:Generated_Source\PSoC4/CapSense_Tuner.c ****         case CapSense_TU_CMD_ONE_SCAN_E:
 174:Generated_Source\PSoC4/CapSense_Tuner.c ****             tunerFsm = TU_FSM_ONE_SCAN;
 177              		.loc 1 174 0
 178 0066 0322     		movs	r2, #3
 179 0068 264B     		ldr	r3, .L18
 180 006a 1A60     		str	r2, [r3]
 181              	.LVL17:
 175:Generated_Source\PSoC4/CapSense_Tuner.c ****             updateFlag = 0Lu;
 182              		.loc 1 175 0
 183 006c 0026     		movs	r6, #0
 184              	.LVL18:
 185              	.L6:
 176:Generated_Source\PSoC4/CapSense_Tuner.c ****             break;
 177:Generated_Source\PSoC4/CapSense_Tuner.c **** 
 178:Generated_Source\PSoC4/CapSense_Tuner.c ****         default:
 179:Generated_Source\PSoC4/CapSense_Tuner.c ****             break;
 180:Generated_Source\PSoC4/CapSense_Tuner.c ****         }
 181:Generated_Source\PSoC4/CapSense_Tuner.c **** 
 182:Generated_Source\PSoC4/CapSense_Tuner.c ****         /* Set Complete flag in command register if needed */
 183:Generated_Source\PSoC4/CapSense_Tuner.c ****         if (0Lu != updateFlag)
 186              		.loc 1 183 0
 187 006e 002E     		cmp	r6, #0
 188 0070 0FD0     		beq	.L14
 184:Generated_Source\PSoC4/CapSense_Tuner.c ****         {
 185:Generated_Source\PSoC4/CapSense_Tuner.c ****             interruptState = CyEnterCriticalSection();
 189              		.loc 1 185 0
 190 0072 FFF7FEFF 		bl	CyEnterCriticalSection
 191              	.LVL19:
 186:Generated_Source\PSoC4/CapSense_Tuner.c **** 
 187:Generated_Source\PSoC4/CapSense_Tuner.c ****             /* Check if command wasn't overwritten with new command */
 188:Generated_Source\PSoC4/CapSense_Tuner.c ****             if (command == (CapSense_TU_CMD_ENUM)ptrDsRam->tunerCmd)
 192              		.loc 1 188 0
 193 0076 244B     		ldr	r3, .L18+4
 194 0078 DB88     		ldrh	r3, [r3, #6]
 195 007a DBB2     		uxtb	r3, r3
 196 007c 9C42     		cmp	r4, r3
 197 007e 05D1     		bne	.L15
 189:Generated_Source\PSoC4/CapSense_Tuner.c ****             {
 190:Generated_Source\PSoC4/CapSense_Tuner.c ****                 ptrDsRam->tunerCmd |= CapSense_TU_CMD_COMPLETE_BIT;
 198              		.loc 1 190 0
 199 0080 214A     		ldr	r2, .L18+4
 200 0082 D188     		ldrh	r1, [r2, #6]
 201 0084 224B     		ldr	r3, .L18+12
 202 0086 0B43     		orrs	r3, r1
 203 0088 9BB2     		uxth	r3, r3
 204 008a D380     		strh	r3, [r2, #6]
 205              	.L15:
 191:Generated_Source\PSoC4/CapSense_Tuner.c ****             }
 192:Generated_Source\PSoC4/CapSense_Tuner.c ****             CyExitCriticalSection(interruptState);
ARM GAS  C:\Users\Erik\AppData\Local\Temp\ccVls21Y.s 			page 8


 206              		.loc 1 192 0
 207 008c FFF7FEFF 		bl	CyExitCriticalSection
 208              	.LVL20:
 193:Generated_Source\PSoC4/CapSense_Tuner.c **** 
 194:Generated_Source\PSoC4/CapSense_Tuner.c ****             updateFlag = 0Lu;
 209              		.loc 1 194 0
 210 0090 0026     		movs	r6, #0
 211              	.LVL21:
 212              	.L14:
 195:Generated_Source\PSoC4/CapSense_Tuner.c ****         }
 196:Generated_Source\PSoC4/CapSense_Tuner.c ****     } while (TU_FSM_SUSPENDED == tunerFsm);
 213              		.loc 1 196 0
 214 0092 1C4B     		ldr	r3, .L18
 215 0094 1B68     		ldr	r3, [r3]
 216 0096 012B     		cmp	r3, #1
 217 0098 B5D0     		beq	.L16
 197:Generated_Source\PSoC4/CapSense_Tuner.c **** 
 198:Generated_Source\PSoC4/CapSense_Tuner.c ****     /* Check for SNR Test mode and do appropriate actions */
 199:Generated_Source\PSoC4/CapSense_Tuner.c ****     if (TU_FSM_SNR_TEST == tunerFsm)
 218              		.loc 1 199 0
 219 009a 022B     		cmp	r3, #2
 220 009c 2FD1     		bne	.L17
 200:Generated_Source\PSoC4/CapSense_Tuner.c ****     {
 201:Generated_Source\PSoC4/CapSense_Tuner.c ****         widgetId = ptrDsRam->snrTestWidgetId;
 221              		.loc 1 201 0
 222 009e 1A4A     		ldr	r2, .L18+4
 223 00a0 7333     		adds	r3, r3, #115
 224 00a2 FF33     		adds	r3, r3, #255
 225 00a4 D35C     		ldrb	r3, [r2, r3]
 226 00a6 DBB2     		uxtb	r3, r3
 227              	.LVL22:
 202:Generated_Source\PSoC4/CapSense_Tuner.c ****         sensorId = ptrDsRam->snrTestSensorId;
 228              		.loc 1 202 0
 229 00a8 7621     		movs	r1, #118
 230 00aa FF31     		adds	r1, r1, #255
 231 00ac 525C     		ldrb	r2, [r2, r1]
 232 00ae D2B2     		uxtb	r2, r2
 233              	.LVL23:
 203:Generated_Source\PSoC4/CapSense_Tuner.c **** 
 204:Generated_Source\PSoC4/CapSense_Tuner.c ****         /* Check if widgetId and sensorId are in range,
 205:Generated_Source\PSoC4/CapSense_Tuner.c ****          * and data was updated in RAM (scan counter changed)
 206:Generated_Source\PSoC4/CapSense_Tuner.c ****          */
 207:Generated_Source\PSoC4/CapSense_Tuner.c ****         if ((widgetId < CapSense_TOTAL_WIDGETS)              &&
 234              		.loc 1 207 0
 235 00b0 002B     		cmp	r3, #0
 236 00b2 24D1     		bne	.L17
 208:Generated_Source\PSoC4/CapSense_Tuner.c ****             (sensorId < CapSense_GET_SENSOR_COUNT(widgetId)) &&
 237              		.loc 1 208 0 discriminator 1
 238 00b4 5901     		lsls	r1, r3, #5
 239 00b6 1748     		ldr	r0, .L18+16
 240 00b8 4118     		adds	r1, r0, r1
 241 00ba 098B     		ldrh	r1, [r1, #24]
 207:Generated_Source\PSoC4/CapSense_Tuner.c ****             (sensorId < CapSense_GET_SENSOR_COUNT(widgetId)) &&
 242              		.loc 1 207 0 discriminator 1
 243 00bc 8A42     		cmp	r2, r1
 244 00be 1ED2     		bcs	.L17
 209:Generated_Source\PSoC4/CapSense_Tuner.c ****             (ptrDsRam->scanCounter != ptrDsRam->snrTestScanCounter))
ARM GAS  C:\Users\Erik\AppData\Local\Temp\ccVls21Y.s 			page 9


 245              		.loc 1 209 0
 246 00c0 1149     		ldr	r1, .L18+4
 247 00c2 0889     		ldrh	r0, [r1, #8]
 248 00c4 80B2     		uxth	r0, r0
 249 00c6 BB24     		movs	r4, #187
 250              	.LVL24:
 251 00c8 6400     		lsls	r4, r4, #1
 252 00ca 095B     		ldrh	r1, [r1, r4]
 253 00cc 89B2     		uxth	r1, r1
 208:Generated_Source\PSoC4/CapSense_Tuner.c ****             (sensorId < CapSense_GET_SENSOR_COUNT(widgetId)) &&
 254              		.loc 1 208 0
 255 00ce 8842     		cmp	r0, r1
 256 00d0 15D0     		beq	.L17
 210:Generated_Source\PSoC4/CapSense_Tuner.c ****         {
 211:Generated_Source\PSoC4/CapSense_Tuner.c ****             /* Get access to the Sensor Object */
 212:Generated_Source\PSoC4/CapSense_Tuner.c ****             ptrSnsTmp = CapSense_dsFlash.wdgtArray[widgetId].ptr2SnsRam;
 257              		.loc 1 212 0
 258 00d2 5B01     		lsls	r3, r3, #5
 259              	.LVL25:
 260 00d4 0F49     		ldr	r1, .L18+16
 261 00d6 CB18     		adds	r3, r1, r3
 262 00d8 9C68     		ldr	r4, [r3, #8]
 263              	.LVL26:
 213:Generated_Source\PSoC4/CapSense_Tuner.c ****             ptrSnsTmp += sensorId;
 264              		.loc 1 213 0
 265 00da 9300     		lsls	r3, r2, #2
 266 00dc 9A18     		adds	r2, r3, r2
 267              	.LVL27:
 268 00de 5300     		lsls	r3, r2, #1
 269 00e0 E418     		adds	r4, r4, r3
 270              	.LVL28:
 214:Generated_Source\PSoC4/CapSense_Tuner.c **** 
 215:Generated_Source\PSoC4/CapSense_Tuner.c ****             /* Update data in SNR Test Object */
 216:Generated_Source\PSoC4/CapSense_Tuner.c ****             interruptState = CyEnterCriticalSection();
 271              		.loc 1 216 0
 272 00e2 FFF7FEFF 		bl	CyEnterCriticalSection
 273              	.LVL29:
 217:Generated_Source\PSoC4/CapSense_Tuner.c ****             ptrDsRam->snrTestScanCounter = ptrDsRam->scanCounter;
 274              		.loc 1 217 0
 275 00e6 084B     		ldr	r3, .L18+4
 276 00e8 1A89     		ldrh	r2, [r3, #8]
 277 00ea 92B2     		uxth	r2, r2
 278 00ec BB21     		movs	r1, #187
 279 00ee 4900     		lsls	r1, r1, #1
 280 00f0 5A52     		strh	r2, [r3, r1]
 218:Generated_Source\PSoC4/CapSense_Tuner.c ****             ptrDsRam->snrTestRawCount[0u] = ptrSnsTmp->raw[0u];
 281              		.loc 1 218 0
 282 00f2 2288     		ldrh	r2, [r4]
 283 00f4 92B2     		uxth	r2, r2
 284 00f6 0231     		adds	r1, r1, #2
 285 00f8 5A52     		strh	r2, [r3, r1]
 219:Generated_Source\PSoC4/CapSense_Tuner.c **** 
 220:Generated_Source\PSoC4/CapSense_Tuner.c ****             #if (0u != CapSense_MULTI_FREQ_SCAN_EN)
 221:Generated_Source\PSoC4/CapSense_Tuner.c ****                 ptrDsRam->snrTestRawCount[1u] = ptrSnsTmp->raw[1u];
 222:Generated_Source\PSoC4/CapSense_Tuner.c ****                 ptrDsRam->snrTestRawCount[2u] = ptrSnsTmp->raw[2u];
 223:Generated_Source\PSoC4/CapSense_Tuner.c ****             #endif
 224:Generated_Source\PSoC4/CapSense_Tuner.c **** 
ARM GAS  C:\Users\Erik\AppData\Local\Temp\ccVls21Y.s 			page 10


 225:Generated_Source\PSoC4/CapSense_Tuner.c ****             CyExitCriticalSection(interruptState);
 286              		.loc 1 225 0
 287 00fa FFF7FEFF 		bl	CyExitCriticalSection
 288              	.LVL30:
 289              	.L17:
 226:Generated_Source\PSoC4/CapSense_Tuner.c ****         }
 227:Generated_Source\PSoC4/CapSense_Tuner.c ****     }
 228:Generated_Source\PSoC4/CapSense_Tuner.c ****     return tunerStatus;
 229:Generated_Source\PSoC4/CapSense_Tuner.c **** }
 290              		.loc 1 229 0
 291 00fe 2800     		movs	r0, r5
 292              		@ sp needed
 293              	.LVL31:
 294              	.LVL32:
 295 0100 70BD     		pop	{r4, r5, r6, pc}
 296              	.L19:
 297 0102 C046     		.align	2
 298              	.L18:
 299 0104 00000000 		.word	.LANCHOR0
 300 0108 00000000 		.word	CapSense_dsRam
 301 010c 00000000 		.word	.L8
 302 0110 0080FFFF 		.word	-32768
 303 0114 00000000 		.word	CapSense_dsFlash
 304              		.cfi_endproc
 305              	.LFE2:
 306              		.size	CapSense_RunTuner, .-CapSense_RunTuner
 307              		.bss
 308              		.align	2
 309              		.set	.LANCHOR0,. + 0
 310              		.type	tunerFsm, %object
 311              		.size	tunerFsm, 4
 312              	tunerFsm:
 313 0000 00000000 		.space	4
 314              		.text
 315              	.Letext0:
 316              		.file 2 "Generated_Source\\PSoC4\\cytypes.h"
 317              		.file 3 "Generated_Source\\PSoC4\\CapSense_Configuration.h"
 318              		.file 4 "Generated_Source\\PSoC4\\CapSense_SmartSense_LL.h"
 319              		.file 5 "Generated_Source\\PSoC4\\CapSense_Structure.h"
 320              		.file 6 "Generated_Source\\PSoC4\\CapSense_Tuner.h"
 321              		.file 7 "Generated_Source\\PSoC4\\CyLib.h"
 322              		.file 8 "Generated_Source\\PSoC4\\CapSense_Control.h"
 323              		.section	.debug_info,"",%progbits
 324              	.Ldebug_info0:
 325 0000 7C060000 		.4byte	0x67c
 326 0004 0400     		.2byte	0x4
 327 0006 00000000 		.4byte	.Ldebug_abbrev0
 328 000a 04       		.byte	0x4
 329 000b 01       		.uleb128 0x1
 330 000c 06020000 		.4byte	.LASF105
 331 0010 0C       		.byte	0xc
 332 0011 23030000 		.4byte	.LASF106
 333 0015 DC000000 		.4byte	.LASF107
 334 0019 00000000 		.4byte	.Ldebug_ranges0+0
 335 001d 00000000 		.4byte	0
 336 0021 00000000 		.4byte	.Ldebug_line0
 337 0025 02       		.uleb128 0x2
ARM GAS  C:\Users\Erik\AppData\Local\Temp\ccVls21Y.s 			page 11


 338 0026 01       		.byte	0x1
 339 0027 06       		.byte	0x6
 340 0028 05040000 		.4byte	.LASF0
 341 002c 02       		.uleb128 0x2
 342 002d 01       		.byte	0x1
 343 002e 08       		.byte	0x8
 344 002f DF030000 		.4byte	.LASF1
 345 0033 02       		.uleb128 0x2
 346 0034 02       		.byte	0x2
 347 0035 05       		.byte	0x5
 348 0036 E4010000 		.4byte	.LASF2
 349 003a 02       		.uleb128 0x2
 350 003b 02       		.byte	0x2
 351 003c 07       		.byte	0x7
 352 003d 0D050000 		.4byte	.LASF3
 353 0041 02       		.uleb128 0x2
 354 0042 04       		.byte	0x4
 355 0043 05       		.byte	0x5
 356 0044 11030000 		.4byte	.LASF4
 357 0048 02       		.uleb128 0x2
 358 0049 04       		.byte	0x4
 359 004a 07       		.byte	0x7
 360 004b 6E040000 		.4byte	.LASF5
 361 004f 02       		.uleb128 0x2
 362 0050 08       		.byte	0x8
 363 0051 05       		.byte	0x5
 364 0052 96010000 		.4byte	.LASF6
 365 0056 02       		.uleb128 0x2
 366 0057 08       		.byte	0x8
 367 0058 07       		.byte	0x7
 368 0059 2E040000 		.4byte	.LASF7
 369 005d 03       		.uleb128 0x3
 370 005e 04       		.byte	0x4
 371 005f 05       		.byte	0x5
 372 0060 696E7400 		.ascii	"int\000"
 373 0064 02       		.uleb128 0x2
 374 0065 04       		.byte	0x4
 375 0066 07       		.byte	0x7
 376 0067 61040000 		.4byte	.LASF8
 377 006b 04       		.uleb128 0x4
 378 006c B6020000 		.4byte	.LASF9
 379 0070 02       		.byte	0x2
 380 0071 F701     		.2byte	0x1f7
 381 0073 2C000000 		.4byte	0x2c
 382 0077 04       		.uleb128 0x4
 383 0078 FF010000 		.4byte	.LASF10
 384 007c 02       		.byte	0x2
 385 007d F801     		.2byte	0x1f8
 386 007f 3A000000 		.4byte	0x3a
 387 0083 04       		.uleb128 0x4
 388 0084 71050000 		.4byte	.LASF11
 389 0088 02       		.byte	0x2
 390 0089 F901     		.2byte	0x1f9
 391 008b 48000000 		.4byte	0x48
 392 008f 02       		.uleb128 0x2
 393 0090 04       		.byte	0x4
 394 0091 04       		.byte	0x4
ARM GAS  C:\Users\Erik\AppData\Local\Temp\ccVls21Y.s 			page 12


 395 0092 C3020000 		.4byte	.LASF12
 396 0096 02       		.uleb128 0x2
 397 0097 08       		.byte	0x8
 398 0098 04       		.byte	0x4
 399 0099 8C050000 		.4byte	.LASF13
 400 009d 02       		.uleb128 0x2
 401 009e 01       		.byte	0x1
 402 009f 08       		.byte	0x8
 403 00a0 0C030000 		.4byte	.LASF14
 404 00a4 05       		.uleb128 0x5
 405 00a5 83000000 		.4byte	0x83
 406 00a9 02       		.uleb128 0x2
 407 00aa 08       		.byte	0x8
 408 00ab 04       		.byte	0x4
 409 00ac A7030000 		.4byte	.LASF15
 410 00b0 02       		.uleb128 0x2
 411 00b1 04       		.byte	0x4
 412 00b2 07       		.byte	0x7
 413 00b3 3D010000 		.4byte	.LASF16
 414 00b7 06       		.uleb128 0x6
 415 00b8 04       		.byte	0x4
 416 00b9 04       		.uleb128 0x4
 417 00ba ED030000 		.4byte	.LASF17
 418 00be 03       		.byte	0x3
 419 00bf 3D01     		.2byte	0x13d
 420 00c1 77000000 		.4byte	0x77
 421 00c5 04       		.uleb128 0x4
 422 00c6 C4040000 		.4byte	.LASF18
 423 00ca 03       		.byte	0x3
 424 00cb 4101     		.2byte	0x141
 425 00cd 6B000000 		.4byte	0x6b
 426 00d1 07       		.uleb128 0x7
 427 00d2 0C       		.byte	0xc
 428 00d3 04       		.byte	0x4
 429 00d4 75       		.byte	0x75
 430 00d5 2E010000 		.4byte	0x12e
 431 00d9 08       		.uleb128 0x8
 432 00da A4010000 		.4byte	.LASF19
 433 00de 04       		.byte	0x4
 434 00df 7A       		.byte	0x7a
 435 00e0 77000000 		.4byte	0x77
 436 00e4 00       		.byte	0
 437 00e5 08       		.uleb128 0x8
 438 00e6 8B040000 		.4byte	.LASF20
 439 00ea 04       		.byte	0x4
 440 00eb 7E       		.byte	0x7e
 441 00ec 77000000 		.4byte	0x77
 442 00f0 02       		.byte	0x2
 443 00f1 08       		.uleb128 0x8
 444 00f2 B8010000 		.4byte	.LASF21
 445 00f6 04       		.byte	0x4
 446 00f7 82       		.byte	0x82
 447 00f8 77000000 		.4byte	0x77
 448 00fc 04       		.byte	0x4
 449 00fd 08       		.uleb128 0x8
 450 00fe BF010000 		.4byte	.LASF22
 451 0102 04       		.byte	0x4
ARM GAS  C:\Users\Erik\AppData\Local\Temp\ccVls21Y.s 			page 13


 452 0103 86       		.byte	0x86
 453 0104 77000000 		.4byte	0x77
 454 0108 06       		.byte	0x6
 455 0109 08       		.uleb128 0x8
 456 010a 90030000 		.4byte	.LASF23
 457 010e 04       		.byte	0x4
 458 010f 8A       		.byte	0x8a
 459 0110 77000000 		.4byte	0x77
 460 0114 08       		.byte	0x8
 461 0115 08       		.uleb128 0x8
 462 0116 DD010000 		.4byte	.LASF24
 463 011a 04       		.byte	0x4
 464 011b 8E       		.byte	0x8e
 465 011c 6B000000 		.4byte	0x6b
 466 0120 0A       		.byte	0xa
 467 0121 08       		.uleb128 0x8
 468 0122 70000000 		.4byte	.LASF25
 469 0126 04       		.byte	0x4
 470 0127 92       		.byte	0x92
 471 0128 6B000000 		.4byte	0x6b
 472 012c 0B       		.byte	0xb
 473 012d 00       		.byte	0
 474 012e 09       		.uleb128 0x9
 475 012f 4C060000 		.4byte	.LASF26
 476 0133 04       		.byte	0x4
 477 0134 93       		.byte	0x93
 478 0135 D1000000 		.4byte	0xd1
 479 0139 0A       		.uleb128 0xa
 480 013a 6B000000 		.4byte	0x6b
 481 013e 49010000 		.4byte	0x149
 482 0142 0B       		.uleb128 0xb
 483 0143 B0000000 		.4byte	0xb0
 484 0147 00       		.byte	0
 485 0148 00       		.byte	0
 486 0149 07       		.uleb128 0x7
 487 014a 14       		.byte	0x14
 488 014b 05       		.byte	0x5
 489 014c FE       		.byte	0xfe
 490 014d FB010000 		.4byte	0x1fb
 491 0151 0C       		.uleb128 0xc
 492 0152 02050000 		.4byte	.LASF27
 493 0156 05       		.byte	0x5
 494 0157 0301     		.2byte	0x103
 495 0159 77000000 		.4byte	0x77
 496 015d 00       		.byte	0
 497 015e 0C       		.uleb128 0xc
 498 015f 4B030000 		.4byte	.LASF28
 499 0163 05       		.byte	0x5
 500 0164 0801     		.2byte	0x108
 501 0166 B9000000 		.4byte	0xb9
 502 016a 02       		.byte	0x2
 503 016b 0C       		.uleb128 0xc
 504 016c EE010000 		.4byte	.LASF29
 505 0170 05       		.byte	0x5
 506 0171 0D01     		.2byte	0x10d
 507 0173 6B000000 		.4byte	0x6b
 508 0177 04       		.byte	0x4
ARM GAS  C:\Users\Erik\AppData\Local\Temp\ccVls21Y.s 			page 14


 509 0178 0C       		.uleb128 0xc
 510 0179 3E050000 		.4byte	.LASF30
 511 017d 05       		.byte	0x5
 512 017e 1201     		.2byte	0x112
 513 0180 6B000000 		.4byte	0x6b
 514 0184 05       		.byte	0x5
 515 0185 0C       		.uleb128 0xc
 516 0186 85030000 		.4byte	.LASF31
 517 018a 05       		.byte	0x5
 518 018b 1801     		.2byte	0x118
 519 018d 6B000000 		.4byte	0x6b
 520 0191 06       		.byte	0x6
 521 0192 0C       		.uleb128 0xc
 522 0193 32010000 		.4byte	.LASF32
 523 0197 05       		.byte	0x5
 524 0198 1E01     		.2byte	0x11e
 525 019a 6B000000 		.4byte	0x6b
 526 019e 07       		.byte	0x7
 527 019f 0C       		.uleb128 0xc
 528 01a0 8C000000 		.4byte	.LASF33
 529 01a4 05       		.byte	0x5
 530 01a5 2501     		.2byte	0x125
 531 01a7 C5000000 		.4byte	0xc5
 532 01ab 08       		.byte	0x8
 533 01ac 0C       		.uleb128 0xc
 534 01ad D4000000 		.4byte	.LASF34
 535 01b1 05       		.byte	0x5
 536 01b2 2C01     		.2byte	0x12c
 537 01b4 39010000 		.4byte	0x139
 538 01b8 09       		.byte	0x9
 539 01b9 0C       		.uleb128 0xc
 540 01ba 62000000 		.4byte	.LASF35
 541 01be 05       		.byte	0x5
 542 01bf 3101     		.2byte	0x131
 543 01c1 6B000000 		.4byte	0x6b
 544 01c5 0A       		.byte	0xa
 545 01c6 0C       		.uleb128 0xc
 546 01c7 BC020000 		.4byte	.LASF36
 547 01cb 05       		.byte	0x5
 548 01cc 3901     		.2byte	0x139
 549 01ce 77000000 		.4byte	0x77
 550 01d2 0C       		.byte	0xc
 551 01d3 0C       		.uleb128 0xc
 552 01d4 AB010000 		.4byte	.LASF37
 553 01d8 05       		.byte	0x5
 554 01d9 3E01     		.2byte	0x13e
 555 01db 6B000000 		.4byte	0x6b
 556 01df 0E       		.byte	0xe
 557 01e0 0C       		.uleb128 0xc
 558 01e1 21060000 		.4byte	.LASF38
 559 01e5 05       		.byte	0x5
 560 01e6 4401     		.2byte	0x144
 561 01e8 77000000 		.4byte	0x77
 562 01ec 10       		.byte	0x10
 563 01ed 0C       		.uleb128 0xc
 564 01ee 6A050000 		.4byte	.LASF39
 565 01f2 05       		.byte	0x5
ARM GAS  C:\Users\Erik\AppData\Local\Temp\ccVls21Y.s 			page 15


 566 01f3 4901     		.2byte	0x149
 567 01f5 77000000 		.4byte	0x77
 568 01f9 12       		.byte	0x12
 569 01fa 00       		.byte	0
 570 01fb 04       		.uleb128 0x4
 571 01fc 14010000 		.4byte	.LASF40
 572 0200 05       		.byte	0x5
 573 0201 4A01     		.2byte	0x14a
 574 0203 49010000 		.4byte	0x149
 575 0207 0D       		.uleb128 0xd
 576 0208 14       		.byte	0x14
 577 0209 05       		.byte	0x5
 578 020a 5001     		.2byte	0x150
 579 020c 1E020000 		.4byte	0x21e
 580 0210 0C       		.uleb128 0xc
 581 0211 97030000 		.4byte	.LASF41
 582 0215 05       		.byte	0x5
 583 0216 5501     		.2byte	0x155
 584 0218 FB010000 		.4byte	0x1fb
 585 021c 00       		.byte	0
 586 021d 00       		.byte	0
 587 021e 04       		.uleb128 0x4
 588 021f C9020000 		.4byte	.LASF42
 589 0223 05       		.byte	0x5
 590 0224 5601     		.2byte	0x156
 591 0226 07020000 		.4byte	0x207
 592 022a 0D       		.uleb128 0xd
 593 022b 0A       		.byte	0xa
 594 022c 05       		.byte	0x5
 595 022d 5C01     		.2byte	0x15c
 596 022f 82020000 		.4byte	0x282
 597 0233 0E       		.uleb128 0xe
 598 0234 72617700 		.ascii	"raw\000"
 599 0238 05       		.byte	0x5
 600 0239 6101     		.2byte	0x161
 601 023b 82020000 		.4byte	0x282
 602 023f 00       		.byte	0
 603 0240 0C       		.uleb128 0xc
 604 0241 54000000 		.4byte	.LASF43
 605 0245 05       		.byte	0x5
 606 0246 6601     		.2byte	0x166
 607 0248 82020000 		.4byte	0x282
 608 024c 02       		.byte	0x2
 609 024d 0C       		.uleb128 0xc
 610 024e 93050000 		.4byte	.LASF44
 611 0252 05       		.byte	0x5
 612 0253 6C01     		.2byte	0x16c
 613 0255 39010000 		.4byte	0x139
 614 0259 04       		.byte	0x4
 615 025a 0C       		.uleb128 0xc
 616 025b 8F060000 		.4byte	.LASF45
 617 025f 05       		.byte	0x5
 618 0260 7101     		.2byte	0x171
 619 0262 B9000000 		.4byte	0xb9
 620 0266 06       		.byte	0x6
 621 0267 0C       		.uleb128 0xc
 622 0268 54030000 		.4byte	.LASF46
ARM GAS  C:\Users\Erik\AppData\Local\Temp\ccVls21Y.s 			page 16


 623 026c 05       		.byte	0x5
 624 026d 7601     		.2byte	0x176
 625 026f 92020000 		.4byte	0x292
 626 0273 08       		.byte	0x8
 627 0274 0C       		.uleb128 0xc
 628 0275 82010000 		.4byte	.LASF47
 629 0279 05       		.byte	0x5
 630 027a 7B01     		.2byte	0x17b
 631 027c 39010000 		.4byte	0x139
 632 0280 09       		.byte	0x9
 633 0281 00       		.byte	0
 634 0282 0A       		.uleb128 0xa
 635 0283 77000000 		.4byte	0x77
 636 0287 92020000 		.4byte	0x292
 637 028b 0B       		.uleb128 0xb
 638 028c B0000000 		.4byte	0xb0
 639 0290 00       		.byte	0
 640 0291 00       		.byte	0
 641 0292 0A       		.uleb128 0xa
 642 0293 C5000000 		.4byte	0xc5
 643 0297 A2020000 		.4byte	0x2a2
 644 029b 0B       		.uleb128 0xb
 645 029c B0000000 		.4byte	0xb0
 646 02a0 00       		.byte	0
 647 02a1 00       		.byte	0
 648 02a2 04       		.uleb128 0x4
 649 02a3 AC040000 		.4byte	.LASF48
 650 02a7 05       		.byte	0x5
 651 02a8 7C01     		.2byte	0x17c
 652 02aa 2A020000 		.4byte	0x22a
 653 02ae 0F       		.uleb128 0xf
 654 02af 4001     		.2byte	0x140
 655 02b1 05       		.byte	0x5
 656 02b2 8201     		.2byte	0x182
 657 02b4 C6020000 		.4byte	0x2c6
 658 02b8 0C       		.uleb128 0xc
 659 02b9 97030000 		.4byte	.LASF41
 660 02bd 05       		.byte	0x5
 661 02be 8701     		.2byte	0x187
 662 02c0 C6020000 		.4byte	0x2c6
 663 02c4 00       		.byte	0
 664 02c5 00       		.byte	0
 665 02c6 0A       		.uleb128 0xa
 666 02c7 A2020000 		.4byte	0x2a2
 667 02cb D6020000 		.4byte	0x2d6
 668 02cf 0B       		.uleb128 0xb
 669 02d0 B0000000 		.4byte	0xb0
 670 02d4 1F       		.byte	0x1f
 671 02d5 00       		.byte	0
 672 02d6 04       		.uleb128 0x4
 673 02d7 11040000 		.4byte	.LASF49
 674 02db 05       		.byte	0x5
 675 02dc 8801     		.2byte	0x188
 676 02de AE020000 		.4byte	0x2ae
 677 02e2 0F       		.uleb128 0xf
 678 02e3 7C01     		.2byte	0x17c
 679 02e5 05       		.byte	0x5
ARM GAS  C:\Users\Erik\AppData\Local\Temp\ccVls21Y.s 			page 17


 680 02e6 8E01     		.2byte	0x18e
 681 02e8 EA030000 		.4byte	0x3ea
 682 02ec 0C       		.uleb128 0xc
 683 02ed 79010000 		.4byte	.LASF50
 684 02f1 05       		.byte	0x5
 685 02f2 9501     		.2byte	0x195
 686 02f4 77000000 		.4byte	0x77
 687 02f8 00       		.byte	0
 688 02f9 0C       		.uleb128 0xc
 689 02fa F6010000 		.4byte	.LASF51
 690 02fe 05       		.byte	0x5
 691 02ff 9A01     		.2byte	0x19a
 692 0301 77000000 		.4byte	0x77
 693 0305 02       		.byte	0x2
 694 0306 0C       		.uleb128 0xc
 695 0307 C3050000 		.4byte	.LASF52
 696 030b 05       		.byte	0x5
 697 030c 9F01     		.2byte	0x19f
 698 030e 77000000 		.4byte	0x77
 699 0312 04       		.byte	0x4
 700 0313 0C       		.uleb128 0xc
 701 0314 9E030000 		.4byte	.LASF53
 702 0318 05       		.byte	0x5
 703 0319 A501     		.2byte	0x1a5
 704 031b 77000000 		.4byte	0x77
 705 031f 06       		.byte	0x6
 706 0320 0C       		.uleb128 0xc
 707 0321 32050000 		.4byte	.LASF54
 708 0325 05       		.byte	0x5
 709 0326 AA01     		.2byte	0x1aa
 710 0328 77000000 		.4byte	0x77
 711 032c 08       		.byte	0x8
 712 032d 0C       		.uleb128 0xc
 713 032e DF040000 		.4byte	.LASF55
 714 0332 05       		.byte	0x5
 715 0333 AF01     		.2byte	0x1af
 716 0335 A4000000 		.4byte	0xa4
 717 0339 0C       		.byte	0xc
 718 033a 0C       		.uleb128 0xc
 719 033b 80040000 		.4byte	.LASF56
 720 033f 05       		.byte	0x5
 721 0340 B501     		.2byte	0x1b5
 722 0342 EA030000 		.4byte	0x3ea
 723 0346 10       		.byte	0x10
 724 0347 0C       		.uleb128 0xc
 725 0348 B3030000 		.4byte	.LASF57
 726 034c 05       		.byte	0x5
 727 034d BC01     		.2byte	0x1bc
 728 034f EA030000 		.4byte	0x3ea
 729 0353 14       		.byte	0x14
 730 0354 0C       		.uleb128 0xc
 731 0355 7D060000 		.4byte	.LASF58
 732 0359 05       		.byte	0x5
 733 035a CC01     		.2byte	0x1cc
 734 035c EA030000 		.4byte	0x3ea
 735 0360 18       		.byte	0x18
 736 0361 0C       		.uleb128 0xc
ARM GAS  C:\Users\Erik\AppData\Local\Temp\ccVls21Y.s 			page 18


 737 0362 8B010000 		.4byte	.LASF59
 738 0366 05       		.byte	0x5
 739 0367 D201     		.2byte	0x1d2
 740 0369 77000000 		.4byte	0x77
 741 036d 1C       		.byte	0x1c
 742 036e 0C       		.uleb128 0xc
 743 036f 28050000 		.4byte	.LASF60
 744 0373 05       		.byte	0x5
 745 0374 D701     		.2byte	0x1d7
 746 0376 6B000000 		.4byte	0x6b
 747 037a 1E       		.byte	0x1e
 748 037b 0C       		.uleb128 0xc
 749 037c 16000000 		.4byte	.LASF61
 750 0380 05       		.byte	0x5
 751 0381 DC01     		.2byte	0x1dc
 752 0383 1E020000 		.4byte	0x21e
 753 0387 20       		.byte	0x20
 754 0388 0C       		.uleb128 0xc
 755 0389 20050000 		.4byte	.LASF62
 756 038d 05       		.byte	0x5
 757 038e E101     		.2byte	0x1e1
 758 0390 D6020000 		.4byte	0x2d6
 759 0394 34       		.byte	0x34
 760 0395 10       		.uleb128 0x10
 761 0396 3C060000 		.4byte	.LASF63
 762 039a 05       		.byte	0x5
 763 039b E601     		.2byte	0x1e6
 764 039d 6B000000 		.4byte	0x6b
 765 03a1 7401     		.2byte	0x174
 766 03a3 10       		.uleb128 0x10
 767 03a4 E5020000 		.4byte	.LASF64
 768 03a8 05       		.byte	0x5
 769 03a9 EB01     		.2byte	0x1eb
 770 03ab 6B000000 		.4byte	0x6b
 771 03af 7501     		.2byte	0x175
 772 03b1 10       		.uleb128 0x10
 773 03b2 EF040000 		.4byte	.LASF65
 774 03b6 05       		.byte	0x5
 775 03b7 F001     		.2byte	0x1f0
 776 03b9 77000000 		.4byte	0x77
 777 03bd 7601     		.2byte	0x176
 778 03bf 10       		.uleb128 0x10
 779 03c0 1F000000 		.4byte	.LASF66
 780 03c4 05       		.byte	0x5
 781 03c5 F501     		.2byte	0x1f5
 782 03c7 82020000 		.4byte	0x282
 783 03cb 7801     		.2byte	0x178
 784 03cd 10       		.uleb128 0x10
 785 03ce 78050000 		.4byte	.LASF67
 786 03d2 05       		.byte	0x5
 787 03d3 FA01     		.2byte	0x1fa
 788 03d5 6B000000 		.4byte	0x6b
 789 03d9 7A01     		.2byte	0x17a
 790 03db 10       		.uleb128 0x10
 791 03dc 2F000000 		.4byte	.LASF68
 792 03e0 05       		.byte	0x5
 793 03e1 FF01     		.2byte	0x1ff
ARM GAS  C:\Users\Erik\AppData\Local\Temp\ccVls21Y.s 			page 19


 794 03e3 6B000000 		.4byte	0x6b
 795 03e7 7B01     		.2byte	0x17b
 796 03e9 00       		.byte	0
 797 03ea 0A       		.uleb128 0xa
 798 03eb 83000000 		.4byte	0x83
 799 03ef FA030000 		.4byte	0x3fa
 800 03f3 0B       		.uleb128 0xb
 801 03f4 B0000000 		.4byte	0xb0
 802 03f8 00       		.byte	0
 803 03f9 00       		.byte	0
 804 03fa 04       		.uleb128 0x4
 805 03fb 56050000 		.4byte	.LASF69
 806 03ff 05       		.byte	0x5
 807 0400 0002     		.2byte	0x200
 808 0402 E2020000 		.4byte	0x2e2
 809 0406 0D       		.uleb128 0xd
 810 0407 20       		.byte	0x20
 811 0408 05       		.byte	0x5
 812 0409 6702     		.2byte	0x267
 813 040b 92040000 		.4byte	0x492
 814 040f 0C       		.uleb128 0xc
 815 0410 FA050000 		.4byte	.LASF70
 816 0414 05       		.byte	0x5
 817 0415 7002     		.2byte	0x270
 818 0417 92040000 		.4byte	0x492
 819 041b 00       		.byte	0
 820 041c 0C       		.uleb128 0xc
 821 041d 62030000 		.4byte	.LASF71
 822 0421 05       		.byte	0x5
 823 0422 7702     		.2byte	0x277
 824 0424 B7000000 		.4byte	0xb7
 825 0428 04       		.byte	0x4
 826 0429 0C       		.uleb128 0xc
 827 042a EF050000 		.4byte	.LASF72
 828 042e 05       		.byte	0x5
 829 042f 7D02     		.2byte	0x27d
 830 0431 99040000 		.4byte	0x499
 831 0435 08       		.byte	0x8
 832 0436 0C       		.uleb128 0xc
 833 0437 07060000 		.4byte	.LASF73
 834 043b 05       		.byte	0x5
 835 043c 8302     		.2byte	0x283
 836 043e B7000000 		.4byte	0xb7
 837 0442 0C       		.byte	0xc
 838 0443 0C       		.uleb128 0xc
 839 0444 A6020000 		.4byte	.LASF74
 840 0448 05       		.byte	0x5
 841 0449 8A02     		.2byte	0x28a
 842 044b 9F040000 		.4byte	0x49f
 843 044f 10       		.byte	0x10
 844 0450 0C       		.uleb128 0xc
 845 0451 45040000 		.4byte	.LASF75
 846 0455 05       		.byte	0x5
 847 0456 8F02     		.2byte	0x28f
 848 0458 83000000 		.4byte	0x83
 849 045c 14       		.byte	0x14
 850 045d 0C       		.uleb128 0xc
ARM GAS  C:\Users\Erik\AppData\Local\Temp\ccVls21Y.s 			page 20


 851 045e AD000000 		.4byte	.LASF76
 852 0462 05       		.byte	0x5
 853 0463 9602     		.2byte	0x296
 854 0465 77000000 		.4byte	0x77
 855 0469 18       		.byte	0x18
 856 046a 0C       		.uleb128 0xc
 857 046b 1A030000 		.4byte	.LASF77
 858 046f 05       		.byte	0x5
 859 0470 9D02     		.2byte	0x29d
 860 0472 6B000000 		.4byte	0x6b
 861 0476 1A       		.byte	0x1a
 862 0477 0C       		.uleb128 0xc
 863 0478 7D030000 		.4byte	.LASF78
 864 047c 05       		.byte	0x5
 865 047d A702     		.2byte	0x2a7
 866 047f 6B000000 		.4byte	0x6b
 867 0483 1B       		.byte	0x1b
 868 0484 0C       		.uleb128 0xc
 869 0485 94060000 		.4byte	.LASF79
 870 0489 05       		.byte	0x5
 871 048a AF02     		.2byte	0x2af
 872 048c A5040000 		.4byte	0x4a5
 873 0490 1C       		.byte	0x1c
 874 0491 00       		.byte	0
 875 0492 11       		.uleb128 0x11
 876 0493 04       		.byte	0x4
 877 0494 98040000 		.4byte	0x498
 878 0498 12       		.uleb128 0x12
 879 0499 11       		.uleb128 0x11
 880 049a 04       		.byte	0x4
 881 049b A2020000 		.4byte	0x2a2
 882 049f 11       		.uleb128 0x11
 883 04a0 04       		.byte	0x4
 884 04a1 6B000000 		.4byte	0x6b
 885 04a5 11       		.uleb128 0x11
 886 04a6 04       		.byte	0x4
 887 04a7 2E010000 		.4byte	0x12e
 888 04ab 04       		.uleb128 0x4
 889 04ac 60010000 		.4byte	.LASF80
 890 04b0 05       		.byte	0x5
 891 04b1 B002     		.2byte	0x2b0
 892 04b3 06040000 		.4byte	0x406
 893 04b7 0D       		.uleb128 0xd
 894 04b8 20       		.byte	0x20
 895 04b9 05       		.byte	0x5
 896 04ba B602     		.2byte	0x2b6
 897 04bc CE040000 		.4byte	0x4ce
 898 04c0 0C       		.uleb128 0xc
 899 04c1 17060000 		.4byte	.LASF81
 900 04c5 05       		.byte	0x5
 901 04c6 BB02     		.2byte	0x2bb
 902 04c8 CE040000 		.4byte	0x4ce
 903 04cc 00       		.byte	0
 904 04cd 00       		.byte	0
 905 04ce 0A       		.uleb128 0xa
 906 04cf AB040000 		.4byte	0x4ab
 907 04d3 DE040000 		.4byte	0x4de
ARM GAS  C:\Users\Erik\AppData\Local\Temp\ccVls21Y.s 			page 21


 908 04d7 0B       		.uleb128 0xb
 909 04d8 B0000000 		.4byte	0xb0
 910 04dc 00       		.byte	0
 911 04dd 00       		.byte	0
 912 04de 04       		.uleb128 0x4
 913 04df 00000000 		.4byte	.LASF82
 914 04e3 05       		.byte	0x5
 915 04e4 BC02     		.2byte	0x2bc
 916 04e6 B7040000 		.4byte	0x4b7
 917 04ea 13       		.uleb128 0x13
 918 04eb 01       		.byte	0x1
 919 04ec 2C000000 		.4byte	0x2c
 920 04f0 06       		.byte	0x6
 921 04f1 2E       		.byte	0x2e
 922 04f2 21050000 		.4byte	0x521
 923 04f6 14       		.uleb128 0x14
 924 04f7 C6010000 		.4byte	.LASF83
 925 04fb 00       		.byte	0
 926 04fc 14       		.uleb128 0x14
 927 04fd 92040000 		.4byte	.LASF84
 928 0501 01       		.byte	0x1
 929 0502 14       		.uleb128 0x14
 930 0503 D6050000 		.4byte	.LASF85
 931 0507 02       		.byte	0x2
 932 0508 14       		.uleb128 0x14
 933 0509 46010000 		.4byte	.LASF86
 934 050d 03       		.byte	0x3
 935 050e 14       		.uleb128 0x14
 936 050f 9B050000 		.4byte	.LASF87
 937 0513 04       		.byte	0x4
 938 0514 14       		.uleb128 0x14
 939 0515 F5020000 		.4byte	.LASF88
 940 0519 05       		.byte	0x5
 941 051a 14       		.uleb128 0x14
 942 051b B9000000 		.4byte	.LASF89
 943 051f 06       		.byte	0x6
 944 0520 00       		.byte	0
 945 0521 09       		.uleb128 0x9
 946 0522 77000000 		.4byte	.LASF90
 947 0526 06       		.byte	0x6
 948 0527 36       		.byte	0x36
 949 0528 EA040000 		.4byte	0x4ea
 950 052c 15       		.uleb128 0x15
 951 052d 3E000000 		.4byte	.LASF108
 952 0531 01       		.byte	0x1
 953 0532 44       		.byte	0x44
 954 0533 00000000 		.4byte	.LFB1
 955 0537 14000000 		.4byte	.LFE1-.LFB1
 956 053b 01       		.uleb128 0x1
 957 053c 9C       		.byte	0x9c
 958 053d 4D050000 		.4byte	0x54d
 959 0541 16       		.uleb128 0x16
 960 0542 BA050000 		.4byte	.LASF97
 961 0546 01       		.byte	0x1
 962 0547 46       		.byte	0x46
 963 0548 4D050000 		.4byte	0x54d
 964 054c 00       		.byte	0
ARM GAS  C:\Users\Erik\AppData\Local\Temp\ccVls21Y.s 			page 22


 965 054d 11       		.uleb128 0x11
 966 054e 04       		.byte	0x4
 967 054f 53050000 		.4byte	0x553
 968 0553 05       		.uleb128 0x5
 969 0554 FA030000 		.4byte	0x3fa
 970 0558 17       		.uleb128 0x17
 971 0559 94020000 		.4byte	.LASF109
 972 055d 01       		.byte	0x1
 973 055e 73       		.byte	0x73
 974 055f 83000000 		.4byte	0x83
 975 0563 00000000 		.4byte	.LFB2
 976 0567 18010000 		.4byte	.LFE2-.LFB2
 977 056b 01       		.uleb128 0x1
 978 056c 9C       		.byte	0x9c
 979 056d 25060000 		.4byte	0x625
 980 0571 18       		.uleb128 0x18
 981 0572 47050000 		.4byte	.LASF91
 982 0576 01       		.byte	0x1
 983 0577 75       		.byte	0x75
 984 0578 6B000000 		.4byte	0x6b
 985 057c 00000000 		.4byte	.LLST0
 986 0580 18       		.uleb128 0x18
 987 0581 E6040000 		.4byte	.LASF92
 988 0585 01       		.byte	0x1
 989 0586 76       		.byte	0x76
 990 0587 83000000 		.4byte	0x83
 991 058b 29000000 		.4byte	.LLST1
 992 058f 18       		.uleb128 0x18
 993 0590 59000000 		.4byte	.LASF93
 994 0594 01       		.byte	0x1
 995 0595 77       		.byte	0x77
 996 0596 83000000 		.4byte	0x83
 997 059a 3C000000 		.4byte	.LLST2
 998 059e 18       		.uleb128 0x18
 999 059f CB050000 		.4byte	.LASF94
 1000 05a3 01       		.byte	0x1
 1001 05a4 78       		.byte	0x78
 1002 05a5 83000000 		.4byte	0x83
 1003 05a9 4F000000 		.4byte	.LLST3
 1004 05ad 18       		.uleb128 0x18
 1005 05ae 87060000 		.4byte	.LASF95
 1006 05b2 01       		.byte	0x1
 1007 05b3 79       		.byte	0x79
 1008 05b4 21050000 		.4byte	0x521
 1009 05b8 0F010000 		.4byte	.LLST4
 1010 05bc 18       		.uleb128 0x18
 1011 05bd 71060000 		.4byte	.LASF96
 1012 05c1 01       		.byte	0x1
 1013 05c2 7A       		.byte	0x7a
 1014 05c3 83000000 		.4byte	0x83
 1015 05c7 22010000 		.4byte	.LLST5
 1016 05cb 16       		.uleb128 0x16
 1017 05cc BA050000 		.4byte	.LASF97
 1018 05d0 01       		.byte	0x1
 1019 05d1 7C       		.byte	0x7c
 1020 05d2 4D050000 		.4byte	0x54d
 1021 05d6 18       		.uleb128 0x18
ARM GAS  C:\Users\Erik\AppData\Local\Temp\ccVls21Y.s 			page 23


 1022 05d7 BE030000 		.4byte	.LASF98
 1023 05db 01       		.byte	0x1
 1024 05dc 7D       		.byte	0x7d
 1025 05dd 25060000 		.4byte	0x625
 1026 05e1 63010000 		.4byte	.LLST6
 1027 05e5 19       		.uleb128 0x19
 1028 05e6 12000000 		.4byte	.LVL3
 1029 05ea 5E060000 		.4byte	0x65e
 1030 05ee 19       		.uleb128 0x19
 1031 05ef 1C000000 		.4byte	.LVL4
 1032 05f3 69060000 		.4byte	0x669
 1033 05f7 19       		.uleb128 0x19
 1034 05f8 46000000 		.4byte	.LVL10
 1035 05fc 74060000 		.4byte	0x674
 1036 0600 19       		.uleb128 0x19
 1037 0601 76000000 		.4byte	.LVL19
 1038 0605 5E060000 		.4byte	0x65e
 1039 0609 19       		.uleb128 0x19
 1040 060a 90000000 		.4byte	.LVL20
 1041 060e 69060000 		.4byte	0x669
 1042 0612 19       		.uleb128 0x19
 1043 0613 E6000000 		.4byte	.LVL29
 1044 0617 5E060000 		.4byte	0x65e
 1045 061b 19       		.uleb128 0x19
 1046 061c FE000000 		.4byte	.LVL30
 1047 0620 69060000 		.4byte	0x669
 1048 0624 00       		.byte	0
 1049 0625 11       		.uleb128 0x11
 1050 0626 04       		.byte	0x4
 1051 0627 2B060000 		.4byte	0x62b
 1052 062b 05       		.uleb128 0x5
 1053 062c A2020000 		.4byte	0x2a2
 1054 0630 1A       		.uleb128 0x1a
 1055 0631 83050000 		.4byte	.LASF99
 1056 0635 01       		.byte	0x1
 1057 0636 35       		.byte	0x35
 1058 0637 83000000 		.4byte	0x83
 1059 063b 05       		.uleb128 0x5
 1060 063c 03       		.byte	0x3
 1061 063d 00000000 		.4byte	tunerFsm
 1062 0641 1B       		.uleb128 0x1b
 1063 0642 6E030000 		.4byte	.LASF100
 1064 0646 05       		.byte	0x5
 1065 0647 5304     		.2byte	0x453
 1066 0649 FA030000 		.4byte	0x3fa
 1067 064d 1B       		.uleb128 0x1b
 1068 064e 2B060000 		.4byte	.LASF101
 1069 0652 05       		.byte	0x5
 1070 0653 5404     		.2byte	0x454
 1071 0655 59060000 		.4byte	0x659
 1072 0659 1C       		.uleb128 0x1c
 1073 065a DE040000 		.4byte	0x4de
 1074 065e 1D       		.uleb128 0x1d
 1075 065f C8030000 		.4byte	.LASF102
 1076 0663 C8030000 		.4byte	.LASF102
 1077 0667 07       		.byte	0x7
 1078 0668 F8       		.byte	0xf8
ARM GAS  C:\Users\Erik\AppData\Local\Temp\ccVls21Y.s 			page 24


 1079 0669 1D       		.uleb128 0x1d
 1080 066a 97000000 		.4byte	.LASF103
 1081 066e 97000000 		.4byte	.LASF103
 1082 0672 07       		.byte	0x7
 1083 0673 F9       		.byte	0xf9
 1084 0674 1D       		.uleb128 0x1d
 1085 0675 52040000 		.4byte	.LASF104
 1086 0679 52040000 		.4byte	.LASF104
 1087 067d 08       		.byte	0x8
 1088 067e 3B       		.byte	0x3b
 1089 067f 00       		.byte	0
 1090              		.section	.debug_abbrev,"",%progbits
 1091              	.Ldebug_abbrev0:
 1092 0000 01       		.uleb128 0x1
 1093 0001 11       		.uleb128 0x11
 1094 0002 01       		.byte	0x1
 1095 0003 25       		.uleb128 0x25
 1096 0004 0E       		.uleb128 0xe
 1097 0005 13       		.uleb128 0x13
 1098 0006 0B       		.uleb128 0xb
 1099 0007 03       		.uleb128 0x3
 1100 0008 0E       		.uleb128 0xe
 1101 0009 1B       		.uleb128 0x1b
 1102 000a 0E       		.uleb128 0xe
 1103 000b 55       		.uleb128 0x55
 1104 000c 17       		.uleb128 0x17
 1105 000d 11       		.uleb128 0x11
 1106 000e 01       		.uleb128 0x1
 1107 000f 10       		.uleb128 0x10
 1108 0010 17       		.uleb128 0x17
 1109 0011 00       		.byte	0
 1110 0012 00       		.byte	0
 1111 0013 02       		.uleb128 0x2
 1112 0014 24       		.uleb128 0x24
 1113 0015 00       		.byte	0
 1114 0016 0B       		.uleb128 0xb
 1115 0017 0B       		.uleb128 0xb
 1116 0018 3E       		.uleb128 0x3e
 1117 0019 0B       		.uleb128 0xb
 1118 001a 03       		.uleb128 0x3
 1119 001b 0E       		.uleb128 0xe
 1120 001c 00       		.byte	0
 1121 001d 00       		.byte	0
 1122 001e 03       		.uleb128 0x3
 1123 001f 24       		.uleb128 0x24
 1124 0020 00       		.byte	0
 1125 0021 0B       		.uleb128 0xb
 1126 0022 0B       		.uleb128 0xb
 1127 0023 3E       		.uleb128 0x3e
 1128 0024 0B       		.uleb128 0xb
 1129 0025 03       		.uleb128 0x3
 1130 0026 08       		.uleb128 0x8
 1131 0027 00       		.byte	0
 1132 0028 00       		.byte	0
 1133 0029 04       		.uleb128 0x4
 1134 002a 16       		.uleb128 0x16
 1135 002b 00       		.byte	0
ARM GAS  C:\Users\Erik\AppData\Local\Temp\ccVls21Y.s 			page 25


 1136 002c 03       		.uleb128 0x3
 1137 002d 0E       		.uleb128 0xe
 1138 002e 3A       		.uleb128 0x3a
 1139 002f 0B       		.uleb128 0xb
 1140 0030 3B       		.uleb128 0x3b
 1141 0031 05       		.uleb128 0x5
 1142 0032 49       		.uleb128 0x49
 1143 0033 13       		.uleb128 0x13
 1144 0034 00       		.byte	0
 1145 0035 00       		.byte	0
 1146 0036 05       		.uleb128 0x5
 1147 0037 35       		.uleb128 0x35
 1148 0038 00       		.byte	0
 1149 0039 49       		.uleb128 0x49
 1150 003a 13       		.uleb128 0x13
 1151 003b 00       		.byte	0
 1152 003c 00       		.byte	0
 1153 003d 06       		.uleb128 0x6
 1154 003e 0F       		.uleb128 0xf
 1155 003f 00       		.byte	0
 1156 0040 0B       		.uleb128 0xb
 1157 0041 0B       		.uleb128 0xb
 1158 0042 00       		.byte	0
 1159 0043 00       		.byte	0
 1160 0044 07       		.uleb128 0x7
 1161 0045 13       		.uleb128 0x13
 1162 0046 01       		.byte	0x1
 1163 0047 0B       		.uleb128 0xb
 1164 0048 0B       		.uleb128 0xb
 1165 0049 3A       		.uleb128 0x3a
 1166 004a 0B       		.uleb128 0xb
 1167 004b 3B       		.uleb128 0x3b
 1168 004c 0B       		.uleb128 0xb
 1169 004d 01       		.uleb128 0x1
 1170 004e 13       		.uleb128 0x13
 1171 004f 00       		.byte	0
 1172 0050 00       		.byte	0
 1173 0051 08       		.uleb128 0x8
 1174 0052 0D       		.uleb128 0xd
 1175 0053 00       		.byte	0
 1176 0054 03       		.uleb128 0x3
 1177 0055 0E       		.uleb128 0xe
 1178 0056 3A       		.uleb128 0x3a
 1179 0057 0B       		.uleb128 0xb
 1180 0058 3B       		.uleb128 0x3b
 1181 0059 0B       		.uleb128 0xb
 1182 005a 49       		.uleb128 0x49
 1183 005b 13       		.uleb128 0x13
 1184 005c 38       		.uleb128 0x38
 1185 005d 0B       		.uleb128 0xb
 1186 005e 00       		.byte	0
 1187 005f 00       		.byte	0
 1188 0060 09       		.uleb128 0x9
 1189 0061 16       		.uleb128 0x16
 1190 0062 00       		.byte	0
 1191 0063 03       		.uleb128 0x3
 1192 0064 0E       		.uleb128 0xe
ARM GAS  C:\Users\Erik\AppData\Local\Temp\ccVls21Y.s 			page 26


 1193 0065 3A       		.uleb128 0x3a
 1194 0066 0B       		.uleb128 0xb
 1195 0067 3B       		.uleb128 0x3b
 1196 0068 0B       		.uleb128 0xb
 1197 0069 49       		.uleb128 0x49
 1198 006a 13       		.uleb128 0x13
 1199 006b 00       		.byte	0
 1200 006c 00       		.byte	0
 1201 006d 0A       		.uleb128 0xa
 1202 006e 01       		.uleb128 0x1
 1203 006f 01       		.byte	0x1
 1204 0070 49       		.uleb128 0x49
 1205 0071 13       		.uleb128 0x13
 1206 0072 01       		.uleb128 0x1
 1207 0073 13       		.uleb128 0x13
 1208 0074 00       		.byte	0
 1209 0075 00       		.byte	0
 1210 0076 0B       		.uleb128 0xb
 1211 0077 21       		.uleb128 0x21
 1212 0078 00       		.byte	0
 1213 0079 49       		.uleb128 0x49
 1214 007a 13       		.uleb128 0x13
 1215 007b 2F       		.uleb128 0x2f
 1216 007c 0B       		.uleb128 0xb
 1217 007d 00       		.byte	0
 1218 007e 00       		.byte	0
 1219 007f 0C       		.uleb128 0xc
 1220 0080 0D       		.uleb128 0xd
 1221 0081 00       		.byte	0
 1222 0082 03       		.uleb128 0x3
 1223 0083 0E       		.uleb128 0xe
 1224 0084 3A       		.uleb128 0x3a
 1225 0085 0B       		.uleb128 0xb
 1226 0086 3B       		.uleb128 0x3b
 1227 0087 05       		.uleb128 0x5
 1228 0088 49       		.uleb128 0x49
 1229 0089 13       		.uleb128 0x13
 1230 008a 38       		.uleb128 0x38
 1231 008b 0B       		.uleb128 0xb
 1232 008c 00       		.byte	0
 1233 008d 00       		.byte	0
 1234 008e 0D       		.uleb128 0xd
 1235 008f 13       		.uleb128 0x13
 1236 0090 01       		.byte	0x1
 1237 0091 0B       		.uleb128 0xb
 1238 0092 0B       		.uleb128 0xb
 1239 0093 3A       		.uleb128 0x3a
 1240 0094 0B       		.uleb128 0xb
 1241 0095 3B       		.uleb128 0x3b
 1242 0096 05       		.uleb128 0x5
 1243 0097 01       		.uleb128 0x1
 1244 0098 13       		.uleb128 0x13
 1245 0099 00       		.byte	0
 1246 009a 00       		.byte	0
 1247 009b 0E       		.uleb128 0xe
 1248 009c 0D       		.uleb128 0xd
 1249 009d 00       		.byte	0
ARM GAS  C:\Users\Erik\AppData\Local\Temp\ccVls21Y.s 			page 27


 1250 009e 03       		.uleb128 0x3
 1251 009f 08       		.uleb128 0x8
 1252 00a0 3A       		.uleb128 0x3a
 1253 00a1 0B       		.uleb128 0xb
 1254 00a2 3B       		.uleb128 0x3b
 1255 00a3 05       		.uleb128 0x5
 1256 00a4 49       		.uleb128 0x49
 1257 00a5 13       		.uleb128 0x13
 1258 00a6 38       		.uleb128 0x38
 1259 00a7 0B       		.uleb128 0xb
 1260 00a8 00       		.byte	0
 1261 00a9 00       		.byte	0
 1262 00aa 0F       		.uleb128 0xf
 1263 00ab 13       		.uleb128 0x13
 1264 00ac 01       		.byte	0x1
 1265 00ad 0B       		.uleb128 0xb
 1266 00ae 05       		.uleb128 0x5
 1267 00af 3A       		.uleb128 0x3a
 1268 00b0 0B       		.uleb128 0xb
 1269 00b1 3B       		.uleb128 0x3b
 1270 00b2 05       		.uleb128 0x5
 1271 00b3 01       		.uleb128 0x1
 1272 00b4 13       		.uleb128 0x13
 1273 00b5 00       		.byte	0
 1274 00b6 00       		.byte	0
 1275 00b7 10       		.uleb128 0x10
 1276 00b8 0D       		.uleb128 0xd
 1277 00b9 00       		.byte	0
 1278 00ba 03       		.uleb128 0x3
 1279 00bb 0E       		.uleb128 0xe
 1280 00bc 3A       		.uleb128 0x3a
 1281 00bd 0B       		.uleb128 0xb
 1282 00be 3B       		.uleb128 0x3b
 1283 00bf 05       		.uleb128 0x5
 1284 00c0 49       		.uleb128 0x49
 1285 00c1 13       		.uleb128 0x13
 1286 00c2 38       		.uleb128 0x38
 1287 00c3 05       		.uleb128 0x5
 1288 00c4 00       		.byte	0
 1289 00c5 00       		.byte	0
 1290 00c6 11       		.uleb128 0x11
 1291 00c7 0F       		.uleb128 0xf
 1292 00c8 00       		.byte	0
 1293 00c9 0B       		.uleb128 0xb
 1294 00ca 0B       		.uleb128 0xb
 1295 00cb 49       		.uleb128 0x49
 1296 00cc 13       		.uleb128 0x13
 1297 00cd 00       		.byte	0
 1298 00ce 00       		.byte	0
 1299 00cf 12       		.uleb128 0x12
 1300 00d0 26       		.uleb128 0x26
 1301 00d1 00       		.byte	0
 1302 00d2 00       		.byte	0
 1303 00d3 00       		.byte	0
 1304 00d4 13       		.uleb128 0x13
 1305 00d5 04       		.uleb128 0x4
 1306 00d6 01       		.byte	0x1
ARM GAS  C:\Users\Erik\AppData\Local\Temp\ccVls21Y.s 			page 28


 1307 00d7 0B       		.uleb128 0xb
 1308 00d8 0B       		.uleb128 0xb
 1309 00d9 49       		.uleb128 0x49
 1310 00da 13       		.uleb128 0x13
 1311 00db 3A       		.uleb128 0x3a
 1312 00dc 0B       		.uleb128 0xb
 1313 00dd 3B       		.uleb128 0x3b
 1314 00de 0B       		.uleb128 0xb
 1315 00df 01       		.uleb128 0x1
 1316 00e0 13       		.uleb128 0x13
 1317 00e1 00       		.byte	0
 1318 00e2 00       		.byte	0
 1319 00e3 14       		.uleb128 0x14
 1320 00e4 28       		.uleb128 0x28
 1321 00e5 00       		.byte	0
 1322 00e6 03       		.uleb128 0x3
 1323 00e7 0E       		.uleb128 0xe
 1324 00e8 1C       		.uleb128 0x1c
 1325 00e9 0B       		.uleb128 0xb
 1326 00ea 00       		.byte	0
 1327 00eb 00       		.byte	0
 1328 00ec 15       		.uleb128 0x15
 1329 00ed 2E       		.uleb128 0x2e
 1330 00ee 01       		.byte	0x1
 1331 00ef 3F       		.uleb128 0x3f
 1332 00f0 19       		.uleb128 0x19
 1333 00f1 03       		.uleb128 0x3
 1334 00f2 0E       		.uleb128 0xe
 1335 00f3 3A       		.uleb128 0x3a
 1336 00f4 0B       		.uleb128 0xb
 1337 00f5 3B       		.uleb128 0x3b
 1338 00f6 0B       		.uleb128 0xb
 1339 00f7 27       		.uleb128 0x27
 1340 00f8 19       		.uleb128 0x19
 1341 00f9 11       		.uleb128 0x11
 1342 00fa 01       		.uleb128 0x1
 1343 00fb 12       		.uleb128 0x12
 1344 00fc 06       		.uleb128 0x6
 1345 00fd 40       		.uleb128 0x40
 1346 00fe 18       		.uleb128 0x18
 1347 00ff 9742     		.uleb128 0x2117
 1348 0101 19       		.uleb128 0x19
 1349 0102 01       		.uleb128 0x1
 1350 0103 13       		.uleb128 0x13
 1351 0104 00       		.byte	0
 1352 0105 00       		.byte	0
 1353 0106 16       		.uleb128 0x16
 1354 0107 34       		.uleb128 0x34
 1355 0108 00       		.byte	0
 1356 0109 03       		.uleb128 0x3
 1357 010a 0E       		.uleb128 0xe
 1358 010b 3A       		.uleb128 0x3a
 1359 010c 0B       		.uleb128 0xb
 1360 010d 3B       		.uleb128 0x3b
 1361 010e 0B       		.uleb128 0xb
 1362 010f 49       		.uleb128 0x49
 1363 0110 13       		.uleb128 0x13
ARM GAS  C:\Users\Erik\AppData\Local\Temp\ccVls21Y.s 			page 29


 1364 0111 00       		.byte	0
 1365 0112 00       		.byte	0
 1366 0113 17       		.uleb128 0x17
 1367 0114 2E       		.uleb128 0x2e
 1368 0115 01       		.byte	0x1
 1369 0116 3F       		.uleb128 0x3f
 1370 0117 19       		.uleb128 0x19
 1371 0118 03       		.uleb128 0x3
 1372 0119 0E       		.uleb128 0xe
 1373 011a 3A       		.uleb128 0x3a
 1374 011b 0B       		.uleb128 0xb
 1375 011c 3B       		.uleb128 0x3b
 1376 011d 0B       		.uleb128 0xb
 1377 011e 27       		.uleb128 0x27
 1378 011f 19       		.uleb128 0x19
 1379 0120 49       		.uleb128 0x49
 1380 0121 13       		.uleb128 0x13
 1381 0122 11       		.uleb128 0x11
 1382 0123 01       		.uleb128 0x1
 1383 0124 12       		.uleb128 0x12
 1384 0125 06       		.uleb128 0x6
 1385 0126 40       		.uleb128 0x40
 1386 0127 18       		.uleb128 0x18
 1387 0128 9742     		.uleb128 0x2117
 1388 012a 19       		.uleb128 0x19
 1389 012b 01       		.uleb128 0x1
 1390 012c 13       		.uleb128 0x13
 1391 012d 00       		.byte	0
 1392 012e 00       		.byte	0
 1393 012f 18       		.uleb128 0x18
 1394 0130 34       		.uleb128 0x34
 1395 0131 00       		.byte	0
 1396 0132 03       		.uleb128 0x3
 1397 0133 0E       		.uleb128 0xe
 1398 0134 3A       		.uleb128 0x3a
 1399 0135 0B       		.uleb128 0xb
 1400 0136 3B       		.uleb128 0x3b
 1401 0137 0B       		.uleb128 0xb
 1402 0138 49       		.uleb128 0x49
 1403 0139 13       		.uleb128 0x13
 1404 013a 02       		.uleb128 0x2
 1405 013b 17       		.uleb128 0x17
 1406 013c 00       		.byte	0
 1407 013d 00       		.byte	0
 1408 013e 19       		.uleb128 0x19
 1409 013f 898201   		.uleb128 0x4109
 1410 0142 00       		.byte	0
 1411 0143 11       		.uleb128 0x11
 1412 0144 01       		.uleb128 0x1
 1413 0145 31       		.uleb128 0x31
 1414 0146 13       		.uleb128 0x13
 1415 0147 00       		.byte	0
 1416 0148 00       		.byte	0
 1417 0149 1A       		.uleb128 0x1a
 1418 014a 34       		.uleb128 0x34
 1419 014b 00       		.byte	0
 1420 014c 03       		.uleb128 0x3
ARM GAS  C:\Users\Erik\AppData\Local\Temp\ccVls21Y.s 			page 30


 1421 014d 0E       		.uleb128 0xe
 1422 014e 3A       		.uleb128 0x3a
 1423 014f 0B       		.uleb128 0xb
 1424 0150 3B       		.uleb128 0x3b
 1425 0151 0B       		.uleb128 0xb
 1426 0152 49       		.uleb128 0x49
 1427 0153 13       		.uleb128 0x13
 1428 0154 02       		.uleb128 0x2
 1429 0155 18       		.uleb128 0x18
 1430 0156 00       		.byte	0
 1431 0157 00       		.byte	0
 1432 0158 1B       		.uleb128 0x1b
 1433 0159 34       		.uleb128 0x34
 1434 015a 00       		.byte	0
 1435 015b 03       		.uleb128 0x3
 1436 015c 0E       		.uleb128 0xe
 1437 015d 3A       		.uleb128 0x3a
 1438 015e 0B       		.uleb128 0xb
 1439 015f 3B       		.uleb128 0x3b
 1440 0160 05       		.uleb128 0x5
 1441 0161 49       		.uleb128 0x49
 1442 0162 13       		.uleb128 0x13
 1443 0163 3F       		.uleb128 0x3f
 1444 0164 19       		.uleb128 0x19
 1445 0165 3C       		.uleb128 0x3c
 1446 0166 19       		.uleb128 0x19
 1447 0167 00       		.byte	0
 1448 0168 00       		.byte	0
 1449 0169 1C       		.uleb128 0x1c
 1450 016a 26       		.uleb128 0x26
 1451 016b 00       		.byte	0
 1452 016c 49       		.uleb128 0x49
 1453 016d 13       		.uleb128 0x13
 1454 016e 00       		.byte	0
 1455 016f 00       		.byte	0
 1456 0170 1D       		.uleb128 0x1d
 1457 0171 2E       		.uleb128 0x2e
 1458 0172 00       		.byte	0
 1459 0173 3F       		.uleb128 0x3f
 1460 0174 19       		.uleb128 0x19
 1461 0175 3C       		.uleb128 0x3c
 1462 0176 19       		.uleb128 0x19
 1463 0177 6E       		.uleb128 0x6e
 1464 0178 0E       		.uleb128 0xe
 1465 0179 03       		.uleb128 0x3
 1466 017a 0E       		.uleb128 0xe
 1467 017b 3A       		.uleb128 0x3a
 1468 017c 0B       		.uleb128 0xb
 1469 017d 3B       		.uleb128 0x3b
 1470 017e 0B       		.uleb128 0xb
 1471 017f 00       		.byte	0
 1472 0180 00       		.byte	0
 1473 0181 00       		.byte	0
 1474              		.section	.debug_loc,"",%progbits
 1475              	.Ldebug_loc0:
 1476              	.LLST0:
 1477 0000 12000000 		.4byte	.LVL3
ARM GAS  C:\Users\Erik\AppData\Local\Temp\ccVls21Y.s 			page 31


 1478 0004 1B000000 		.4byte	.LVL4-1
 1479 0008 0100     		.2byte	0x1
 1480 000a 50       		.byte	0x50
 1481 000b 76000000 		.4byte	.LVL19
 1482 000f 8F000000 		.4byte	.LVL20-1
 1483 0013 0100     		.2byte	0x1
 1484 0015 50       		.byte	0x50
 1485 0016 E6000000 		.4byte	.LVL29
 1486 001a FD000000 		.4byte	.LVL30-1
 1487 001e 0100     		.2byte	0x1
 1488 0020 50       		.byte	0x50
 1489 0021 00000000 		.4byte	0
 1490 0025 00000000 		.4byte	0
 1491              	.LLST1:
 1492 0029 A8000000 		.4byte	.LVL22
 1493 002d D4000000 		.4byte	.LVL25
 1494 0031 0100     		.2byte	0x1
 1495 0033 53       		.byte	0x53
 1496 0034 00000000 		.4byte	0
 1497 0038 00000000 		.4byte	0
 1498              	.LLST2:
 1499 003c B0000000 		.4byte	.LVL23
 1500 0040 DE000000 		.4byte	.LVL27
 1501 0044 0100     		.2byte	0x1
 1502 0046 52       		.byte	0x52
 1503 0047 00000000 		.4byte	0
 1504 004b 00000000 		.4byte	0
 1505              	.LLST3:
 1506 004f 02000000 		.4byte	.LVL1
 1507 0053 06000000 		.4byte	.LVL2
 1508 0057 0200     		.2byte	0x2
 1509 0059 30       		.byte	0x30
 1510 005a 9F       		.byte	0x9f
 1511 005b 06000000 		.4byte	.LVL2
 1512 005f 34000000 		.4byte	.LVL6
 1513 0063 0100     		.2byte	0x1
 1514 0065 56       		.byte	0x56
 1515 0066 34000000 		.4byte	.LVL6
 1516 006a 38000000 		.4byte	.LVL7
 1517 006e 0200     		.2byte	0x2
 1518 0070 31       		.byte	0x31
 1519 0071 9F       		.byte	0x9f
 1520 0072 38000000 		.4byte	.LVL7
 1521 0076 3E000000 		.4byte	.LVL8
 1522 007a 0100     		.2byte	0x1
 1523 007c 56       		.byte	0x56
 1524 007d 3E000000 		.4byte	.LVL8
 1525 0081 42000000 		.4byte	.LVL9
 1526 0085 0200     		.2byte	0x2
 1527 0087 31       		.byte	0x31
 1528 0088 9F       		.byte	0x9f
 1529 0089 42000000 		.4byte	.LVL9
 1530 008d 4C000000 		.4byte	.LVL11
 1531 0091 0100     		.2byte	0x1
 1532 0093 56       		.byte	0x56
 1533 0094 4C000000 		.4byte	.LVL11
 1534 0098 52000000 		.4byte	.LVL12
ARM GAS  C:\Users\Erik\AppData\Local\Temp\ccVls21Y.s 			page 32


 1535 009c 0200     		.2byte	0x2
 1536 009e 31       		.byte	0x31
 1537 009f 9F       		.byte	0x9f
 1538 00a0 52000000 		.4byte	.LVL12
 1539 00a4 58000000 		.4byte	.LVL13
 1540 00a8 0100     		.2byte	0x1
 1541 00aa 56       		.byte	0x56
 1542 00ab 58000000 		.4byte	.LVL13
 1543 00af 5C000000 		.4byte	.LVL14
 1544 00b3 0200     		.2byte	0x2
 1545 00b5 31       		.byte	0x31
 1546 00b6 9F       		.byte	0x9f
 1547 00b7 5C000000 		.4byte	.LVL14
 1548 00bb 62000000 		.4byte	.LVL15
 1549 00bf 0100     		.2byte	0x1
 1550 00c1 56       		.byte	0x56
 1551 00c2 62000000 		.4byte	.LVL15
 1552 00c6 66000000 		.4byte	.LVL16
 1553 00ca 0200     		.2byte	0x2
 1554 00cc 31       		.byte	0x31
 1555 00cd 9F       		.byte	0x9f
 1556 00ce 66000000 		.4byte	.LVL16
 1557 00d2 6C000000 		.4byte	.LVL17
 1558 00d6 0100     		.2byte	0x1
 1559 00d8 56       		.byte	0x56
 1560 00d9 6C000000 		.4byte	.LVL17
 1561 00dd 6E000000 		.4byte	.LVL18
 1562 00e1 0200     		.2byte	0x2
 1563 00e3 30       		.byte	0x30
 1564 00e4 9F       		.byte	0x9f
 1565 00e5 6E000000 		.4byte	.LVL18
 1566 00e9 90000000 		.4byte	.LVL20
 1567 00ed 0100     		.2byte	0x1
 1568 00ef 56       		.byte	0x56
 1569 00f0 90000000 		.4byte	.LVL20
 1570 00f4 92000000 		.4byte	.LVL21
 1571 00f8 0200     		.2byte	0x2
 1572 00fa 30       		.byte	0x30
 1573 00fb 9F       		.byte	0x9f
 1574 00fc 92000000 		.4byte	.LVL21
 1575 0100 00010000 		.4byte	.LVL32
 1576 0104 0100     		.2byte	0x1
 1577 0106 56       		.byte	0x56
 1578 0107 00000000 		.4byte	0
 1579 010b 00000000 		.4byte	0
 1580              	.LLST4:
 1581 010f 22000000 		.4byte	.LVL5
 1582 0113 C8000000 		.4byte	.LVL24
 1583 0117 0100     		.2byte	0x1
 1584 0119 54       		.byte	0x54
 1585 011a 00000000 		.4byte	0
 1586 011e 00000000 		.4byte	0
 1587              	.LLST5:
 1588 0122 02000000 		.4byte	.LVL1
 1589 0126 06000000 		.4byte	.LVL2
 1590 012a 0200     		.2byte	0x2
 1591 012c 30       		.byte	0x30
ARM GAS  C:\Users\Erik\AppData\Local\Temp\ccVls21Y.s 			page 33


 1592 012d 9F       		.byte	0x9f
 1593 012e 06000000 		.4byte	.LVL2
 1594 0132 46000000 		.4byte	.LVL10
 1595 0136 0100     		.2byte	0x1
 1596 0138 55       		.byte	0x55
 1597 0139 46000000 		.4byte	.LVL10
 1598 013d 52000000 		.4byte	.LVL12
 1599 0141 0200     		.2byte	0x2
 1600 0143 31       		.byte	0x31
 1601 0144 9F       		.byte	0x9f
 1602 0145 52000000 		.4byte	.LVL12
 1603 0149 00010000 		.4byte	.LVL31
 1604 014d 0100     		.2byte	0x1
 1605 014f 55       		.byte	0x55
 1606 0150 00010000 		.4byte	.LVL31
 1607 0154 18010000 		.4byte	.LFE2
 1608 0158 0100     		.2byte	0x1
 1609 015a 50       		.byte	0x50
 1610 015b 00000000 		.4byte	0
 1611 015f 00000000 		.4byte	0
 1612              	.LLST6:
 1613 0163 DA000000 		.4byte	.LVL26
 1614 0167 FE000000 		.4byte	.LVL30
 1615 016b 0100     		.2byte	0x1
 1616 016d 54       		.byte	0x54
 1617 016e 00000000 		.4byte	0
 1618 0172 00000000 		.4byte	0
 1619              		.section	.debug_aranges,"",%progbits
 1620 0000 24000000 		.4byte	0x24
 1621 0004 0200     		.2byte	0x2
 1622 0006 00000000 		.4byte	.Ldebug_info0
 1623 000a 04       		.byte	0x4
 1624 000b 00       		.byte	0
 1625 000c 0000     		.2byte	0
 1626 000e 0000     		.2byte	0
 1627 0010 00000000 		.4byte	.LFB1
 1628 0014 14000000 		.4byte	.LFE1-.LFB1
 1629 0018 00000000 		.4byte	.LFB2
 1630 001c 18010000 		.4byte	.LFE2-.LFB2
 1631 0020 00000000 		.4byte	0
 1632 0024 00000000 		.4byte	0
 1633              		.section	.debug_ranges,"",%progbits
 1634              	.Ldebug_ranges0:
 1635 0000 00000000 		.4byte	.LFB1
 1636 0004 14000000 		.4byte	.LFE1
 1637 0008 00000000 		.4byte	.LFB2
 1638 000c 18010000 		.4byte	.LFE2
 1639 0010 00000000 		.4byte	0
 1640 0014 00000000 		.4byte	0
 1641              		.section	.debug_line,"",%progbits
 1642              	.Ldebug_line0:
 1643 0000 34010000 		.section	.debug_str,"MS",%progbits,1
 1643      0200D000 
 1643      00000201 
 1643      FB0E0D00 
 1643      01010101 
 1644              	.LASF82:
ARM GAS  C:\Users\Erik\AppData\Local\Temp\ccVls21Y.s 			page 34


 1645 0000 43617053 		.ascii	"CapSense_FLASH_STRUCT\000"
 1645      656E7365 
 1645      5F464C41 
 1645      53485F53 
 1645      54525543 
 1646              	.LASF61:
 1647 0016 77646774 		.ascii	"wdgtList\000"
 1647      4C697374 
 1647      00
 1648              	.LASF66:
 1649 001f 736E7254 		.ascii	"snrTestRawCount\000"
 1649      65737452 
 1649      6177436F 
 1649      756E7400 
 1650              	.LASF68:
 1651 002f 7363616E 		.ascii	"scanCurrentISC\000"
 1651      43757272 
 1651      656E7449 
 1651      534300
 1652              	.LASF108:
 1653 003e 43617053 		.ascii	"CapSense_TuInitialize\000"
 1653      656E7365 
 1653      5F547549 
 1653      6E697469 
 1653      616C697A 
 1654              	.LASF43:
 1655 0054 62736C6E 		.ascii	"bsln\000"
 1655      00
 1656              	.LASF93:
 1657 0059 73656E73 		.ascii	"sensorId\000"
 1657      6F724964 
 1657      00
 1658              	.LASF35:
 1659 0062 69646163 		.ascii	"idacGainIndex\000"
 1659      4761696E 
 1659      496E6465 
 1659      7800
 1660              	.LASF25:
 1661 0070 70617261 		.ascii	"param6\000"
 1661      6D3600
 1662              	.LASF90:
 1663 0077 43617053 		.ascii	"CapSense_TU_CMD_ENUM\000"
 1663      656E7365 
 1663      5F54555F 
 1663      434D445F 
 1663      454E554D 
 1664              	.LASF33:
 1665 008c 6C6F7742 		.ascii	"lowBslnRst\000"
 1665      736C6E52 
 1665      737400
 1666              	.LASF103:
 1667 0097 43794578 		.ascii	"CyExitCriticalSection\000"
 1667      69744372 
 1667      69746963 
 1667      616C5365 
 1667      6374696F 
 1668              	.LASF76:
ARM GAS  C:\Users\Erik\AppData\Local\Temp\ccVls21Y.s 			page 35


 1669 00ad 746F7461 		.ascii	"totalNumSns\000"
 1669      6C4E756D 
 1669      536E7300 
 1670              	.LASF89:
 1671 00b9 43617053 		.ascii	"CapSense_TU_CMD_ONE_SCAN_E\000"
 1671      656E7365 
 1671      5F54555F 
 1671      434D445F 
 1671      4F4E455F 
 1672              	.LASF34:
 1673 00d4 69646163 		.ascii	"idacMod\000"
 1673      4D6F6400 
 1674              	.LASF107:
 1675 00dc 453A5C68 		.ascii	"E:\\hardware\\cy8ckit-043-slider\\cy8ckit-043-slide"
 1675      61726477 
 1675      6172655C 
 1675      63793863 
 1675      6B69742D 
 1676 010c 722E6379 		.ascii	"r.cydsn\000"
 1676      64736E00 
 1677              	.LASF40:
 1678 0114 43617053 		.ascii	"CapSense_RAM_WD_BUTTON_STRUCT\000"
 1678      656E7365 
 1678      5F52414D 
 1678      5F57445F 
 1678      42555454 
 1679              	.LASF32:
 1680 0132 6F6E4465 		.ascii	"onDebounce\000"
 1680      626F756E 
 1680      636500
 1681              	.LASF16:
 1682 013d 73697A65 		.ascii	"sizetype\000"
 1682      74797065 
 1682      00
 1683              	.LASF86:
 1684 0146 43617053 		.ascii	"CapSense_TU_CMD_RESTART_E\000"
 1684      656E7365 
 1684      5F54555F 
 1684      434D445F 
 1684      52455354 
 1685              	.LASF80:
 1686 0160 43617053 		.ascii	"CapSense_FLASH_WD_STRUCT\000"
 1686      656E7365 
 1686      5F464C41 
 1686      53485F57 
 1686      445F5354 
 1687              	.LASF50:
 1688 0179 636F6E66 		.ascii	"configId\000"
 1688      69674964 
 1688      00
 1689              	.LASF47:
 1690 0182 69646163 		.ascii	"idacComp\000"
 1690      436F6D70 
 1690      00
 1691              	.LASF59:
 1692 018b 63736430 		.ascii	"csd0Config\000"
 1692      436F6E66 
ARM GAS  C:\Users\Erik\AppData\Local\Temp\ccVls21Y.s 			page 36


 1692      696700
 1693              	.LASF6:
 1694 0196 6C6F6E67 		.ascii	"long long int\000"
 1694      206C6F6E 
 1694      6720696E 
 1694      7400
 1695              	.LASF19:
 1696 01a4 70617261 		.ascii	"param0\000"
 1696      6D3000
 1697              	.LASF37:
 1698 01ab 736E7343 		.ascii	"snsClkSource\000"
 1698      6C6B536F 
 1698      75726365 
 1698      00
 1699              	.LASF21:
 1700 01b8 70617261 		.ascii	"param2\000"
 1700      6D3200
 1701              	.LASF22:
 1702 01bf 70617261 		.ascii	"param3\000"
 1702      6D3300
 1703              	.LASF83:
 1704 01c6 43617053 		.ascii	"CapSense_TU_CMD_NONE_E\000"
 1704      656E7365 
 1704      5F54555F 
 1704      434D445F 
 1704      4E4F4E45 
 1705              	.LASF24:
 1706 01dd 70617261 		.ascii	"param5\000"
 1706      6D3500
 1707              	.LASF2:
 1708 01e4 73686F72 		.ascii	"short int\000"
 1708      7420696E 
 1708      7400
 1709              	.LASF29:
 1710 01ee 6E6F6973 		.ascii	"noiseTh\000"
 1710      65546800 
 1711              	.LASF51:
 1712 01f6 64657669 		.ascii	"deviceId\000"
 1712      63654964 
 1712      00
 1713              	.LASF10:
 1714 01ff 75696E74 		.ascii	"uint16\000"
 1714      313600
 1715              	.LASF105:
 1716 0206 474E5520 		.ascii	"GNU C11 5.4.1 20160609 (release) [ARM/embedded-5-br"
 1716      43313120 
 1716      352E342E 
 1716      31203230 
 1716      31363036 
 1717 0239 616E6368 		.ascii	"anch revision 237715] -mcpu=cortex-m0 -mthumb -g -O"
 1717      20726576 
 1717      6973696F 
 1717      6E203233 
 1717      37373135 
 1718 026c 67202D66 		.ascii	"g -ffunction-sections -ffat-lto-objects\000"
 1718      66756E63 
 1718      74696F6E 
ARM GAS  C:\Users\Erik\AppData\Local\Temp\ccVls21Y.s 			page 37


 1718      2D736563 
 1718      74696F6E 
 1719              	.LASF109:
 1720 0294 43617053 		.ascii	"CapSense_RunTuner\000"
 1720      656E7365 
 1720      5F52756E 
 1720      54756E65 
 1720      7200
 1721              	.LASF74:
 1722 02a6 70747232 		.ascii	"ptr2DebounceArr\000"
 1722      4465626F 
 1722      756E6365 
 1722      41727200 
 1723              	.LASF9:
 1724 02b6 75696E74 		.ascii	"uint8\000"
 1724      3800
 1725              	.LASF36:
 1726 02bc 736E7343 		.ascii	"snsClk\000"
 1726      6C6B00
 1727              	.LASF12:
 1728 02c3 666C6F61 		.ascii	"float\000"
 1728      7400
 1729              	.LASF42:
 1730 02c9 43617053 		.ascii	"CapSense_RAM_WD_LIST_STRUCT\000"
 1730      656E7365 
 1730      5F52414D 
 1730      5F57445F 
 1730      4C495354 
 1731              	.LASF64:
 1732 02e5 736E7254 		.ascii	"snrTestSensorId\000"
 1732      65737453 
 1732      656E736F 
 1732      72496400 
 1733              	.LASF88:
 1734 02f5 43617053 		.ascii	"CapSense_TU_CMD_PING_E\000"
 1734      656E7365 
 1734      5F54555F 
 1734      434D445F 
 1734      50494E47 
 1735              	.LASF14:
 1736 030c 63686172 		.ascii	"char\000"
 1736      00
 1737              	.LASF4:
 1738 0311 6C6F6E67 		.ascii	"long int\000"
 1738      20696E74 
 1738      00
 1739              	.LASF77:
 1740 031a 77646774 		.ascii	"wdgtType\000"
 1740      54797065 
 1740      00
 1741              	.LASF106:
 1742 0323 47656E65 		.ascii	"Generated_Source\\PSoC4\\CapSense_Tuner.c\000"
 1742      72617465 
 1742      645F536F 
 1742      75726365 
 1742      5C50536F 
 1743              	.LASF28:
ARM GAS  C:\Users\Erik\AppData\Local\Temp\ccVls21Y.s 			page 38


 1744 034b 66696E67 		.ascii	"fingerTh\000"
 1744      65725468 
 1744      00
 1745              	.LASF46:
 1746 0354 6E656742 		.ascii	"negBslnRstCnt\000"
 1746      736C6E52 
 1746      7374436E 
 1746      7400
 1747              	.LASF71:
 1748 0362 70747232 		.ascii	"ptr2WdgtRam\000"
 1748      57646774 
 1748      52616D00 
 1749              	.LASF100:
 1750 036e 43617053 		.ascii	"CapSense_dsRam\000"
 1750      656E7365 
 1750      5F647352 
 1750      616D00
 1751              	.LASF78:
 1752 037d 6E756D43 		.ascii	"numCols\000"
 1752      6F6C7300 
 1753              	.LASF31:
 1754 0385 68797374 		.ascii	"hysteresis\000"
 1754      65726573 
 1754      697300
 1755              	.LASF23:
 1756 0390 70617261 		.ascii	"param4\000"
 1756      6D3400
 1757              	.LASF41:
 1758 0397 736C6964 		.ascii	"slider\000"
 1758      657200
 1759              	.LASF53:
 1760 039e 74756E65 		.ascii	"tunerCmd\000"
 1760      72436D64 
 1760      00
 1761              	.LASF15:
 1762 03a7 6C6F6E67 		.ascii	"long double\000"
 1762      20646F75 
 1762      626C6500 
 1763              	.LASF57:
 1764 03b3 77646774 		.ascii	"wdgtStatus\000"
 1764      53746174 
 1764      757300
 1765              	.LASF98:
 1766 03be 70747253 		.ascii	"ptrSnsTmp\000"
 1766      6E73546D 
 1766      7000
 1767              	.LASF102:
 1768 03c8 4379456E 		.ascii	"CyEnterCriticalSection\000"
 1768      74657243 
 1768      72697469 
 1768      63616C53 
 1768      65637469 
 1769              	.LASF1:
 1770 03df 756E7369 		.ascii	"unsigned char\000"
 1770      676E6564 
 1770      20636861 
 1770      7200
ARM GAS  C:\Users\Erik\AppData\Local\Temp\ccVls21Y.s 			page 39


 1771              	.LASF17:
 1772 03ed 43617053 		.ascii	"CapSense_THRESHOLD_TYPE\000"
 1772      656E7365 
 1772      5F544852 
 1772      4553484F 
 1772      4C445F54 
 1773              	.LASF0:
 1774 0405 7369676E 		.ascii	"signed char\000"
 1774      65642063 
 1774      68617200 
 1775              	.LASF49:
 1776 0411 43617053 		.ascii	"CapSense_RAM_SNS_LIST_STRUCT\000"
 1776      656E7365 
 1776      5F52414D 
 1776      5F534E53 
 1776      5F4C4953 
 1777              	.LASF7:
 1778 042e 6C6F6E67 		.ascii	"long long unsigned int\000"
 1778      206C6F6E 
 1778      6720756E 
 1778      7369676E 
 1778      65642069 
 1779              	.LASF75:
 1780 0445 73746174 		.ascii	"staticConfig\000"
 1780      6963436F 
 1780      6E666967 
 1780      00
 1781              	.LASF104:
 1782 0452 43617053 		.ascii	"CapSense_Start\000"
 1782      656E7365 
 1782      5F537461 
 1782      727400
 1783              	.LASF8:
 1784 0461 756E7369 		.ascii	"unsigned int\000"
 1784      676E6564 
 1784      20696E74 
 1784      00
 1785              	.LASF5:
 1786 046e 6C6F6E67 		.ascii	"long unsigned int\000"
 1786      20756E73 
 1786      69676E65 
 1786      6420696E 
 1786      7400
 1787              	.LASF56:
 1788 0480 77646774 		.ascii	"wdgtEnable\000"
 1788      456E6162 
 1788      6C6500
 1789              	.LASF20:
 1790 048b 70617261 		.ascii	"param1\000"
 1790      6D3100
 1791              	.LASF84:
 1792 0492 43617053 		.ascii	"CapSense_TU_CMD_SUSPEND_E\000"
 1792      656E7365 
 1792      5F54555F 
 1792      434D445F 
 1792      53555350 
 1793              	.LASF48:
ARM GAS  C:\Users\Erik\AppData\Local\Temp\ccVls21Y.s 			page 40


 1794 04ac 43617053 		.ascii	"CapSense_RAM_SNS_STRUCT\000"
 1794      656E7365 
 1794      5F52414D 
 1794      5F534E53 
 1794      5F535452 
 1795              	.LASF18:
 1796 04c4 43617053 		.ascii	"CapSense_LOW_BSLN_RST_TYPE\000"
 1796      656E7365 
 1796      5F4C4F57 
 1796      5F42534C 
 1796      4E5F5253 
 1797              	.LASF55:
 1798 04df 73746174 		.ascii	"status\000"
 1798      757300
 1799              	.LASF92:
 1800 04e6 77696467 		.ascii	"widgetId\000"
 1800      65744964 
 1800      00
 1801              	.LASF65:
 1802 04ef 736E7254 		.ascii	"snrTestScanCounter\000"
 1802      65737453 
 1802      63616E43 
 1802      6F756E74 
 1802      657200
 1803              	.LASF27:
 1804 0502 7265736F 		.ascii	"resolution\000"
 1804      6C757469 
 1804      6F6E00
 1805              	.LASF3:
 1806 050d 73686F72 		.ascii	"short unsigned int\000"
 1806      7420756E 
 1806      7369676E 
 1806      65642069 
 1806      6E7400
 1807              	.LASF62:
 1808 0520 736E734C 		.ascii	"snsList\000"
 1808      69737400 
 1809              	.LASF60:
 1810 0528 6D6F6443 		.ascii	"modCsdClk\000"
 1810      7364436C 
 1810      6B00
 1811              	.LASF54:
 1812 0532 7363616E 		.ascii	"scanCounter\000"
 1812      436F756E 
 1812      74657200 
 1813              	.LASF30:
 1814 053e 6E4E6F69 		.ascii	"nNoiseTh\000"
 1814      73655468 
 1814      00
 1815              	.LASF91:
 1816 0547 696E7465 		.ascii	"interruptState\000"
 1816      72727570 
 1816      74537461 
 1816      746500
 1817              	.LASF69:
 1818 0556 43617053 		.ascii	"CapSense_RAM_STRUCT\000"
 1818      656E7365 
ARM GAS  C:\Users\Erik\AppData\Local\Temp\ccVls21Y.s 			page 41


 1818      5F52414D 
 1818      5F535452 
 1818      55435400 
 1819              	.LASF39:
 1820 056a 73696750 		.ascii	"sigPFC\000"
 1820      464300
 1821              	.LASF11:
 1822 0571 75696E74 		.ascii	"uint32\000"
 1822      333200
 1823              	.LASF67:
 1824 0578 7363616E 		.ascii	"scanCsdISC\000"
 1824      43736449 
 1824      534300
 1825              	.LASF99:
 1826 0583 74756E65 		.ascii	"tunerFsm\000"
 1826      7246736D 
 1826      00
 1827              	.LASF13:
 1828 058c 646F7562 		.ascii	"double\000"
 1828      6C6500
 1829              	.LASF44:
 1830 0593 62736C6E 		.ascii	"bslnExt\000"
 1830      45787400 
 1831              	.LASF87:
 1832 059b 43617053 		.ascii	"CapSense_TU_CMD_RUN_SNR_TEST_E\000"
 1832      656E7365 
 1832      5F54555F 
 1832      434D445F 
 1832      52554E5F 
 1833              	.LASF97:
 1834 05ba 70747244 		.ascii	"ptrDsRam\000"
 1834      7352616D 
 1834      00
 1835              	.LASF52:
 1836 05c3 6877436C 		.ascii	"hwClock\000"
 1836      6F636B00 
 1837              	.LASF94:
 1838 05cb 75706461 		.ascii	"updateFlag\000"
 1838      7465466C 
 1838      616700
 1839              	.LASF85:
 1840 05d6 43617053 		.ascii	"CapSense_TU_CMD_RESUME_E\000"
 1840      656E7365 
 1840      5F54555F 
 1840      434D445F 
 1840      52455355 
 1841              	.LASF72:
 1842 05ef 70747232 		.ascii	"ptr2SnsRam\000"
 1842      536E7352 
 1842      616D00
 1843              	.LASF70:
 1844 05fa 70747232 		.ascii	"ptr2SnsFlash\000"
 1844      536E7346 
 1844      6C617368 
 1844      00
 1845              	.LASF73:
 1846 0607 70747232 		.ascii	"ptr2FltrHistory\000"
ARM GAS  C:\Users\Erik\AppData\Local\Temp\ccVls21Y.s 			page 42


 1846      466C7472 
 1846      48697374 
 1846      6F727900 
 1847              	.LASF81:
 1848 0617 77646774 		.ascii	"wdgtArray\000"
 1848      41727261 
 1848      7900
 1849              	.LASF38:
 1850 0621 66696E67 		.ascii	"fingerCap\000"
 1850      65724361 
 1850      7000
 1851              	.LASF101:
 1852 062b 43617053 		.ascii	"CapSense_dsFlash\000"
 1852      656E7365 
 1852      5F647346 
 1852      6C617368 
 1852      00
 1853              	.LASF63:
 1854 063c 736E7254 		.ascii	"snrTestWidgetId\000"
 1854      65737457 
 1854      69646765 
 1854      74496400 
 1855              	.LASF26:
 1856 064c 534D4152 		.ascii	"SMARTSENSE_CSD_NOISE_ENVELOPE_STRUCT\000"
 1856      5453454E 
 1856      53455F43 
 1856      53445F4E 
 1856      4F495345 
 1857              	.LASF96:
 1858 0671 74756E65 		.ascii	"tunerStatus\000"
 1858      72537461 
 1858      74757300 
 1859              	.LASF58:
 1860 067d 736E7353 		.ascii	"snsStatus\000"
 1860      74617475 
 1860      7300
 1861              	.LASF95:
 1862 0687 636F6D6D 		.ascii	"command\000"
 1862      616E6400 
 1863              	.LASF45:
 1864 068f 64696666 		.ascii	"diff\000"
 1864      00
 1865              	.LASF79:
 1866 0694 70747232 		.ascii	"ptr2NoiseEnvlp\000"
 1866      4E6F6973 
 1866      65456E76 
 1866      6C7000
 1867              		.ident	"GCC: (GNU Tools for ARM Embedded Processors) 5.4.1 20160609 (release) [ARM/embedded-5-bran
