ARM GAS  C:\Users\Erik\AppData\Local\Temp\ccwWo0Ok.s 			page 1


   1              		.syntax unified
   2              		.cpu cortex-m0
   3              		.fpu softvfp
   4              		.eabi_attribute 20, 1
   5              		.eabi_attribute 21, 1
   6              		.eabi_attribute 23, 3
   7              		.eabi_attribute 24, 1
   8              		.eabi_attribute 25, 1
   9              		.eabi_attribute 26, 1
  10              		.eabi_attribute 30, 1
  11              		.eabi_attribute 34, 0
  12              		.eabi_attribute 18, 4
  13              		.thumb
  14              		.syntax unified
  15              		.file	"main.c"
  16              		.text
  17              	.Ltext0:
  18              		.cfi_sections	.debug_frame
  19              		.section	.text.initI2C,"ax",%progbits
  20              		.align	2
  21              		.global	initI2C
  22              		.code	16
  23              		.thumb_func
  24              		.type	initI2C, %function
  25              	initI2C:
  26              	.LFB35:
  27              		.file 1 "main.c"
   1:main.c        **** #include <stdbool.h>
   2:main.c        **** #include <project.h>
   3:main.c        **** 
   4:main.c        **** #define NUMBER_OF_SENSORS CapSense_TOTAL_CSD_SENSORS
   5:main.c        **** #define BUFFER_SIZE (NUMBER_OF_SENSORS+7)/8
   6:main.c        **** 
   7:main.c        **** void initI2C(uint8_t buffer_size, uint8_t buffer[BUFFER_SIZE]);
   8:main.c        **** void initCapSense();
   9:main.c        **** void updateCapSense();
  10:main.c        **** bool readTouches(bool touches[NUMBER_OF_SENSORS]);
  11:main.c        **** void sendTouches(bool touches[NUMBER_OF_SENSORS], uint8_t buffer[BUFFER_SIZE]);
  12:main.c        **** 
  13:main.c        **** uint8_t buffer[BUFFER_SIZE];
  14:main.c        **** 
  15:main.c        **** int main() {
  16:main.c        ****     bool touches[NUMBER_OF_SENSORS];
  17:main.c        ****     
  18:main.c        ****     CyGlobalIntEnable;      /* Enable global interrupts */
  19:main.c        ****     
  20:main.c        ****     initI2C(BUFFER_SIZE, buffer);
  21:main.c        ****     initCapSense();
  22:main.c        ****     while(true) {
  23:main.c        ****         if(!CapSense_IsBusy()) {
  24:main.c        ****             if(readTouches(touches)){
  25:main.c        ****                 sendTouches(touches, buffer);
  26:main.c        ****             }
  27:main.c        ****             updateCapSense();
  28:main.c        ****         }
  29:main.c        ****     }
  30:main.c        **** }
ARM GAS  C:\Users\Erik\AppData\Local\Temp\ccwWo0Ok.s 			page 2


  31:main.c        **** 
  32:main.c        **** void initI2C(uint8_t buffer_size, uint8_t buffer[BUFFER_SIZE]) {
  28              		.loc 1 32 0
  29              		.cfi_startproc
  30              		@ args = 0, pretend = 0, frame = 0
  31              		@ frame_needed = 0, uses_anonymous_args = 0
  32              	.LVL0:
  33 0000 70B5     		push	{r4, r5, r6, lr}
  34              		.cfi_def_cfa_offset 16
  35              		.cfi_offset 4, -16
  36              		.cfi_offset 5, -12
  37              		.cfi_offset 6, -8
  38              		.cfi_offset 14, -4
  39 0002 0400     		movs	r4, r0
  40 0004 0D00     		movs	r5, r1
  33:main.c        ****     EZI2C_Start();
  41              		.loc 1 33 0
  42 0006 FFF7FEFF 		bl	EZI2C_Start
  43              	.LVL1:
  34:main.c        ****     EZI2C_EzI2CSetBuffer1(buffer_size, 0, buffer);
  44              		.loc 1 34 0
  45 000a 2A00     		movs	r2, r5
  46 000c 0021     		movs	r1, #0
  47 000e 2000     		movs	r0, r4
  48 0010 FFF7FEFF 		bl	EZI2C_EzI2CSetBuffer1
  49              	.LVL2:
  35:main.c        **** }
  50              		.loc 1 35 0
  51              		@ sp needed
  52              	.LVL3:
  53 0014 70BD     		pop	{r4, r5, r6, pc}
  54              		.cfi_endproc
  55              	.LFE35:
  56              		.size	initI2C, .-initI2C
  57 0016 C046     		.section	.text.initCapSense,"ax",%progbits
  58              		.align	2
  59              		.global	initCapSense
  60              		.code	16
  61              		.thumb_func
  62              		.type	initCapSense, %function
  63              	initCapSense:
  64              	.LFB36:
  36:main.c        **** 
  37:main.c        **** void initCapSense() {
  65              		.loc 1 37 0
  66              		.cfi_startproc
  67              		@ args = 0, pretend = 0, frame = 0
  68              		@ frame_needed = 0, uses_anonymous_args = 0
  69 0000 10B5     		push	{r4, lr}
  70              		.cfi_def_cfa_offset 8
  71              		.cfi_offset 4, -8
  72              		.cfi_offset 14, -4
  38:main.c        ****     EZI2C_Start();
  73              		.loc 1 38 0
  74 0002 FFF7FEFF 		bl	EZI2C_Start
  75              	.LVL4:
  39:main.c        ****     EZI2C_EzI2CSetBuffer2(sizeof(CapSense_dsRam),sizeof(CapSense_dsRam),(uint8_t *)&(CapSense_dsRam
ARM GAS  C:\Users\Erik\AppData\Local\Temp\ccwWo0Ok.s 			page 3


  76              		.loc 1 39 0
  77 0006 BE20     		movs	r0, #190
  78 0008 4000     		lsls	r0, r0, #1
  79 000a 044A     		ldr	r2, .L3
  80 000c 0100     		movs	r1, r0
  81 000e FFF7FEFF 		bl	EZI2C_EzI2CSetBuffer2
  82              	.LVL5:
  40:main.c        ****     CapSense_Start();
  83              		.loc 1 40 0
  84 0012 FFF7FEFF 		bl	CapSense_Start
  85              	.LVL6:
  41:main.c        ****     CapSense_InitializeAllBaselines();
  86              		.loc 1 41 0
  87 0016 FFF7FEFF 		bl	CapSense_InitializeAllBaselines
  88              	.LVL7:
  42:main.c        **** }
  89              		.loc 1 42 0
  90              		@ sp needed
  91 001a 10BD     		pop	{r4, pc}
  92              	.L4:
  93              		.align	2
  94              	.L3:
  95 001c 00000000 		.word	CapSense_dsRam
  96              		.cfi_endproc
  97              	.LFE36:
  98              		.size	initCapSense, .-initCapSense
  99              		.section	.text.updateCapSense,"ax",%progbits
 100              		.align	2
 101              		.global	updateCapSense
 102              		.code	16
 103              		.thumb_func
 104              		.type	updateCapSense, %function
 105              	updateCapSense:
 106              	.LFB37:
  43:main.c        **** 
  44:main.c        **** void updateCapSense() {
 107              		.loc 1 44 0
 108              		.cfi_startproc
 109              		@ args = 0, pretend = 0, frame = 0
 110              		@ frame_needed = 0, uses_anonymous_args = 0
 111 0000 10B5     		push	{r4, lr}
 112              		.cfi_def_cfa_offset 8
 113              		.cfi_offset 4, -8
 114              		.cfi_offset 14, -4
  45:main.c        ****     // CapSense_UpdateAllBaselines();
  46:main.c        ****     CapSense_ProcessAllWidgets();
 115              		.loc 1 46 0
 116 0002 FFF7FEFF 		bl	CapSense_ProcessAllWidgets
 117              	.LVL8:
  47:main.c        ****     CapSense_RunTuner();
 118              		.loc 1 47 0
 119 0006 FFF7FEFF 		bl	CapSense_RunTuner
 120              	.LVL9:
  48:main.c        ****     CapSense_ScanAllWidgets();
 121              		.loc 1 48 0
 122 000a FFF7FEFF 		bl	CapSense_ScanAllWidgets
 123              	.LVL10:
ARM GAS  C:\Users\Erik\AppData\Local\Temp\ccwWo0Ok.s 			page 4


  49:main.c        **** }
 124              		.loc 1 49 0
 125              		@ sp needed
 126 000e 10BD     		pop	{r4, pc}
 127              		.cfi_endproc
 128              	.LFE37:
 129              		.size	updateCapSense, .-updateCapSense
 130              		.section	.text.readTouches,"ax",%progbits
 131              		.align	2
 132              		.global	readTouches
 133              		.code	16
 134              		.thumb_func
 135              		.type	readTouches, %function
 136              	readTouches:
 137              	.LFB38:
  50:main.c        **** 
  51:main.c        **** bool readTouches(bool touches[NUMBER_OF_SENSORS]){
 138              		.loc 1 51 0
 139              		.cfi_startproc
 140              		@ args = 0, pretend = 0, frame = 0
 141              		@ frame_needed = 0, uses_anonymous_args = 0
 142              	.LVL11:
 143 0000 70B5     		push	{r4, r5, r6, lr}
 144              		.cfi_def_cfa_offset 16
 145              		.cfi_offset 4, -16
 146              		.cfi_offset 5, -12
 147              		.cfi_offset 6, -8
 148              		.cfi_offset 14, -4
 149 0002 0500     		movs	r5, r0
 150              	.LVL12:
  52:main.c        ****     bool changed = false;
  53:main.c        ****     uint8_t i;
  54:main.c        ****     for(i = 0; i < NUMBER_OF_SENSORS; ++i){
 151              		.loc 1 54 0
 152 0004 0024     		movs	r4, #0
  52:main.c        ****     bool changed = false;
 153              		.loc 1 52 0
 154 0006 0026     		movs	r6, #0
 155              		.loc 1 54 0
 156 0008 0EE0     		b	.L7
 157              	.LVL13:
 158              	.L9:
 159              	.LBB2:
  55:main.c        ****         bool status = CapSense_IsSensorActive(0, i);
 160              		.loc 1 55 0
 161 000a 2100     		movs	r1, r4
 162 000c 0020     		movs	r0, #0
 163 000e FFF7FEFF 		bl	CapSense_IsSensorActive
 164              	.LVL14:
 165 0012 431E     		subs	r3, r0, #1
 166 0014 9841     		sbcs	r0, r0, r3
 167 0016 C0B2     		uxtb	r0, r0
 168              	.LVL15:
  56:main.c        ****         if(touches[i]!=status){
 169              		.loc 1 56 0
 170 0018 2B19     		adds	r3, r5, r4
 171 001a 1A78     		ldrb	r2, [r3]
ARM GAS  C:\Users\Erik\AppData\Local\Temp\ccwWo0Ok.s 			page 5


 172 001c 9042     		cmp	r0, r2
 173 001e 01D0     		beq	.L8
  57:main.c        ****             touches[i]=status;
 174              		.loc 1 57 0
 175 0020 1870     		strb	r0, [r3]
 176              	.LVL16:
  58:main.c        ****             changed = true;
 177              		.loc 1 58 0
 178 0022 0126     		movs	r6, #1
 179              	.LVL17:
 180              	.L8:
 181              	.LBE2:
  54:main.c        ****         bool status = CapSense_IsSensorActive(0, i);
 182              		.loc 1 54 0 discriminator 2
 183 0024 0134     		adds	r4, r4, #1
 184              	.LVL18:
 185 0026 E4B2     		uxtb	r4, r4
 186              	.LVL19:
 187              	.L7:
  54:main.c        ****         bool status = CapSense_IsSensorActive(0, i);
 188              		.loc 1 54 0 is_stmt 0 discriminator 1
 189 0028 1F2C     		cmp	r4, #31
 190 002a EED9     		bls	.L9
  59:main.c        ****         }
  60:main.c        ****     }
  61:main.c        ****     return changed;
  62:main.c        **** }
 191              		.loc 1 62 0 is_stmt 1
 192 002c 3000     		movs	r0, r6
 193              		@ sp needed
 194              	.LVL20:
 195              	.LVL21:
 196              	.LVL22:
 197 002e 70BD     		pop	{r4, r5, r6, pc}
 198              		.cfi_endproc
 199              	.LFE38:
 200              		.size	readTouches, .-readTouches
 201              		.section	.text.sendTouches,"ax",%progbits
 202              		.align	2
 203              		.global	sendTouches
 204              		.code	16
 205              		.thumb_func
 206              		.type	sendTouches, %function
 207              	sendTouches:
 208              	.LFB39:
  63:main.c        **** 
  64:main.c        **** void sendTouches(bool touches[NUMBER_OF_SENSORS], uint8_t buffer[BUFFER_SIZE]){
 209              		.loc 1 64 0
 210              		.cfi_startproc
 211              		@ args = 0, pretend = 0, frame = 0
 212              		@ frame_needed = 0, uses_anonymous_args = 0
 213              	.LVL23:
 214 0000 30B5     		push	{r4, r5, lr}
 215              		.cfi_def_cfa_offset 12
 216              		.cfi_offset 4, -12
 217              		.cfi_offset 5, -8
 218              		.cfi_offset 14, -4
ARM GAS  C:\Users\Erik\AppData\Local\Temp\ccwWo0Ok.s 			page 6


 219              	.LVL24:
  65:main.c        ****     uint8_t i;
  66:main.c        ****     for(i = 0; i < BUFFER_SIZE; ++i){
 220              		.loc 1 66 0
 221 0002 0023     		movs	r3, #0
 222 0004 04E0     		b	.L11
 223              	.LVL25:
 224              	.L12:
  67:main.c        ****         buffer[i] = 0;
 225              		.loc 1 67 0 discriminator 3
 226 0006 CA18     		adds	r2, r1, r3
 227 0008 0024     		movs	r4, #0
 228 000a 1470     		strb	r4, [r2]
  66:main.c        ****         buffer[i] = 0;
 229              		.loc 1 66 0 discriminator 3
 230 000c 0133     		adds	r3, r3, #1
 231              	.LVL26:
 232 000e DBB2     		uxtb	r3, r3
 233              	.LVL27:
 234              	.L11:
  66:main.c        ****         buffer[i] = 0;
 235              		.loc 1 66 0 is_stmt 0 discriminator 1
 236 0010 032B     		cmp	r3, #3
 237 0012 F8D9     		bls	.L12
 238 0014 0023     		movs	r3, #0
 239              	.LVL28:
 240 0016 0DE0     		b	.L13
 241              	.LVL29:
 242              	.L15:
  68:main.c        ****     }
  69:main.c        ****     for(i = 0; i < NUMBER_OF_SENSORS; ++i) {
  70:main.c        ****         if(touches[i]){
 243              		.loc 1 70 0 is_stmt 1
 244 0018 C25C     		ldrb	r2, [r0, r3]
 245 001a 002A     		cmp	r2, #0
 246 001c 08D0     		beq	.L14
  71:main.c        ****             buffer[i/8] |= (1 << (i%8));
 247              		.loc 1 71 0
 248 001e DC08     		lsrs	r4, r3, #3
 249 0020 0C19     		adds	r4, r1, r4
 250 0022 0725     		movs	r5, #7
 251 0024 1D40     		ands	r5, r3
 252 0026 0122     		movs	r2, #1
 253 0028 AA40     		lsls	r2, r2, r5
 254 002a 2578     		ldrb	r5, [r4]
 255 002c 2A43     		orrs	r2, r5
 256 002e 2270     		strb	r2, [r4]
 257              	.L14:
  69:main.c        ****         if(touches[i]){
 258              		.loc 1 69 0 discriminator 2
 259 0030 0133     		adds	r3, r3, #1
 260              	.LVL30:
 261 0032 DBB2     		uxtb	r3, r3
 262              	.LVL31:
 263              	.L13:
  69:main.c        ****         if(touches[i]){
 264              		.loc 1 69 0 is_stmt 0 discriminator 1
ARM GAS  C:\Users\Erik\AppData\Local\Temp\ccwWo0Ok.s 			page 7


 265 0034 1F2B     		cmp	r3, #31
 266 0036 EFD9     		bls	.L15
  72:main.c        ****         }
  73:main.c        ****     }
  74:main.c        **** }
 267              		.loc 1 74 0 is_stmt 1
 268              		@ sp needed
 269 0038 30BD     		pop	{r4, r5, pc}
 270              		.cfi_endproc
 271              	.LFE39:
 272              		.size	sendTouches, .-sendTouches
 273 003a C046     		.section	.text.main,"ax",%progbits
 274              		.align	2
 275              		.global	main
 276              		.code	16
 277              		.thumb_func
 278              		.type	main, %function
 279              	main:
 280              	.LFB34:
  15:main.c        ****     bool touches[NUMBER_OF_SENSORS];
 281              		.loc 1 15 0
 282              		.cfi_startproc
 283              		@ args = 0, pretend = 0, frame = 32
 284              		@ frame_needed = 0, uses_anonymous_args = 0
 285 0000 00B5     		push	{lr}
 286              		.cfi_def_cfa_offset 4
 287              		.cfi_offset 14, -4
 288 0002 89B0     		sub	sp, sp, #36
 289              		.cfi_def_cfa_offset 40
  18:main.c        ****     
 290              		.loc 1 18 0
 291              		.syntax divided
 292              	@ 18 "main.c" 1
 293 0004 62B6     		CPSIE   i
 294              	@ 0 "" 2
  20:main.c        ****     initCapSense();
 295              		.loc 1 20 0
 296              		.thumb
 297              		.syntax unified
 298 0006 0B49     		ldr	r1, .L20
 299 0008 0420     		movs	r0, #4
 300 000a FFF7FEFF 		bl	initI2C
 301              	.LVL32:
  21:main.c        ****     while(true) {
 302              		.loc 1 21 0
 303 000e FFF7FEFF 		bl	initCapSense
 304              	.LVL33:
 305              	.L17:
  23:main.c        ****             if(readTouches(touches)){
 306              		.loc 1 23 0
 307 0012 FFF7FEFF 		bl	CapSense_IsBusy
 308              	.LVL34:
 309 0016 0028     		cmp	r0, #0
 310 0018 FBD1     		bne	.L17
  24:main.c        ****                 sendTouches(touches, buffer);
 311              		.loc 1 24 0
 312 001a 6846     		mov	r0, sp
ARM GAS  C:\Users\Erik\AppData\Local\Temp\ccwWo0Ok.s 			page 8


 313 001c FFF7FEFF 		bl	readTouches
 314              	.LVL35:
 315 0020 0028     		cmp	r0, #0
 316 0022 03D0     		beq	.L18
  25:main.c        ****             }
 317              		.loc 1 25 0
 318 0024 0349     		ldr	r1, .L20
 319 0026 6846     		mov	r0, sp
 320 0028 FFF7FEFF 		bl	sendTouches
 321              	.LVL36:
 322              	.L18:
  27:main.c        ****         }
 323              		.loc 1 27 0
 324 002c FFF7FEFF 		bl	updateCapSense
 325              	.LVL37:
 326 0030 EFE7     		b	.L17
 327              	.L21:
 328 0032 C046     		.align	2
 329              	.L20:
 330 0034 00000000 		.word	buffer
 331              		.cfi_endproc
 332              	.LFE34:
 333              		.size	main, .-main
 334              		.comm	buffer,4,4
 335              		.text
 336              	.Letext0:
 337              		.file 2 "c:\\program files (x86)\\cypress\\psoc creator\\4.3\\psoc creator\\import\\gnu\\arm\\5.4.
 338              		.file 3 "c:\\program files (x86)\\cypress\\psoc creator\\4.3\\psoc creator\\import\\gnu\\arm\\5.4.
 339              		.file 4 "Generated_Source\\PSoC4/cytypes.h"
 340              		.file 5 "Generated_Source\\PSoC4/CapSense_Configuration.h"
 341              		.file 6 "Generated_Source\\PSoC4/CapSense_Structure.h"
 342              		.file 7 "Generated_Source\\PSoC4/EZI2C.h"
 343              		.file 8 "Generated_Source\\PSoC4/EZI2C_EZI2C.h"
 344              		.file 9 "Generated_Source\\PSoC4/CapSense_Control.h"
 345              		.file 10 "Generated_Source\\PSoC4/CapSense_Filter.h"
 346              		.file 11 "Generated_Source\\PSoC4/CapSense_Tuner.h"
 347              		.file 12 "Generated_Source\\PSoC4/CapSense_Sensing.h"
 348              		.section	.debug_info,"",%progbits
 349              	.Ldebug_info0:
 350 0000 84060000 		.4byte	0x684
 351 0004 0400     		.2byte	0x4
 352 0006 00000000 		.4byte	.Ldebug_abbrev0
 353 000a 04       		.byte	0x4
 354 000b 01       		.uleb128 0x1
 355 000c 6C010000 		.4byte	.LASF86
 356 0010 0C       		.byte	0xc
 357 0011 73040000 		.4byte	.LASF87
 358 0015 8B000000 		.4byte	.LASF88
 359 0019 00000000 		.4byte	.Ldebug_ranges0+0
 360 001d 00000000 		.4byte	0
 361 0021 00000000 		.4byte	.Ldebug_line0
 362 0025 02       		.uleb128 0x2
 363 0026 01       		.byte	0x1
 364 0027 06       		.byte	0x6
 365 0028 21020000 		.4byte	.LASF0
 366 002c 03       		.uleb128 0x3
 367 002d 76020000 		.4byte	.LASF9
ARM GAS  C:\Users\Erik\AppData\Local\Temp\ccwWo0Ok.s 			page 9


 368 0031 02       		.byte	0x2
 369 0032 1D       		.byte	0x1d
 370 0033 37000000 		.4byte	0x37
 371 0037 02       		.uleb128 0x2
 372 0038 01       		.byte	0x1
 373 0039 08       		.byte	0x8
 374 003a DA020000 		.4byte	.LASF1
 375 003e 02       		.uleb128 0x2
 376 003f 02       		.byte	0x2
 377 0040 05       		.byte	0x5
 378 0041 4A010000 		.4byte	.LASF2
 379 0045 02       		.uleb128 0x2
 380 0046 02       		.byte	0x2
 381 0047 07       		.byte	0x7
 382 0048 13040000 		.4byte	.LASF3
 383 004c 02       		.uleb128 0x2
 384 004d 04       		.byte	0x4
 385 004e 05       		.byte	0x5
 386 004f 64020000 		.4byte	.LASF4
 387 0053 02       		.uleb128 0x2
 388 0054 04       		.byte	0x4
 389 0055 07       		.byte	0x7
 390 0056 85040000 		.4byte	.LASF5
 391 005a 02       		.uleb128 0x2
 392 005b 08       		.byte	0x8
 393 005c 05       		.byte	0x5
 394 005d 28010000 		.4byte	.LASF6
 395 0061 02       		.uleb128 0x2
 396 0062 08       		.byte	0x8
 397 0063 07       		.byte	0x7
 398 0064 28030000 		.4byte	.LASF7
 399 0068 04       		.uleb128 0x4
 400 0069 04       		.byte	0x4
 401 006a 05       		.byte	0x5
 402 006b 696E7400 		.ascii	"int\000"
 403 006f 02       		.uleb128 0x2
 404 0070 04       		.byte	0x4
 405 0071 07       		.byte	0x7
 406 0072 5D030000 		.4byte	.LASF8
 407 0076 03       		.uleb128 0x3
 408 0077 0C020000 		.4byte	.LASF10
 409 007b 03       		.byte	0x3
 410 007c 18       		.byte	0x18
 411 007d 2C000000 		.4byte	0x2c
 412 0081 05       		.uleb128 0x5
 413 0082 14020000 		.4byte	.LASF11
 414 0086 04       		.byte	0x4
 415 0087 F701     		.2byte	0x1f7
 416 0089 37000000 		.4byte	0x37
 417 008d 05       		.uleb128 0x5
 418 008e 65010000 		.4byte	.LASF12
 419 0092 04       		.byte	0x4
 420 0093 F801     		.2byte	0x1f8
 421 0095 45000000 		.4byte	0x45
 422 0099 05       		.uleb128 0x5
 423 009a 6C040000 		.4byte	.LASF13
 424 009e 04       		.byte	0x4
ARM GAS  C:\Users\Erik\AppData\Local\Temp\ccwWo0Ok.s 			page 10


 425 009f F901     		.2byte	0x1f9
 426 00a1 53000000 		.4byte	0x53
 427 00a5 02       		.uleb128 0x2
 428 00a6 04       		.byte	0x4
 429 00a7 04       		.byte	0x4
 430 00a8 2D020000 		.4byte	.LASF14
 431 00ac 02       		.uleb128 0x2
 432 00ad 08       		.byte	0x8
 433 00ae 04       		.byte	0x4
 434 00af 9F040000 		.4byte	.LASF15
 435 00b3 02       		.uleb128 0x2
 436 00b4 01       		.byte	0x1
 437 00b5 08       		.byte	0x8
 438 00b6 5F020000 		.4byte	.LASF16
 439 00ba 06       		.uleb128 0x6
 440 00bb 99000000 		.4byte	0x99
 441 00bf 02       		.uleb128 0x2
 442 00c0 08       		.byte	0x8
 443 00c1 04       		.byte	0x4
 444 00c2 AF020000 		.4byte	.LASF17
 445 00c6 02       		.uleb128 0x2
 446 00c7 04       		.byte	0x4
 447 00c8 07       		.byte	0x7
 448 00c9 EC000000 		.4byte	.LASF18
 449 00cd 05       		.uleb128 0x5
 450 00ce E8020000 		.4byte	.LASF19
 451 00d2 05       		.byte	0x5
 452 00d3 3D01     		.2byte	0x13d
 453 00d5 8D000000 		.4byte	0x8d
 454 00d9 05       		.uleb128 0x5
 455 00da C6030000 		.4byte	.LASF20
 456 00de 05       		.byte	0x5
 457 00df 4101     		.2byte	0x141
 458 00e1 81000000 		.4byte	0x81
 459 00e5 07       		.uleb128 0x7
 460 00e6 81000000 		.4byte	0x81
 461 00ea F5000000 		.4byte	0xf5
 462 00ee 08       		.uleb128 0x8
 463 00ef C6000000 		.4byte	0xc6
 464 00f3 00       		.byte	0
 465 00f4 00       		.byte	0
 466 00f5 09       		.uleb128 0x9
 467 00f6 14       		.byte	0x14
 468 00f7 06       		.byte	0x6
 469 00f8 FE       		.byte	0xfe
 470 00f9 A7010000 		.4byte	0x1a7
 471 00fd 0A       		.uleb128 0xa
 472 00fe 08040000 		.4byte	.LASF21
 473 0102 06       		.byte	0x6
 474 0103 0301     		.2byte	0x103
 475 0105 8D000000 		.4byte	0x8d
 476 0109 00       		.byte	0
 477 010a 0A       		.uleb128 0xa
 478 010b 6D020000 		.4byte	.LASF22
 479 010f 06       		.byte	0x6
 480 0110 0801     		.2byte	0x108
 481 0112 CD000000 		.4byte	0xcd
ARM GAS  C:\Users\Erik\AppData\Local\Temp\ccwWo0Ok.s 			page 11


 482 0116 02       		.byte	0x2
 483 0117 0A       		.uleb128 0xa
 484 0118 54010000 		.4byte	.LASF23
 485 011c 06       		.byte	0x6
 486 011d 0D01     		.2byte	0x10d
 487 011f 81000000 		.4byte	0x81
 488 0123 04       		.byte	0x4
 489 0124 0A       		.uleb128 0xa
 490 0125 0B010000 		.4byte	.LASF24
 491 0129 06       		.byte	0x6
 492 012a 1201     		.2byte	0x112
 493 012c 81000000 		.4byte	0x81
 494 0130 05       		.byte	0x5
 495 0131 0A       		.uleb128 0xa
 496 0132 9B020000 		.4byte	.LASF25
 497 0136 06       		.byte	0x6
 498 0137 1801     		.2byte	0x118
 499 0139 81000000 		.4byte	0x81
 500 013d 06       		.byte	0x6
 501 013e 0A       		.uleb128 0xa
 502 013f E1000000 		.4byte	.LASF26
 503 0143 06       		.byte	0x6
 504 0144 1E01     		.2byte	0x11e
 505 0146 81000000 		.4byte	0x81
 506 014a 07       		.byte	0x7
 507 014b 0A       		.uleb128 0xa
 508 014c 53000000 		.4byte	.LASF27
 509 0150 06       		.byte	0x6
 510 0151 2501     		.2byte	0x125
 511 0153 D9000000 		.4byte	0xd9
 512 0157 08       		.byte	0x8
 513 0158 0A       		.uleb128 0xa
 514 0159 83000000 		.4byte	.LASF28
 515 015d 06       		.byte	0x6
 516 015e 2C01     		.2byte	0x12c
 517 0160 E5000000 		.4byte	0xe5
 518 0164 09       		.byte	0x9
 519 0165 0A       		.uleb128 0xa
 520 0166 45000000 		.4byte	.LASF29
 521 016a 06       		.byte	0x6
 522 016b 3101     		.2byte	0x131
 523 016d 81000000 		.4byte	0x81
 524 0171 0A       		.byte	0xa
 525 0172 0A       		.uleb128 0xa
 526 0173 1A020000 		.4byte	.LASF30
 527 0177 06       		.byte	0x6
 528 0178 3901     		.2byte	0x139
 529 017a 8D000000 		.4byte	0x8d
 530 017e 0C       		.byte	0xc
 531 017f 0A       		.uleb128 0xa
 532 0180 36010000 		.4byte	.LASF31
 533 0184 06       		.byte	0x6
 534 0185 3E01     		.2byte	0x13e
 535 0187 81000000 		.4byte	0x81
 536 018b 0E       		.byte	0xe
 537 018c 0A       		.uleb128 0xa
 538 018d EC040000 		.4byte	.LASF32
ARM GAS  C:\Users\Erik\AppData\Local\Temp\ccwWo0Ok.s 			page 12


 539 0191 06       		.byte	0x6
 540 0192 4401     		.2byte	0x144
 541 0194 8D000000 		.4byte	0x8d
 542 0198 10       		.byte	0x10
 543 0199 0A       		.uleb128 0xa
 544 019a 65040000 		.4byte	.LASF33
 545 019e 06       		.byte	0x6
 546 019f 4901     		.2byte	0x149
 547 01a1 8D000000 		.4byte	0x8d
 548 01a5 12       		.byte	0x12
 549 01a6 00       		.byte	0
 550 01a7 05       		.uleb128 0x5
 551 01a8 C3000000 		.4byte	.LASF34
 552 01ac 06       		.byte	0x6
 553 01ad 4A01     		.2byte	0x14a
 554 01af F5000000 		.4byte	0xf5
 555 01b3 0B       		.uleb128 0xb
 556 01b4 14       		.byte	0x14
 557 01b5 06       		.byte	0x6
 558 01b6 5001     		.2byte	0x150
 559 01b8 CA010000 		.4byte	0x1ca
 560 01bc 0A       		.uleb128 0xa
 561 01bd 43010000 		.4byte	.LASF35
 562 01c1 06       		.byte	0x6
 563 01c2 5501     		.2byte	0x155
 564 01c4 A7010000 		.4byte	0x1a7
 565 01c8 00       		.byte	0
 566 01c9 00       		.byte	0
 567 01ca 05       		.uleb128 0x5
 568 01cb 33020000 		.4byte	.LASF36
 569 01cf 06       		.byte	0x6
 570 01d0 5601     		.2byte	0x156
 571 01d2 B3010000 		.4byte	0x1b3
 572 01d6 0B       		.uleb128 0xb
 573 01d7 0A       		.byte	0xa
 574 01d8 06       		.byte	0x6
 575 01d9 5C01     		.2byte	0x15c
 576 01db 2E020000 		.4byte	0x22e
 577 01df 0C       		.uleb128 0xc
 578 01e0 72617700 		.ascii	"raw\000"
 579 01e4 06       		.byte	0x6
 580 01e5 6101     		.2byte	0x161
 581 01e7 2E020000 		.4byte	0x22e
 582 01eb 00       		.byte	0
 583 01ec 0A       		.uleb128 0xa
 584 01ed 40000000 		.4byte	.LASF37
 585 01f1 06       		.byte	0x6
 586 01f2 6601     		.2byte	0x166
 587 01f4 2E020000 		.4byte	0x22e
 588 01f8 02       		.byte	0x2
 589 01f9 0A       		.uleb128 0xa
 590 01fa AE040000 		.4byte	.LASF38
 591 01fe 06       		.byte	0x6
 592 01ff 6C01     		.2byte	0x16c
 593 0201 E5000000 		.4byte	0xe5
 594 0205 04       		.byte	0x4
 595 0206 0A       		.uleb128 0xa
ARM GAS  C:\Users\Erik\AppData\Local\Temp\ccwWo0Ok.s 			page 13


 596 0207 5E000000 		.4byte	.LASF39
 597 020b 06       		.byte	0x6
 598 020c 7101     		.2byte	0x171
 599 020e CD000000 		.4byte	0xcd
 600 0212 06       		.byte	0x6
 601 0213 0A       		.uleb128 0xa
 602 0214 C2040000 		.4byte	.LASF40
 603 0218 06       		.byte	0x6
 604 0219 7601     		.2byte	0x176
 605 021b 3E020000 		.4byte	0x23e
 606 021f 08       		.byte	0x8
 607 0220 0A       		.uleb128 0xa
 608 0221 14010000 		.4byte	.LASF41
 609 0225 06       		.byte	0x6
 610 0226 7B01     		.2byte	0x17b
 611 0228 E5000000 		.4byte	0xe5
 612 022c 09       		.byte	0x9
 613 022d 00       		.byte	0
 614 022e 07       		.uleb128 0x7
 615 022f 8D000000 		.4byte	0x8d
 616 0233 3E020000 		.4byte	0x23e
 617 0237 08       		.uleb128 0x8
 618 0238 C6000000 		.4byte	0xc6
 619 023c 00       		.byte	0
 620 023d 00       		.byte	0
 621 023e 07       		.uleb128 0x7
 622 023f D9000000 		.4byte	0xd9
 623 0243 4E020000 		.4byte	0x24e
 624 0247 08       		.uleb128 0x8
 625 0248 C6000000 		.4byte	0xc6
 626 024c 00       		.byte	0
 627 024d 00       		.byte	0
 628 024e 05       		.uleb128 0x5
 629 024f AE030000 		.4byte	.LASF42
 630 0253 06       		.byte	0x6
 631 0254 7C01     		.2byte	0x17c
 632 0256 D6010000 		.4byte	0x1d6
 633 025a 0D       		.uleb128 0xd
 634 025b 4001     		.2byte	0x140
 635 025d 06       		.byte	0x6
 636 025e 8201     		.2byte	0x182
 637 0260 72020000 		.4byte	0x272
 638 0264 0A       		.uleb128 0xa
 639 0265 43010000 		.4byte	.LASF35
 640 0269 06       		.byte	0x6
 641 026a 8701     		.2byte	0x187
 642 026c 72020000 		.4byte	0x272
 643 0270 00       		.byte	0
 644 0271 00       		.byte	0
 645 0272 07       		.uleb128 0x7
 646 0273 4E020000 		.4byte	0x24e
 647 0277 82020000 		.4byte	0x282
 648 027b 08       		.uleb128 0x8
 649 027c C6000000 		.4byte	0xc6
 650 0280 1F       		.byte	0x1f
 651 0281 00       		.byte	0
 652 0282 05       		.uleb128 0x5
ARM GAS  C:\Users\Erik\AppData\Local\Temp\ccwWo0Ok.s 			page 14


 653 0283 0B030000 		.4byte	.LASF43
 654 0287 06       		.byte	0x6
 655 0288 8801     		.2byte	0x188
 656 028a 5A020000 		.4byte	0x25a
 657 028e 0D       		.uleb128 0xd
 658 028f 7C01     		.2byte	0x17c
 659 0291 06       		.byte	0x6
 660 0292 8E01     		.2byte	0x18e
 661 0294 96030000 		.4byte	0x396
 662 0298 0A       		.uleb128 0xa
 663 0299 F5000000 		.4byte	.LASF44
 664 029d 06       		.byte	0x6
 665 029e 9501     		.2byte	0x195
 666 02a0 8D000000 		.4byte	0x8d
 667 02a4 00       		.byte	0
 668 02a5 0A       		.uleb128 0xa
 669 02a6 5C010000 		.4byte	.LASF45
 670 02aa 06       		.byte	0x6
 671 02ab 9A01     		.2byte	0x19a
 672 02ad 8D000000 		.4byte	0x8d
 673 02b1 02       		.byte	0x2
 674 02b2 0A       		.uleb128 0xa
 675 02b3 E8030000 		.4byte	.LASF46
 676 02b7 06       		.byte	0x6
 677 02b8 9F01     		.2byte	0x19f
 678 02ba 8D000000 		.4byte	0x8d
 679 02be 04       		.byte	0x4
 680 02bf 0A       		.uleb128 0xa
 681 02c0 A6020000 		.4byte	.LASF47
 682 02c4 06       		.byte	0x6
 683 02c5 A501     		.2byte	0x1a5
 684 02c7 8D000000 		.4byte	0x8d
 685 02cb 06       		.byte	0x6
 686 02cc 0A       		.uleb128 0xa
 687 02cd 3E040000 		.4byte	.LASF48
 688 02d1 06       		.byte	0x6
 689 02d2 AA01     		.2byte	0x1aa
 690 02d4 8D000000 		.4byte	0x8d
 691 02d8 08       		.byte	0x8
 692 02d9 0A       		.uleb128 0xa
 693 02da E1030000 		.4byte	.LASF49
 694 02de 06       		.byte	0x6
 695 02df AF01     		.2byte	0x1af
 696 02e1 BA000000 		.4byte	0xba
 697 02e5 0C       		.byte	0xc
 698 02e6 0A       		.uleb128 0xa
 699 02e7 00030000 		.4byte	.LASF50
 700 02eb 06       		.byte	0x6
 701 02ec B501     		.2byte	0x1b5
 702 02ee 96030000 		.4byte	0x396
 703 02f2 10       		.byte	0x10
 704 02f3 0A       		.uleb128 0xa
 705 02f4 C7020000 		.4byte	.LASF51
 706 02f8 06       		.byte	0x6
 707 02f9 BC01     		.2byte	0x1bc
 708 02fb 96030000 		.4byte	0x396
 709 02ff 14       		.byte	0x14
ARM GAS  C:\Users\Erik\AppData\Local\Temp\ccwWo0Ok.s 			page 15


 710 0300 0A       		.uleb128 0xa
 711 0301 21050000 		.4byte	.LASF52
 712 0305 06       		.byte	0x6
 713 0306 CC01     		.2byte	0x1cc
 714 0308 96030000 		.4byte	0x396
 715 030c 18       		.byte	0x18
 716 030d 0A       		.uleb128 0xa
 717 030e 1D010000 		.4byte	.LASF53
 718 0312 06       		.byte	0x6
 719 0313 D201     		.2byte	0x1d2
 720 0315 8D000000 		.4byte	0x8d
 721 0319 1C       		.byte	0x1c
 722 031a 0A       		.uleb128 0xa
 723 031b 34040000 		.4byte	.LASF54
 724 031f 06       		.byte	0x6
 725 0320 D701     		.2byte	0x1d7
 726 0322 81000000 		.4byte	0x81
 727 0326 1E       		.byte	0x1e
 728 0327 0A       		.uleb128 0xa
 729 0328 00000000 		.4byte	.LASF55
 730 032c 06       		.byte	0x6
 731 032d DC01     		.2byte	0x1dc
 732 032f CA010000 		.4byte	0x1ca
 733 0333 20       		.byte	0x20
 734 0334 0A       		.uleb128 0xa
 735 0335 2C040000 		.4byte	.LASF56
 736 0339 06       		.byte	0x6
 737 033a E101     		.2byte	0x1e1
 738 033c 82020000 		.4byte	0x282
 739 0340 34       		.byte	0x34
 740 0341 0E       		.uleb128 0xe
 741 0342 F6040000 		.4byte	.LASF57
 742 0346 06       		.byte	0x6
 743 0347 E601     		.2byte	0x1e6
 744 0349 81000000 		.4byte	0x81
 745 034d 7401     		.2byte	0x174
 746 034f 0E       		.uleb128 0xe
 747 0350 4F020000 		.4byte	.LASF58
 748 0354 06       		.byte	0x6
 749 0355 EB01     		.2byte	0x1eb
 750 0357 81000000 		.4byte	0x81
 751 035b 7501     		.2byte	0x175
 752 035d 0E       		.uleb128 0xe
 753 035e F0030000 		.4byte	.LASF59
 754 0362 06       		.byte	0x6
 755 0363 F001     		.2byte	0x1f0
 756 0365 8D000000 		.4byte	0x8d
 757 0369 7601     		.2byte	0x176
 758 036b 0E       		.uleb128 0xe
 759 036c 09000000 		.4byte	.LASF60
 760 0370 06       		.byte	0x6
 761 0371 F501     		.2byte	0x1f5
 762 0373 2E020000 		.4byte	0x22e
 763 0377 7801     		.2byte	0x178
 764 0379 0E       		.uleb128 0xe
 765 037a 7A040000 		.4byte	.LASF61
 766 037e 06       		.byte	0x6
ARM GAS  C:\Users\Erik\AppData\Local\Temp\ccwWo0Ok.s 			page 16


 767 037f FA01     		.2byte	0x1fa
 768 0381 81000000 		.4byte	0x81
 769 0385 7A01     		.2byte	0x17a
 770 0387 0E       		.uleb128 0xe
 771 0388 19000000 		.4byte	.LASF62
 772 038c 06       		.byte	0x6
 773 038d FF01     		.2byte	0x1ff
 774 038f 81000000 		.4byte	0x81
 775 0393 7B01     		.2byte	0x17b
 776 0395 00       		.byte	0
 777 0396 07       		.uleb128 0x7
 778 0397 99000000 		.4byte	0x99
 779 039b A6030000 		.4byte	0x3a6
 780 039f 08       		.uleb128 0x8
 781 03a0 C6000000 		.4byte	0xc6
 782 03a4 00       		.byte	0
 783 03a5 00       		.byte	0
 784 03a6 05       		.uleb128 0x5
 785 03a7 51040000 		.4byte	.LASF63
 786 03ab 06       		.byte	0x6
 787 03ac 0002     		.2byte	0x200
 788 03ae 8E020000 		.4byte	0x28e
 789 03b2 0F       		.uleb128 0xf
 790 03b3 A6040000 		.4byte	.LASF71
 791 03b7 01       		.byte	0x1
 792 03b8 20       		.byte	0x20
 793 03b9 00000000 		.4byte	.LFB35
 794 03bd 16000000 		.4byte	.LFE35-.LFB35
 795 03c1 01       		.uleb128 0x1
 796 03c2 9C       		.byte	0x9c
 797 03c3 0A040000 		.4byte	0x40a
 798 03c7 10       		.uleb128 0x10
 799 03c8 D0040000 		.4byte	.LASF64
 800 03cc 01       		.byte	0x1
 801 03cd 20       		.byte	0x20
 802 03ce 76000000 		.4byte	0x76
 803 03d2 00000000 		.4byte	.LLST0
 804 03d6 10       		.uleb128 0x10
 805 03d7 4A040000 		.4byte	.LASF65
 806 03db 01       		.byte	0x1
 807 03dc 20       		.byte	0x20
 808 03dd 0A040000 		.4byte	0x40a
 809 03e1 21000000 		.4byte	.LLST1
 810 03e5 11       		.uleb128 0x11
 811 03e6 0A000000 		.4byte	.LVL1
 812 03ea 18060000 		.4byte	0x618
 813 03ee 12       		.uleb128 0x12
 814 03ef 14000000 		.4byte	.LVL2
 815 03f3 23060000 		.4byte	0x623
 816 03f7 13       		.uleb128 0x13
 817 03f8 01       		.uleb128 0x1
 818 03f9 50       		.byte	0x50
 819 03fa 02       		.uleb128 0x2
 820 03fb 74       		.byte	0x74
 821 03fc 00       		.sleb128 0
 822 03fd 13       		.uleb128 0x13
 823 03fe 01       		.uleb128 0x1
ARM GAS  C:\Users\Erik\AppData\Local\Temp\ccwWo0Ok.s 			page 17


 824 03ff 51       		.byte	0x51
 825 0400 01       		.uleb128 0x1
 826 0401 30       		.byte	0x30
 827 0402 13       		.uleb128 0x13
 828 0403 01       		.uleb128 0x1
 829 0404 52       		.byte	0x52
 830 0405 02       		.uleb128 0x2
 831 0406 75       		.byte	0x75
 832 0407 00       		.sleb128 0
 833 0408 00       		.byte	0
 834 0409 00       		.byte	0
 835 040a 14       		.uleb128 0x14
 836 040b 04       		.byte	0x4
 837 040c 76000000 		.4byte	0x76
 838 0410 15       		.uleb128 0x15
 839 0411 FE000000 		.4byte	.LASF66
 840 0415 01       		.byte	0x1
 841 0416 25       		.byte	0x25
 842 0417 00000000 		.4byte	.LFB36
 843 041b 20000000 		.4byte	.LFE36-.LFB36
 844 041f 01       		.uleb128 0x1
 845 0420 9C       		.byte	0x9c
 846 0421 5D040000 		.4byte	0x45d
 847 0425 11       		.uleb128 0x11
 848 0426 06000000 		.4byte	.LVL4
 849 042a 18060000 		.4byte	0x618
 850 042e 16       		.uleb128 0x16
 851 042f 12000000 		.4byte	.LVL5
 852 0433 2E060000 		.4byte	0x62e
 853 0437 4A040000 		.4byte	0x44a
 854 043b 13       		.uleb128 0x13
 855 043c 01       		.uleb128 0x1
 856 043d 50       		.byte	0x50
 857 043e 03       		.uleb128 0x3
 858 043f 0A       		.byte	0xa
 859 0440 7C01     		.2byte	0x17c
 860 0442 13       		.uleb128 0x13
 861 0443 01       		.uleb128 0x1
 862 0444 51       		.byte	0x51
 863 0445 03       		.uleb128 0x3
 864 0446 0A       		.byte	0xa
 865 0447 7C01     		.2byte	0x17c
 866 0449 00       		.byte	0
 867 044a 11       		.uleb128 0x11
 868 044b 16000000 		.4byte	.LVL6
 869 044f 39060000 		.4byte	0x639
 870 0453 11       		.uleb128 0x11
 871 0454 1A000000 		.4byte	.LVL7
 872 0458 44060000 		.4byte	0x644
 873 045c 00       		.byte	0
 874 045d 15       		.uleb128 0x15
 875 045e 3F030000 		.4byte	.LASF67
 876 0462 01       		.byte	0x1
 877 0463 2C       		.byte	0x2c
 878 0464 00000000 		.4byte	.LFB37
 879 0468 10000000 		.4byte	.LFE37-.LFB37
 880 046c 01       		.uleb128 0x1
ARM GAS  C:\Users\Erik\AppData\Local\Temp\ccwWo0Ok.s 			page 18


 881 046d 9C       		.byte	0x9c
 882 046e 8E040000 		.4byte	0x48e
 883 0472 11       		.uleb128 0x11
 884 0473 06000000 		.4byte	.LVL8
 885 0477 4F060000 		.4byte	0x64f
 886 047b 11       		.uleb128 0x11
 887 047c 0A000000 		.4byte	.LVL9
 888 0480 5A060000 		.4byte	0x65a
 889 0484 11       		.uleb128 0x11
 890 0485 0E000000 		.4byte	.LVL10
 891 0489 65060000 		.4byte	0x665
 892 048d 00       		.byte	0
 893 048e 17       		.uleb128 0x17
 894 048f 8F020000 		.4byte	.LASF73
 895 0493 01       		.byte	0x1
 896 0494 33       		.byte	0x33
 897 0495 01050000 		.4byte	0x501
 898 0499 00000000 		.4byte	.LFB38
 899 049d 30000000 		.4byte	.LFE38-.LFB38
 900 04a1 01       		.uleb128 0x1
 901 04a2 9C       		.byte	0x9c
 902 04a3 01050000 		.4byte	0x501
 903 04a7 10       		.uleb128 0x10
 904 04a8 97040000 		.4byte	.LASF68
 905 04ac 01       		.byte	0x1
 906 04ad 33       		.byte	0x33
 907 04ae 08050000 		.4byte	0x508
 908 04b2 4D000000 		.4byte	.LLST2
 909 04b6 18       		.uleb128 0x18
 910 04b7 D2020000 		.4byte	.LASF69
 911 04bb 01       		.byte	0x1
 912 04bc 34       		.byte	0x34
 913 04bd 01050000 		.4byte	0x501
 914 04c1 79000000 		.4byte	.LLST3
 915 04c5 19       		.uleb128 0x19
 916 04c6 6900     		.ascii	"i\000"
 917 04c8 01       		.byte	0x1
 918 04c9 35       		.byte	0x35
 919 04ca 76000000 		.4byte	0x76
 920 04ce AF000000 		.4byte	.LLST4
 921 04d2 1A       		.uleb128 0x1a
 922 04d3 0A000000 		.4byte	.LBB2
 923 04d7 1A000000 		.4byte	.LBE2-.LBB2
 924 04db 18       		.uleb128 0x18
 925 04dc E1030000 		.4byte	.LASF49
 926 04e0 01       		.byte	0x1
 927 04e1 37       		.byte	0x37
 928 04e2 01050000 		.4byte	0x501
 929 04e6 D9000000 		.4byte	.LLST5
 930 04ea 12       		.uleb128 0x12
 931 04eb 12000000 		.4byte	.LVL14
 932 04ef 70060000 		.4byte	0x670
 933 04f3 13       		.uleb128 0x13
 934 04f4 01       		.uleb128 0x1
 935 04f5 50       		.byte	0x50
 936 04f6 01       		.uleb128 0x1
 937 04f7 30       		.byte	0x30
ARM GAS  C:\Users\Erik\AppData\Local\Temp\ccwWo0Ok.s 			page 19


 938 04f8 13       		.uleb128 0x13
 939 04f9 01       		.uleb128 0x1
 940 04fa 51       		.byte	0x51
 941 04fb 02       		.uleb128 0x2
 942 04fc 74       		.byte	0x74
 943 04fd 00       		.sleb128 0
 944 04fe 00       		.byte	0
 945 04ff 00       		.byte	0
 946 0500 00       		.byte	0
 947 0501 02       		.uleb128 0x2
 948 0502 01       		.byte	0x1
 949 0503 02       		.byte	0x2
 950 0504 26040000 		.4byte	.LASF70
 951 0508 14       		.uleb128 0x14
 952 0509 04       		.byte	0x4
 953 050a 01050000 		.4byte	0x501
 954 050e 0F       		.uleb128 0xf
 955 050f B6040000 		.4byte	.LASF72
 956 0513 01       		.byte	0x1
 957 0514 40       		.byte	0x40
 958 0515 00000000 		.4byte	.LFB39
 959 0519 3A000000 		.4byte	.LFE39-.LFB39
 960 051d 01       		.uleb128 0x1
 961 051e 9C       		.byte	0x9c
 962 051f 4B050000 		.4byte	0x54b
 963 0523 1B       		.uleb128 0x1b
 964 0524 97040000 		.4byte	.LASF68
 965 0528 01       		.byte	0x1
 966 0529 40       		.byte	0x40
 967 052a 08050000 		.4byte	0x508
 968 052e 01       		.uleb128 0x1
 969 052f 50       		.byte	0x50
 970 0530 1B       		.uleb128 0x1b
 971 0531 4A040000 		.4byte	.LASF65
 972 0535 01       		.byte	0x1
 973 0536 40       		.byte	0x40
 974 0537 0A040000 		.4byte	0x40a
 975 053b 01       		.uleb128 0x1
 976 053c 51       		.byte	0x51
 977 053d 19       		.uleb128 0x19
 978 053e 6900     		.ascii	"i\000"
 979 0540 01       		.byte	0x1
 980 0541 41       		.byte	0x41
 981 0542 76000000 		.4byte	0x76
 982 0546 EC000000 		.4byte	.LLST6
 983 054a 00       		.byte	0
 984 054b 1C       		.uleb128 0x1c
 985 054c 03040000 		.4byte	.LASF74
 986 0550 01       		.byte	0x1
 987 0551 0F       		.byte	0xf
 988 0552 68000000 		.4byte	0x68
 989 0556 00000000 		.4byte	.LFB34
 990 055a 38000000 		.4byte	.LFE34-.LFB34
 991 055e 01       		.uleb128 0x1
 992 055f 9C       		.byte	0x9c
 993 0560 DB050000 		.4byte	0x5db
 994 0564 1D       		.uleb128 0x1d
ARM GAS  C:\Users\Erik\AppData\Local\Temp\ccwWo0Ok.s 			page 20


 995 0565 97040000 		.4byte	.LASF68
 996 0569 01       		.byte	0x1
 997 056a 10       		.byte	0x10
 998 056b DB050000 		.4byte	0x5db
 999 056f 02       		.uleb128 0x2
 1000 0570 91       		.byte	0x91
 1001 0571 58       		.sleb128 -40
 1002 0572 16       		.uleb128 0x16
 1003 0573 0E000000 		.4byte	.LVL32
 1004 0577 B2030000 		.4byte	0x3b2
 1005 057b 8E050000 		.4byte	0x58e
 1006 057f 13       		.uleb128 0x13
 1007 0580 01       		.uleb128 0x1
 1008 0581 50       		.byte	0x50
 1009 0582 01       		.uleb128 0x1
 1010 0583 34       		.byte	0x34
 1011 0584 13       		.uleb128 0x13
 1012 0585 01       		.uleb128 0x1
 1013 0586 51       		.byte	0x51
 1014 0587 05       		.uleb128 0x5
 1015 0588 03       		.byte	0x3
 1016 0589 00000000 		.4byte	buffer
 1017 058d 00       		.byte	0
 1018 058e 11       		.uleb128 0x11
 1019 058f 12000000 		.4byte	.LVL33
 1020 0593 10040000 		.4byte	0x410
 1021 0597 11       		.uleb128 0x11
 1022 0598 16000000 		.4byte	.LVL34
 1023 059c 7C060000 		.4byte	0x67c
 1024 05a0 16       		.uleb128 0x16
 1025 05a1 20000000 		.4byte	.LVL35
 1026 05a5 8E040000 		.4byte	0x48e
 1027 05a9 B4050000 		.4byte	0x5b4
 1028 05ad 13       		.uleb128 0x13
 1029 05ae 01       		.uleb128 0x1
 1030 05af 50       		.byte	0x50
 1031 05b0 02       		.uleb128 0x2
 1032 05b1 7D       		.byte	0x7d
 1033 05b2 00       		.sleb128 0
 1034 05b3 00       		.byte	0
 1035 05b4 16       		.uleb128 0x16
 1036 05b5 2C000000 		.4byte	.LVL36
 1037 05b9 0E050000 		.4byte	0x50e
 1038 05bd D1050000 		.4byte	0x5d1
 1039 05c1 13       		.uleb128 0x13
 1040 05c2 01       		.uleb128 0x1
 1041 05c3 50       		.byte	0x50
 1042 05c4 02       		.uleb128 0x2
 1043 05c5 7D       		.byte	0x7d
 1044 05c6 00       		.sleb128 0
 1045 05c7 13       		.uleb128 0x13
 1046 05c8 01       		.uleb128 0x1
 1047 05c9 51       		.byte	0x51
 1048 05ca 05       		.uleb128 0x5
 1049 05cb 03       		.byte	0x3
 1050 05cc 00000000 		.4byte	buffer
 1051 05d0 00       		.byte	0
ARM GAS  C:\Users\Erik\AppData\Local\Temp\ccwWo0Ok.s 			page 21


 1052 05d1 11       		.uleb128 0x11
 1053 05d2 30000000 		.4byte	.LVL37
 1054 05d6 5D040000 		.4byte	0x45d
 1055 05da 00       		.byte	0
 1056 05db 07       		.uleb128 0x7
 1057 05dc 01050000 		.4byte	0x501
 1058 05e0 EB050000 		.4byte	0x5eb
 1059 05e4 08       		.uleb128 0x8
 1060 05e5 C6000000 		.4byte	0xc6
 1061 05e9 1F       		.byte	0x1f
 1062 05ea 00       		.byte	0
 1063 05eb 1E       		.uleb128 0x1e
 1064 05ec 80020000 		.4byte	.LASF75
 1065 05f0 06       		.byte	0x6
 1066 05f1 5304     		.2byte	0x453
 1067 05f3 A6030000 		.4byte	0x3a6
 1068 05f7 07       		.uleb128 0x7
 1069 05f8 76000000 		.4byte	0x76
 1070 05fc 07060000 		.4byte	0x607
 1071 0600 08       		.uleb128 0x8
 1072 0601 C6000000 		.4byte	0xc6
 1073 0605 03       		.byte	0x3
 1074 0606 00       		.byte	0
 1075 0607 1F       		.uleb128 0x1f
 1076 0608 4A040000 		.4byte	.LASF65
 1077 060c 01       		.byte	0x1
 1078 060d 0D       		.byte	0xd
 1079 060e F7050000 		.4byte	0x5f7
 1080 0612 05       		.uleb128 0x5
 1081 0613 03       		.byte	0x3
 1082 0614 00000000 		.4byte	buffer
 1083 0618 20       		.uleb128 0x20
 1084 0619 BB020000 		.4byte	.LASF76
 1085 061d BB020000 		.4byte	.LASF76
 1086 0621 07       		.byte	0x7
 1087 0622 72       		.byte	0x72
 1088 0623 20       		.uleb128 0x20
 1089 0624 6A030000 		.4byte	.LASF77
 1090 0628 6A030000 		.4byte	.LASF77
 1091 062c 08       		.byte	0x8
 1092 062d A2       		.byte	0xa2
 1093 062e 20       		.uleb128 0x20
 1094 062f 80030000 		.4byte	.LASF78
 1095 0633 80030000 		.4byte	.LASF78
 1096 0637 08       		.byte	0x8
 1097 0638 A8       		.byte	0xa8
 1098 0639 20       		.uleb128 0x20
 1099 063a 4E030000 		.4byte	.LASF79
 1100 063e 4E030000 		.4byte	.LASF79
 1101 0642 09       		.byte	0x9
 1102 0643 3B       		.byte	0x3b
 1103 0644 20       		.uleb128 0x20
 1104 0645 63000000 		.4byte	.LASF80
 1105 0649 63000000 		.4byte	.LASF80
 1106 064d 0A       		.byte	0xa
 1107 064e 43       		.byte	0x43
 1108 064f 20       		.uleb128 0x20
ARM GAS  C:\Users\Erik\AppData\Local\Temp\ccwWo0Ok.s 			page 22


 1109 0650 06050000 		.4byte	.LASF81
 1110 0654 06050000 		.4byte	.LASF81
 1111 0658 09       		.byte	0x9
 1112 0659 3F       		.byte	0x3f
 1113 065a 20       		.uleb128 0x20
 1114 065b FA010000 		.4byte	.LASF82
 1115 065f FA010000 		.4byte	.LASF82
 1116 0663 0B       		.byte	0xb
 1117 0664 49       		.byte	0x49
 1118 0665 20       		.uleb128 0x20
 1119 0666 96030000 		.4byte	.LASF83
 1120 066a 96030000 		.4byte	.LASF83
 1121 066e 0C       		.byte	0xc
 1122 066f 59       		.byte	0x59
 1123 0670 21       		.uleb128 0x21
 1124 0671 28000000 		.4byte	.LASF84
 1125 0675 28000000 		.4byte	.LASF84
 1126 0679 06       		.byte	0x6
 1127 067a 6E04     		.2byte	0x46e
 1128 067c 20       		.uleb128 0x20
 1129 067d DC040000 		.4byte	.LASF85
 1130 0681 DC040000 		.4byte	.LASF85
 1131 0685 0C       		.byte	0xc
 1132 0686 5A       		.byte	0x5a
 1133 0687 00       		.byte	0
 1134              		.section	.debug_abbrev,"",%progbits
 1135              	.Ldebug_abbrev0:
 1136 0000 01       		.uleb128 0x1
 1137 0001 11       		.uleb128 0x11
 1138 0002 01       		.byte	0x1
 1139 0003 25       		.uleb128 0x25
 1140 0004 0E       		.uleb128 0xe
 1141 0005 13       		.uleb128 0x13
 1142 0006 0B       		.uleb128 0xb
 1143 0007 03       		.uleb128 0x3
 1144 0008 0E       		.uleb128 0xe
 1145 0009 1B       		.uleb128 0x1b
 1146 000a 0E       		.uleb128 0xe
 1147 000b 55       		.uleb128 0x55
 1148 000c 17       		.uleb128 0x17
 1149 000d 11       		.uleb128 0x11
 1150 000e 01       		.uleb128 0x1
 1151 000f 10       		.uleb128 0x10
 1152 0010 17       		.uleb128 0x17
 1153 0011 00       		.byte	0
 1154 0012 00       		.byte	0
 1155 0013 02       		.uleb128 0x2
 1156 0014 24       		.uleb128 0x24
 1157 0015 00       		.byte	0
 1158 0016 0B       		.uleb128 0xb
 1159 0017 0B       		.uleb128 0xb
 1160 0018 3E       		.uleb128 0x3e
 1161 0019 0B       		.uleb128 0xb
 1162 001a 03       		.uleb128 0x3
 1163 001b 0E       		.uleb128 0xe
 1164 001c 00       		.byte	0
 1165 001d 00       		.byte	0
ARM GAS  C:\Users\Erik\AppData\Local\Temp\ccwWo0Ok.s 			page 23


 1166 001e 03       		.uleb128 0x3
 1167 001f 16       		.uleb128 0x16
 1168 0020 00       		.byte	0
 1169 0021 03       		.uleb128 0x3
 1170 0022 0E       		.uleb128 0xe
 1171 0023 3A       		.uleb128 0x3a
 1172 0024 0B       		.uleb128 0xb
 1173 0025 3B       		.uleb128 0x3b
 1174 0026 0B       		.uleb128 0xb
 1175 0027 49       		.uleb128 0x49
 1176 0028 13       		.uleb128 0x13
 1177 0029 00       		.byte	0
 1178 002a 00       		.byte	0
 1179 002b 04       		.uleb128 0x4
 1180 002c 24       		.uleb128 0x24
 1181 002d 00       		.byte	0
 1182 002e 0B       		.uleb128 0xb
 1183 002f 0B       		.uleb128 0xb
 1184 0030 3E       		.uleb128 0x3e
 1185 0031 0B       		.uleb128 0xb
 1186 0032 03       		.uleb128 0x3
 1187 0033 08       		.uleb128 0x8
 1188 0034 00       		.byte	0
 1189 0035 00       		.byte	0
 1190 0036 05       		.uleb128 0x5
 1191 0037 16       		.uleb128 0x16
 1192 0038 00       		.byte	0
 1193 0039 03       		.uleb128 0x3
 1194 003a 0E       		.uleb128 0xe
 1195 003b 3A       		.uleb128 0x3a
 1196 003c 0B       		.uleb128 0xb
 1197 003d 3B       		.uleb128 0x3b
 1198 003e 05       		.uleb128 0x5
 1199 003f 49       		.uleb128 0x49
 1200 0040 13       		.uleb128 0x13
 1201 0041 00       		.byte	0
 1202 0042 00       		.byte	0
 1203 0043 06       		.uleb128 0x6
 1204 0044 35       		.uleb128 0x35
 1205 0045 00       		.byte	0
 1206 0046 49       		.uleb128 0x49
 1207 0047 13       		.uleb128 0x13
 1208 0048 00       		.byte	0
 1209 0049 00       		.byte	0
 1210 004a 07       		.uleb128 0x7
 1211 004b 01       		.uleb128 0x1
 1212 004c 01       		.byte	0x1
 1213 004d 49       		.uleb128 0x49
 1214 004e 13       		.uleb128 0x13
 1215 004f 01       		.uleb128 0x1
 1216 0050 13       		.uleb128 0x13
 1217 0051 00       		.byte	0
 1218 0052 00       		.byte	0
 1219 0053 08       		.uleb128 0x8
 1220 0054 21       		.uleb128 0x21
 1221 0055 00       		.byte	0
 1222 0056 49       		.uleb128 0x49
ARM GAS  C:\Users\Erik\AppData\Local\Temp\ccwWo0Ok.s 			page 24


 1223 0057 13       		.uleb128 0x13
 1224 0058 2F       		.uleb128 0x2f
 1225 0059 0B       		.uleb128 0xb
 1226 005a 00       		.byte	0
 1227 005b 00       		.byte	0
 1228 005c 09       		.uleb128 0x9
 1229 005d 13       		.uleb128 0x13
 1230 005e 01       		.byte	0x1
 1231 005f 0B       		.uleb128 0xb
 1232 0060 0B       		.uleb128 0xb
 1233 0061 3A       		.uleb128 0x3a
 1234 0062 0B       		.uleb128 0xb
 1235 0063 3B       		.uleb128 0x3b
 1236 0064 0B       		.uleb128 0xb
 1237 0065 01       		.uleb128 0x1
 1238 0066 13       		.uleb128 0x13
 1239 0067 00       		.byte	0
 1240 0068 00       		.byte	0
 1241 0069 0A       		.uleb128 0xa
 1242 006a 0D       		.uleb128 0xd
 1243 006b 00       		.byte	0
 1244 006c 03       		.uleb128 0x3
 1245 006d 0E       		.uleb128 0xe
 1246 006e 3A       		.uleb128 0x3a
 1247 006f 0B       		.uleb128 0xb
 1248 0070 3B       		.uleb128 0x3b
 1249 0071 05       		.uleb128 0x5
 1250 0072 49       		.uleb128 0x49
 1251 0073 13       		.uleb128 0x13
 1252 0074 38       		.uleb128 0x38
 1253 0075 0B       		.uleb128 0xb
 1254 0076 00       		.byte	0
 1255 0077 00       		.byte	0
 1256 0078 0B       		.uleb128 0xb
 1257 0079 13       		.uleb128 0x13
 1258 007a 01       		.byte	0x1
 1259 007b 0B       		.uleb128 0xb
 1260 007c 0B       		.uleb128 0xb
 1261 007d 3A       		.uleb128 0x3a
 1262 007e 0B       		.uleb128 0xb
 1263 007f 3B       		.uleb128 0x3b
 1264 0080 05       		.uleb128 0x5
 1265 0081 01       		.uleb128 0x1
 1266 0082 13       		.uleb128 0x13
 1267 0083 00       		.byte	0
 1268 0084 00       		.byte	0
 1269 0085 0C       		.uleb128 0xc
 1270 0086 0D       		.uleb128 0xd
 1271 0087 00       		.byte	0
 1272 0088 03       		.uleb128 0x3
 1273 0089 08       		.uleb128 0x8
 1274 008a 3A       		.uleb128 0x3a
 1275 008b 0B       		.uleb128 0xb
 1276 008c 3B       		.uleb128 0x3b
 1277 008d 05       		.uleb128 0x5
 1278 008e 49       		.uleb128 0x49
 1279 008f 13       		.uleb128 0x13
ARM GAS  C:\Users\Erik\AppData\Local\Temp\ccwWo0Ok.s 			page 25


 1280 0090 38       		.uleb128 0x38
 1281 0091 0B       		.uleb128 0xb
 1282 0092 00       		.byte	0
 1283 0093 00       		.byte	0
 1284 0094 0D       		.uleb128 0xd
 1285 0095 13       		.uleb128 0x13
 1286 0096 01       		.byte	0x1
 1287 0097 0B       		.uleb128 0xb
 1288 0098 05       		.uleb128 0x5
 1289 0099 3A       		.uleb128 0x3a
 1290 009a 0B       		.uleb128 0xb
 1291 009b 3B       		.uleb128 0x3b
 1292 009c 05       		.uleb128 0x5
 1293 009d 01       		.uleb128 0x1
 1294 009e 13       		.uleb128 0x13
 1295 009f 00       		.byte	0
 1296 00a0 00       		.byte	0
 1297 00a1 0E       		.uleb128 0xe
 1298 00a2 0D       		.uleb128 0xd
 1299 00a3 00       		.byte	0
 1300 00a4 03       		.uleb128 0x3
 1301 00a5 0E       		.uleb128 0xe
 1302 00a6 3A       		.uleb128 0x3a
 1303 00a7 0B       		.uleb128 0xb
 1304 00a8 3B       		.uleb128 0x3b
 1305 00a9 05       		.uleb128 0x5
 1306 00aa 49       		.uleb128 0x49
 1307 00ab 13       		.uleb128 0x13
 1308 00ac 38       		.uleb128 0x38
 1309 00ad 05       		.uleb128 0x5
 1310 00ae 00       		.byte	0
 1311 00af 00       		.byte	0
 1312 00b0 0F       		.uleb128 0xf
 1313 00b1 2E       		.uleb128 0x2e
 1314 00b2 01       		.byte	0x1
 1315 00b3 3F       		.uleb128 0x3f
 1316 00b4 19       		.uleb128 0x19
 1317 00b5 03       		.uleb128 0x3
 1318 00b6 0E       		.uleb128 0xe
 1319 00b7 3A       		.uleb128 0x3a
 1320 00b8 0B       		.uleb128 0xb
 1321 00b9 3B       		.uleb128 0x3b
 1322 00ba 0B       		.uleb128 0xb
 1323 00bb 27       		.uleb128 0x27
 1324 00bc 19       		.uleb128 0x19
 1325 00bd 11       		.uleb128 0x11
 1326 00be 01       		.uleb128 0x1
 1327 00bf 12       		.uleb128 0x12
 1328 00c0 06       		.uleb128 0x6
 1329 00c1 40       		.uleb128 0x40
 1330 00c2 18       		.uleb128 0x18
 1331 00c3 9742     		.uleb128 0x2117
 1332 00c5 19       		.uleb128 0x19
 1333 00c6 01       		.uleb128 0x1
 1334 00c7 13       		.uleb128 0x13
 1335 00c8 00       		.byte	0
 1336 00c9 00       		.byte	0
ARM GAS  C:\Users\Erik\AppData\Local\Temp\ccwWo0Ok.s 			page 26


 1337 00ca 10       		.uleb128 0x10
 1338 00cb 05       		.uleb128 0x5
 1339 00cc 00       		.byte	0
 1340 00cd 03       		.uleb128 0x3
 1341 00ce 0E       		.uleb128 0xe
 1342 00cf 3A       		.uleb128 0x3a
 1343 00d0 0B       		.uleb128 0xb
 1344 00d1 3B       		.uleb128 0x3b
 1345 00d2 0B       		.uleb128 0xb
 1346 00d3 49       		.uleb128 0x49
 1347 00d4 13       		.uleb128 0x13
 1348 00d5 02       		.uleb128 0x2
 1349 00d6 17       		.uleb128 0x17
 1350 00d7 00       		.byte	0
 1351 00d8 00       		.byte	0
 1352 00d9 11       		.uleb128 0x11
 1353 00da 898201   		.uleb128 0x4109
 1354 00dd 00       		.byte	0
 1355 00de 11       		.uleb128 0x11
 1356 00df 01       		.uleb128 0x1
 1357 00e0 31       		.uleb128 0x31
 1358 00e1 13       		.uleb128 0x13
 1359 00e2 00       		.byte	0
 1360 00e3 00       		.byte	0
 1361 00e4 12       		.uleb128 0x12
 1362 00e5 898201   		.uleb128 0x4109
 1363 00e8 01       		.byte	0x1
 1364 00e9 11       		.uleb128 0x11
 1365 00ea 01       		.uleb128 0x1
 1366 00eb 31       		.uleb128 0x31
 1367 00ec 13       		.uleb128 0x13
 1368 00ed 00       		.byte	0
 1369 00ee 00       		.byte	0
 1370 00ef 13       		.uleb128 0x13
 1371 00f0 8A8201   		.uleb128 0x410a
 1372 00f3 00       		.byte	0
 1373 00f4 02       		.uleb128 0x2
 1374 00f5 18       		.uleb128 0x18
 1375 00f6 9142     		.uleb128 0x2111
 1376 00f8 18       		.uleb128 0x18
 1377 00f9 00       		.byte	0
 1378 00fa 00       		.byte	0
 1379 00fb 14       		.uleb128 0x14
 1380 00fc 0F       		.uleb128 0xf
 1381 00fd 00       		.byte	0
 1382 00fe 0B       		.uleb128 0xb
 1383 00ff 0B       		.uleb128 0xb
 1384 0100 49       		.uleb128 0x49
 1385 0101 13       		.uleb128 0x13
 1386 0102 00       		.byte	0
 1387 0103 00       		.byte	0
 1388 0104 15       		.uleb128 0x15
 1389 0105 2E       		.uleb128 0x2e
 1390 0106 01       		.byte	0x1
 1391 0107 3F       		.uleb128 0x3f
 1392 0108 19       		.uleb128 0x19
 1393 0109 03       		.uleb128 0x3
ARM GAS  C:\Users\Erik\AppData\Local\Temp\ccwWo0Ok.s 			page 27


 1394 010a 0E       		.uleb128 0xe
 1395 010b 3A       		.uleb128 0x3a
 1396 010c 0B       		.uleb128 0xb
 1397 010d 3B       		.uleb128 0x3b
 1398 010e 0B       		.uleb128 0xb
 1399 010f 11       		.uleb128 0x11
 1400 0110 01       		.uleb128 0x1
 1401 0111 12       		.uleb128 0x12
 1402 0112 06       		.uleb128 0x6
 1403 0113 40       		.uleb128 0x40
 1404 0114 18       		.uleb128 0x18
 1405 0115 9742     		.uleb128 0x2117
 1406 0117 19       		.uleb128 0x19
 1407 0118 01       		.uleb128 0x1
 1408 0119 13       		.uleb128 0x13
 1409 011a 00       		.byte	0
 1410 011b 00       		.byte	0
 1411 011c 16       		.uleb128 0x16
 1412 011d 898201   		.uleb128 0x4109
 1413 0120 01       		.byte	0x1
 1414 0121 11       		.uleb128 0x11
 1415 0122 01       		.uleb128 0x1
 1416 0123 31       		.uleb128 0x31
 1417 0124 13       		.uleb128 0x13
 1418 0125 01       		.uleb128 0x1
 1419 0126 13       		.uleb128 0x13
 1420 0127 00       		.byte	0
 1421 0128 00       		.byte	0
 1422 0129 17       		.uleb128 0x17
 1423 012a 2E       		.uleb128 0x2e
 1424 012b 01       		.byte	0x1
 1425 012c 3F       		.uleb128 0x3f
 1426 012d 19       		.uleb128 0x19
 1427 012e 03       		.uleb128 0x3
 1428 012f 0E       		.uleb128 0xe
 1429 0130 3A       		.uleb128 0x3a
 1430 0131 0B       		.uleb128 0xb
 1431 0132 3B       		.uleb128 0x3b
 1432 0133 0B       		.uleb128 0xb
 1433 0134 27       		.uleb128 0x27
 1434 0135 19       		.uleb128 0x19
 1435 0136 49       		.uleb128 0x49
 1436 0137 13       		.uleb128 0x13
 1437 0138 11       		.uleb128 0x11
 1438 0139 01       		.uleb128 0x1
 1439 013a 12       		.uleb128 0x12
 1440 013b 06       		.uleb128 0x6
 1441 013c 40       		.uleb128 0x40
 1442 013d 18       		.uleb128 0x18
 1443 013e 9742     		.uleb128 0x2117
 1444 0140 19       		.uleb128 0x19
 1445 0141 01       		.uleb128 0x1
 1446 0142 13       		.uleb128 0x13
 1447 0143 00       		.byte	0
 1448 0144 00       		.byte	0
 1449 0145 18       		.uleb128 0x18
 1450 0146 34       		.uleb128 0x34
ARM GAS  C:\Users\Erik\AppData\Local\Temp\ccwWo0Ok.s 			page 28


 1451 0147 00       		.byte	0
 1452 0148 03       		.uleb128 0x3
 1453 0149 0E       		.uleb128 0xe
 1454 014a 3A       		.uleb128 0x3a
 1455 014b 0B       		.uleb128 0xb
 1456 014c 3B       		.uleb128 0x3b
 1457 014d 0B       		.uleb128 0xb
 1458 014e 49       		.uleb128 0x49
 1459 014f 13       		.uleb128 0x13
 1460 0150 02       		.uleb128 0x2
 1461 0151 17       		.uleb128 0x17
 1462 0152 00       		.byte	0
 1463 0153 00       		.byte	0
 1464 0154 19       		.uleb128 0x19
 1465 0155 34       		.uleb128 0x34
 1466 0156 00       		.byte	0
 1467 0157 03       		.uleb128 0x3
 1468 0158 08       		.uleb128 0x8
 1469 0159 3A       		.uleb128 0x3a
 1470 015a 0B       		.uleb128 0xb
 1471 015b 3B       		.uleb128 0x3b
 1472 015c 0B       		.uleb128 0xb
 1473 015d 49       		.uleb128 0x49
 1474 015e 13       		.uleb128 0x13
 1475 015f 02       		.uleb128 0x2
 1476 0160 17       		.uleb128 0x17
 1477 0161 00       		.byte	0
 1478 0162 00       		.byte	0
 1479 0163 1A       		.uleb128 0x1a
 1480 0164 0B       		.uleb128 0xb
 1481 0165 01       		.byte	0x1
 1482 0166 11       		.uleb128 0x11
 1483 0167 01       		.uleb128 0x1
 1484 0168 12       		.uleb128 0x12
 1485 0169 06       		.uleb128 0x6
 1486 016a 00       		.byte	0
 1487 016b 00       		.byte	0
 1488 016c 1B       		.uleb128 0x1b
 1489 016d 05       		.uleb128 0x5
 1490 016e 00       		.byte	0
 1491 016f 03       		.uleb128 0x3
 1492 0170 0E       		.uleb128 0xe
 1493 0171 3A       		.uleb128 0x3a
 1494 0172 0B       		.uleb128 0xb
 1495 0173 3B       		.uleb128 0x3b
 1496 0174 0B       		.uleb128 0xb
 1497 0175 49       		.uleb128 0x49
 1498 0176 13       		.uleb128 0x13
 1499 0177 02       		.uleb128 0x2
 1500 0178 18       		.uleb128 0x18
 1501 0179 00       		.byte	0
 1502 017a 00       		.byte	0
 1503 017b 1C       		.uleb128 0x1c
 1504 017c 2E       		.uleb128 0x2e
 1505 017d 01       		.byte	0x1
 1506 017e 3F       		.uleb128 0x3f
 1507 017f 19       		.uleb128 0x19
ARM GAS  C:\Users\Erik\AppData\Local\Temp\ccwWo0Ok.s 			page 29


 1508 0180 03       		.uleb128 0x3
 1509 0181 0E       		.uleb128 0xe
 1510 0182 3A       		.uleb128 0x3a
 1511 0183 0B       		.uleb128 0xb
 1512 0184 3B       		.uleb128 0x3b
 1513 0185 0B       		.uleb128 0xb
 1514 0186 49       		.uleb128 0x49
 1515 0187 13       		.uleb128 0x13
 1516 0188 8701     		.uleb128 0x87
 1517 018a 19       		.uleb128 0x19
 1518 018b 11       		.uleb128 0x11
 1519 018c 01       		.uleb128 0x1
 1520 018d 12       		.uleb128 0x12
 1521 018e 06       		.uleb128 0x6
 1522 018f 40       		.uleb128 0x40
 1523 0190 18       		.uleb128 0x18
 1524 0191 9742     		.uleb128 0x2117
 1525 0193 19       		.uleb128 0x19
 1526 0194 01       		.uleb128 0x1
 1527 0195 13       		.uleb128 0x13
 1528 0196 00       		.byte	0
 1529 0197 00       		.byte	0
 1530 0198 1D       		.uleb128 0x1d
 1531 0199 34       		.uleb128 0x34
 1532 019a 00       		.byte	0
 1533 019b 03       		.uleb128 0x3
 1534 019c 0E       		.uleb128 0xe
 1535 019d 3A       		.uleb128 0x3a
 1536 019e 0B       		.uleb128 0xb
 1537 019f 3B       		.uleb128 0x3b
 1538 01a0 0B       		.uleb128 0xb
 1539 01a1 49       		.uleb128 0x49
 1540 01a2 13       		.uleb128 0x13
 1541 01a3 02       		.uleb128 0x2
 1542 01a4 18       		.uleb128 0x18
 1543 01a5 00       		.byte	0
 1544 01a6 00       		.byte	0
 1545 01a7 1E       		.uleb128 0x1e
 1546 01a8 34       		.uleb128 0x34
 1547 01a9 00       		.byte	0
 1548 01aa 03       		.uleb128 0x3
 1549 01ab 0E       		.uleb128 0xe
 1550 01ac 3A       		.uleb128 0x3a
 1551 01ad 0B       		.uleb128 0xb
 1552 01ae 3B       		.uleb128 0x3b
 1553 01af 05       		.uleb128 0x5
 1554 01b0 49       		.uleb128 0x49
 1555 01b1 13       		.uleb128 0x13
 1556 01b2 3F       		.uleb128 0x3f
 1557 01b3 19       		.uleb128 0x19
 1558 01b4 3C       		.uleb128 0x3c
 1559 01b5 19       		.uleb128 0x19
 1560 01b6 00       		.byte	0
 1561 01b7 00       		.byte	0
 1562 01b8 1F       		.uleb128 0x1f
 1563 01b9 34       		.uleb128 0x34
 1564 01ba 00       		.byte	0
ARM GAS  C:\Users\Erik\AppData\Local\Temp\ccwWo0Ok.s 			page 30


 1565 01bb 03       		.uleb128 0x3
 1566 01bc 0E       		.uleb128 0xe
 1567 01bd 3A       		.uleb128 0x3a
 1568 01be 0B       		.uleb128 0xb
 1569 01bf 3B       		.uleb128 0x3b
 1570 01c0 0B       		.uleb128 0xb
 1571 01c1 49       		.uleb128 0x49
 1572 01c2 13       		.uleb128 0x13
 1573 01c3 3F       		.uleb128 0x3f
 1574 01c4 19       		.uleb128 0x19
 1575 01c5 02       		.uleb128 0x2
 1576 01c6 18       		.uleb128 0x18
 1577 01c7 00       		.byte	0
 1578 01c8 00       		.byte	0
 1579 01c9 20       		.uleb128 0x20
 1580 01ca 2E       		.uleb128 0x2e
 1581 01cb 00       		.byte	0
 1582 01cc 3F       		.uleb128 0x3f
 1583 01cd 19       		.uleb128 0x19
 1584 01ce 3C       		.uleb128 0x3c
 1585 01cf 19       		.uleb128 0x19
 1586 01d0 6E       		.uleb128 0x6e
 1587 01d1 0E       		.uleb128 0xe
 1588 01d2 03       		.uleb128 0x3
 1589 01d3 0E       		.uleb128 0xe
 1590 01d4 3A       		.uleb128 0x3a
 1591 01d5 0B       		.uleb128 0xb
 1592 01d6 3B       		.uleb128 0x3b
 1593 01d7 0B       		.uleb128 0xb
 1594 01d8 00       		.byte	0
 1595 01d9 00       		.byte	0
 1596 01da 21       		.uleb128 0x21
 1597 01db 2E       		.uleb128 0x2e
 1598 01dc 00       		.byte	0
 1599 01dd 3F       		.uleb128 0x3f
 1600 01de 19       		.uleb128 0x19
 1601 01df 3C       		.uleb128 0x3c
 1602 01e0 19       		.uleb128 0x19
 1603 01e1 6E       		.uleb128 0x6e
 1604 01e2 0E       		.uleb128 0xe
 1605 01e3 03       		.uleb128 0x3
 1606 01e4 0E       		.uleb128 0xe
 1607 01e5 3A       		.uleb128 0x3a
 1608 01e6 0B       		.uleb128 0xb
 1609 01e7 3B       		.uleb128 0x3b
 1610 01e8 05       		.uleb128 0x5
 1611 01e9 00       		.byte	0
 1612 01ea 00       		.byte	0
 1613 01eb 00       		.byte	0
 1614              		.section	.debug_loc,"",%progbits
 1615              	.Ldebug_loc0:
 1616              	.LLST0:
 1617 0000 00000000 		.4byte	.LVL0
 1618 0004 09000000 		.4byte	.LVL1-1
 1619 0008 0100     		.2byte	0x1
 1620 000a 50       		.byte	0x50
 1621 000b 09000000 		.4byte	.LVL1-1
ARM GAS  C:\Users\Erik\AppData\Local\Temp\ccwWo0Ok.s 			page 31


 1622 000f 16000000 		.4byte	.LFE35
 1623 0013 0400     		.2byte	0x4
 1624 0015 F3       		.byte	0xf3
 1625 0016 01       		.uleb128 0x1
 1626 0017 50       		.byte	0x50
 1627 0018 9F       		.byte	0x9f
 1628 0019 00000000 		.4byte	0
 1629 001d 00000000 		.4byte	0
 1630              	.LLST1:
 1631 0021 00000000 		.4byte	.LVL0
 1632 0025 09000000 		.4byte	.LVL1-1
 1633 0029 0100     		.2byte	0x1
 1634 002b 51       		.byte	0x51
 1635 002c 09000000 		.4byte	.LVL1-1
 1636 0030 14000000 		.4byte	.LVL3
 1637 0034 0100     		.2byte	0x1
 1638 0036 55       		.byte	0x55
 1639 0037 14000000 		.4byte	.LVL3
 1640 003b 16000000 		.4byte	.LFE35
 1641 003f 0400     		.2byte	0x4
 1642 0041 F3       		.byte	0xf3
 1643 0042 01       		.uleb128 0x1
 1644 0043 51       		.byte	0x51
 1645 0044 9F       		.byte	0x9f
 1646 0045 00000000 		.4byte	0
 1647 0049 00000000 		.4byte	0
 1648              	.LLST2:
 1649 004d 00000000 		.4byte	.LVL11
 1650 0051 0A000000 		.4byte	.LVL13
 1651 0055 0100     		.2byte	0x1
 1652 0057 50       		.byte	0x50
 1653 0058 0A000000 		.4byte	.LVL13
 1654 005c 2E000000 		.4byte	.LVL21
 1655 0060 0100     		.2byte	0x1
 1656 0062 55       		.byte	0x55
 1657 0063 2E000000 		.4byte	.LVL21
 1658 0067 30000000 		.4byte	.LFE38
 1659 006b 0400     		.2byte	0x4
 1660 006d F3       		.byte	0xf3
 1661 006e 01       		.uleb128 0x1
 1662 006f 50       		.byte	0x50
 1663 0070 9F       		.byte	0x9f
 1664 0071 00000000 		.4byte	0
 1665 0075 00000000 		.4byte	0
 1666              	.LLST3:
 1667 0079 04000000 		.4byte	.LVL12
 1668 007d 0A000000 		.4byte	.LVL13
 1669 0081 0200     		.2byte	0x2
 1670 0083 30       		.byte	0x30
 1671 0084 9F       		.byte	0x9f
 1672 0085 0A000000 		.4byte	.LVL13
 1673 0089 22000000 		.4byte	.LVL16
 1674 008d 0100     		.2byte	0x1
 1675 008f 56       		.byte	0x56
 1676 0090 22000000 		.4byte	.LVL16
 1677 0094 24000000 		.4byte	.LVL17
 1678 0098 0200     		.2byte	0x2
ARM GAS  C:\Users\Erik\AppData\Local\Temp\ccwWo0Ok.s 			page 32


 1679 009a 31       		.byte	0x31
 1680 009b 9F       		.byte	0x9f
 1681 009c 24000000 		.4byte	.LVL17
 1682 00a0 2E000000 		.4byte	.LVL22
 1683 00a4 0100     		.2byte	0x1
 1684 00a6 56       		.byte	0x56
 1685 00a7 00000000 		.4byte	0
 1686 00ab 00000000 		.4byte	0
 1687              	.LLST4:
 1688 00af 04000000 		.4byte	.LVL12
 1689 00b3 0A000000 		.4byte	.LVL13
 1690 00b7 0200     		.2byte	0x2
 1691 00b9 30       		.byte	0x30
 1692 00ba 9F       		.byte	0x9f
 1693 00bb 0A000000 		.4byte	.LVL13
 1694 00bf 26000000 		.4byte	.LVL18
 1695 00c3 0100     		.2byte	0x1
 1696 00c5 54       		.byte	0x54
 1697 00c6 28000000 		.4byte	.LVL19
 1698 00ca 2E000000 		.4byte	.LVL20
 1699 00ce 0100     		.2byte	0x1
 1700 00d0 54       		.byte	0x54
 1701 00d1 00000000 		.4byte	0
 1702 00d5 00000000 		.4byte	0
 1703              	.LLST5:
 1704 00d9 18000000 		.4byte	.LVL15
 1705 00dd 28000000 		.4byte	.LVL19
 1706 00e1 0100     		.2byte	0x1
 1707 00e3 50       		.byte	0x50
 1708 00e4 00000000 		.4byte	0
 1709 00e8 00000000 		.4byte	0
 1710              	.LLST6:
 1711 00ec 02000000 		.4byte	.LVL24
 1712 00f0 06000000 		.4byte	.LVL25
 1713 00f4 0200     		.2byte	0x2
 1714 00f6 30       		.byte	0x30
 1715 00f7 9F       		.byte	0x9f
 1716 00f8 06000000 		.4byte	.LVL25
 1717 00fc 0E000000 		.4byte	.LVL26
 1718 0100 0100     		.2byte	0x1
 1719 0102 53       		.byte	0x53
 1720 0103 10000000 		.4byte	.LVL27
 1721 0107 16000000 		.4byte	.LVL28
 1722 010b 0100     		.2byte	0x1
 1723 010d 53       		.byte	0x53
 1724 010e 18000000 		.4byte	.LVL29
 1725 0112 32000000 		.4byte	.LVL30
 1726 0116 0100     		.2byte	0x1
 1727 0118 53       		.byte	0x53
 1728 0119 34000000 		.4byte	.LVL31
 1729 011d 3A000000 		.4byte	.LFE39
 1730 0121 0100     		.2byte	0x1
 1731 0123 53       		.byte	0x53
 1732 0124 00000000 		.4byte	0
 1733 0128 00000000 		.4byte	0
 1734              		.section	.debug_aranges,"",%progbits
 1735 0000 44000000 		.4byte	0x44
ARM GAS  C:\Users\Erik\AppData\Local\Temp\ccwWo0Ok.s 			page 33


 1736 0004 0200     		.2byte	0x2
 1737 0006 00000000 		.4byte	.Ldebug_info0
 1738 000a 04       		.byte	0x4
 1739 000b 00       		.byte	0
 1740 000c 0000     		.2byte	0
 1741 000e 0000     		.2byte	0
 1742 0010 00000000 		.4byte	.LFB35
 1743 0014 16000000 		.4byte	.LFE35-.LFB35
 1744 0018 00000000 		.4byte	.LFB36
 1745 001c 20000000 		.4byte	.LFE36-.LFB36
 1746 0020 00000000 		.4byte	.LFB37
 1747 0024 10000000 		.4byte	.LFE37-.LFB37
 1748 0028 00000000 		.4byte	.LFB38
 1749 002c 30000000 		.4byte	.LFE38-.LFB38
 1750 0030 00000000 		.4byte	.LFB39
 1751 0034 3A000000 		.4byte	.LFE39-.LFB39
 1752 0038 00000000 		.4byte	.LFB34
 1753 003c 38000000 		.4byte	.LFE34-.LFB34
 1754 0040 00000000 		.4byte	0
 1755 0044 00000000 		.4byte	0
 1756              		.section	.debug_ranges,"",%progbits
 1757              	.Ldebug_ranges0:
 1758 0000 00000000 		.4byte	.LFB35
 1759 0004 16000000 		.4byte	.LFE35
 1760 0008 00000000 		.4byte	.LFB36
 1761 000c 20000000 		.4byte	.LFE36
 1762 0010 00000000 		.4byte	.LFB37
 1763 0014 10000000 		.4byte	.LFE37
 1764 0018 00000000 		.4byte	.LFB38
 1765 001c 30000000 		.4byte	.LFE38
 1766 0020 00000000 		.4byte	.LFB39
 1767 0024 3A000000 		.4byte	.LFE39
 1768 0028 00000000 		.4byte	.LFB34
 1769 002c 38000000 		.4byte	.LFE34
 1770 0030 00000000 		.4byte	0
 1771 0034 00000000 		.4byte	0
 1772              		.section	.debug_line,"",%progbits
 1773              	.Ldebug_line0:
 1774 0000 8B020000 		.section	.debug_str,"MS",%progbits,1
 1774      0200E301 
 1774      00000201 
 1774      FB0E0D00 
 1774      01010101 
 1775              	.LASF55:
 1776 0000 77646774 		.ascii	"wdgtList\000"
 1776      4C697374 
 1776      00
 1777              	.LASF60:
 1778 0009 736E7254 		.ascii	"snrTestRawCount\000"
 1778      65737452 
 1778      6177436F 
 1778      756E7400 
 1779              	.LASF62:
 1780 0019 7363616E 		.ascii	"scanCurrentISC\000"
 1780      43757272 
 1780      656E7449 
 1780      534300
ARM GAS  C:\Users\Erik\AppData\Local\Temp\ccwWo0Ok.s 			page 34


 1781              	.LASF84:
 1782 0028 43617053 		.ascii	"CapSense_IsSensorActive\000"
 1782      656E7365 
 1782      5F497353 
 1782      656E736F 
 1782      72416374 
 1783              	.LASF37:
 1784 0040 62736C6E 		.ascii	"bsln\000"
 1784      00
 1785              	.LASF29:
 1786 0045 69646163 		.ascii	"idacGainIndex\000"
 1786      4761696E 
 1786      496E6465 
 1786      7800
 1787              	.LASF27:
 1788 0053 6C6F7742 		.ascii	"lowBslnRst\000"
 1788      736C6E52 
 1788      737400
 1789              	.LASF39:
 1790 005e 64696666 		.ascii	"diff\000"
 1790      00
 1791              	.LASF80:
 1792 0063 43617053 		.ascii	"CapSense_InitializeAllBaselines\000"
 1792      656E7365 
 1792      5F496E69 
 1792      7469616C 
 1792      697A6541 
 1793              	.LASF28:
 1794 0083 69646163 		.ascii	"idacMod\000"
 1794      4D6F6400 
 1795              	.LASF88:
 1796 008b 453A5C68 		.ascii	"E:\\hardware\\cy8ckit-043-slider\\cy8ckit-043-slide"
 1796      61726477 
 1796      6172655C 
 1796      63793863 
 1796      6B69742D 
 1797 00bb 722E6379 		.ascii	"r.cydsn\000"
 1797      64736E00 
 1798              	.LASF34:
 1799 00c3 43617053 		.ascii	"CapSense_RAM_WD_BUTTON_STRUCT\000"
 1799      656E7365 
 1799      5F52414D 
 1799      5F57445F 
 1799      42555454 
 1800              	.LASF26:
 1801 00e1 6F6E4465 		.ascii	"onDebounce\000"
 1801      626F756E 
 1801      636500
 1802              	.LASF18:
 1803 00ec 73697A65 		.ascii	"sizetype\000"
 1803      74797065 
 1803      00
 1804              	.LASF44:
 1805 00f5 636F6E66 		.ascii	"configId\000"
 1805      69674964 
 1805      00
 1806              	.LASF66:
ARM GAS  C:\Users\Erik\AppData\Local\Temp\ccwWo0Ok.s 			page 35


 1807 00fe 696E6974 		.ascii	"initCapSense\000"
 1807      43617053 
 1807      656E7365 
 1807      00
 1808              	.LASF24:
 1809 010b 6E4E6F69 		.ascii	"nNoiseTh\000"
 1809      73655468 
 1809      00
 1810              	.LASF41:
 1811 0114 69646163 		.ascii	"idacComp\000"
 1811      436F6D70 
 1811      00
 1812              	.LASF53:
 1813 011d 63736430 		.ascii	"csd0Config\000"
 1813      436F6E66 
 1813      696700
 1814              	.LASF6:
 1815 0128 6C6F6E67 		.ascii	"long long int\000"
 1815      206C6F6E 
 1815      6720696E 
 1815      7400
 1816              	.LASF31:
 1817 0136 736E7343 		.ascii	"snsClkSource\000"
 1817      6C6B536F 
 1817      75726365 
 1817      00
 1818              	.LASF35:
 1819 0143 736C6964 		.ascii	"slider\000"
 1819      657200
 1820              	.LASF2:
 1821 014a 73686F72 		.ascii	"short int\000"
 1821      7420696E 
 1821      7400
 1822              	.LASF23:
 1823 0154 6E6F6973 		.ascii	"noiseTh\000"
 1823      65546800 
 1824              	.LASF45:
 1825 015c 64657669 		.ascii	"deviceId\000"
 1825      63654964 
 1825      00
 1826              	.LASF12:
 1827 0165 75696E74 		.ascii	"uint16\000"
 1827      313600
 1828              	.LASF86:
 1829 016c 474E5520 		.ascii	"GNU C11 5.4.1 20160609 (release) [ARM/embedded-5-br"
 1829      43313120 
 1829      352E342E 
 1829      31203230 
 1829      31363036 
 1830 019f 616E6368 		.ascii	"anch revision 237715] -mcpu=cortex-m0 -mthumb -g -O"
 1830      20726576 
 1830      6973696F 
 1830      6E203233 
 1830      37373135 
 1831 01d2 67202D66 		.ascii	"g -ffunction-sections -ffat-lto-objects\000"
 1831      66756E63 
 1831      74696F6E 
ARM GAS  C:\Users\Erik\AppData\Local\Temp\ccwWo0Ok.s 			page 36


 1831      2D736563 
 1831      74696F6E 
 1832              	.LASF82:
 1833 01fa 43617053 		.ascii	"CapSense_RunTuner\000"
 1833      656E7365 
 1833      5F52756E 
 1833      54756E65 
 1833      7200
 1834              	.LASF10:
 1835 020c 75696E74 		.ascii	"uint8_t\000"
 1835      385F7400 
 1836              	.LASF11:
 1837 0214 75696E74 		.ascii	"uint8\000"
 1837      3800
 1838              	.LASF30:
 1839 021a 736E7343 		.ascii	"snsClk\000"
 1839      6C6B00
 1840              	.LASF0:
 1841 0221 7369676E 		.ascii	"signed char\000"
 1841      65642063 
 1841      68617200 
 1842              	.LASF14:
 1843 022d 666C6F61 		.ascii	"float\000"
 1843      7400
 1844              	.LASF36:
 1845 0233 43617053 		.ascii	"CapSense_RAM_WD_LIST_STRUCT\000"
 1845      656E7365 
 1845      5F52414D 
 1845      5F57445F 
 1845      4C495354 
 1846              	.LASF58:
 1847 024f 736E7254 		.ascii	"snrTestSensorId\000"
 1847      65737453 
 1847      656E736F 
 1847      72496400 
 1848              	.LASF16:
 1849 025f 63686172 		.ascii	"char\000"
 1849      00
 1850              	.LASF4:
 1851 0264 6C6F6E67 		.ascii	"long int\000"
 1851      20696E74 
 1851      00
 1852              	.LASF22:
 1853 026d 66696E67 		.ascii	"fingerTh\000"
 1853      65725468 
 1853      00
 1854              	.LASF9:
 1855 0276 5F5F7569 		.ascii	"__uint8_t\000"
 1855      6E74385F 
 1855      7400
 1856              	.LASF75:
 1857 0280 43617053 		.ascii	"CapSense_dsRam\000"
 1857      656E7365 
 1857      5F647352 
 1857      616D00
 1858              	.LASF73:
 1859 028f 72656164 		.ascii	"readTouches\000"
ARM GAS  C:\Users\Erik\AppData\Local\Temp\ccwWo0Ok.s 			page 37


 1859      546F7563 
 1859      68657300 
 1860              	.LASF25:
 1861 029b 68797374 		.ascii	"hysteresis\000"
 1861      65726573 
 1861      697300
 1862              	.LASF47:
 1863 02a6 74756E65 		.ascii	"tunerCmd\000"
 1863      72436D64 
 1863      00
 1864              	.LASF17:
 1865 02af 6C6F6E67 		.ascii	"long double\000"
 1865      20646F75 
 1865      626C6500 
 1866              	.LASF76:
 1867 02bb 455A4932 		.ascii	"EZI2C_Start\000"
 1867      435F5374 
 1867      61727400 
 1868              	.LASF51:
 1869 02c7 77646774 		.ascii	"wdgtStatus\000"
 1869      53746174 
 1869      757300
 1870              	.LASF69:
 1871 02d2 6368616E 		.ascii	"changed\000"
 1871      67656400 
 1872              	.LASF1:
 1873 02da 756E7369 		.ascii	"unsigned char\000"
 1873      676E6564 
 1873      20636861 
 1873      7200
 1874              	.LASF19:
 1875 02e8 43617053 		.ascii	"CapSense_THRESHOLD_TYPE\000"
 1875      656E7365 
 1875      5F544852 
 1875      4553484F 
 1875      4C445F54 
 1876              	.LASF50:
 1877 0300 77646774 		.ascii	"wdgtEnable\000"
 1877      456E6162 
 1877      6C6500
 1878              	.LASF43:
 1879 030b 43617053 		.ascii	"CapSense_RAM_SNS_LIST_STRUCT\000"
 1879      656E7365 
 1879      5F52414D 
 1879      5F534E53 
 1879      5F4C4953 
 1880              	.LASF7:
 1881 0328 6C6F6E67 		.ascii	"long long unsigned int\000"
 1881      206C6F6E 
 1881      6720756E 
 1881      7369676E 
 1881      65642069 
 1882              	.LASF67:
 1883 033f 75706461 		.ascii	"updateCapSense\000"
 1883      74654361 
 1883      7053656E 
 1883      736500
ARM GAS  C:\Users\Erik\AppData\Local\Temp\ccwWo0Ok.s 			page 38


 1884              	.LASF79:
 1885 034e 43617053 		.ascii	"CapSense_Start\000"
 1885      656E7365 
 1885      5F537461 
 1885      727400
 1886              	.LASF8:
 1887 035d 756E7369 		.ascii	"unsigned int\000"
 1887      676E6564 
 1887      20696E74 
 1887      00
 1888              	.LASF77:
 1889 036a 455A4932 		.ascii	"EZI2C_EzI2CSetBuffer1\000"
 1889      435F457A 
 1889      49324353 
 1889      65744275 
 1889      66666572 
 1890              	.LASF78:
 1891 0380 455A4932 		.ascii	"EZI2C_EzI2CSetBuffer2\000"
 1891      435F457A 
 1891      49324353 
 1891      65744275 
 1891      66666572 
 1892              	.LASF83:
 1893 0396 43617053 		.ascii	"CapSense_ScanAllWidgets\000"
 1893      656E7365 
 1893      5F536361 
 1893      6E416C6C 
 1893      57696467 
 1894              	.LASF42:
 1895 03ae 43617053 		.ascii	"CapSense_RAM_SNS_STRUCT\000"
 1895      656E7365 
 1895      5F52414D 
 1895      5F534E53 
 1895      5F535452 
 1896              	.LASF20:
 1897 03c6 43617053 		.ascii	"CapSense_LOW_BSLN_RST_TYPE\000"
 1897      656E7365 
 1897      5F4C4F57 
 1897      5F42534C 
 1897      4E5F5253 
 1898              	.LASF49:
 1899 03e1 73746174 		.ascii	"status\000"
 1899      757300
 1900              	.LASF46:
 1901 03e8 6877436C 		.ascii	"hwClock\000"
 1901      6F636B00 
 1902              	.LASF59:
 1903 03f0 736E7254 		.ascii	"snrTestScanCounter\000"
 1903      65737453 
 1903      63616E43 
 1903      6F756E74 
 1903      657200
 1904              	.LASF74:
 1905 0403 6D61696E 		.ascii	"main\000"
 1905      00
 1906              	.LASF21:
 1907 0408 7265736F 		.ascii	"resolution\000"
ARM GAS  C:\Users\Erik\AppData\Local\Temp\ccwWo0Ok.s 			page 39


 1907      6C757469 
 1907      6F6E00
 1908              	.LASF3:
 1909 0413 73686F72 		.ascii	"short unsigned int\000"
 1909      7420756E 
 1909      7369676E 
 1909      65642069 
 1909      6E7400
 1910              	.LASF70:
 1911 0426 5F426F6F 		.ascii	"_Bool\000"
 1911      6C00
 1912              	.LASF56:
 1913 042c 736E734C 		.ascii	"snsList\000"
 1913      69737400 
 1914              	.LASF54:
 1915 0434 6D6F6443 		.ascii	"modCsdClk\000"
 1915      7364436C 
 1915      6B00
 1916              	.LASF48:
 1917 043e 7363616E 		.ascii	"scanCounter\000"
 1917      436F756E 
 1917      74657200 
 1918              	.LASF65:
 1919 044a 62756666 		.ascii	"buffer\000"
 1919      657200
 1920              	.LASF63:
 1921 0451 43617053 		.ascii	"CapSense_RAM_STRUCT\000"
 1921      656E7365 
 1921      5F52414D 
 1921      5F535452 
 1921      55435400 
 1922              	.LASF33:
 1923 0465 73696750 		.ascii	"sigPFC\000"
 1923      464300
 1924              	.LASF13:
 1925 046c 75696E74 		.ascii	"uint32\000"
 1925      333200
 1926              	.LASF87:
 1927 0473 6D61696E 		.ascii	"main.c\000"
 1927      2E6300
 1928              	.LASF61:
 1929 047a 7363616E 		.ascii	"scanCsdISC\000"
 1929      43736449 
 1929      534300
 1930              	.LASF5:
 1931 0485 6C6F6E67 		.ascii	"long unsigned int\000"
 1931      20756E73 
 1931      69676E65 
 1931      6420696E 
 1931      7400
 1932              	.LASF68:
 1933 0497 746F7563 		.ascii	"touches\000"
 1933      68657300 
 1934              	.LASF15:
 1935 049f 646F7562 		.ascii	"double\000"
 1935      6C6500
 1936              	.LASF71:
ARM GAS  C:\Users\Erik\AppData\Local\Temp\ccwWo0Ok.s 			page 40


 1937 04a6 696E6974 		.ascii	"initI2C\000"
 1937      49324300 
 1938              	.LASF38:
 1939 04ae 62736C6E 		.ascii	"bslnExt\000"
 1939      45787400 
 1940              	.LASF72:
 1941 04b6 73656E64 		.ascii	"sendTouches\000"
 1941      546F7563 
 1941      68657300 
 1942              	.LASF40:
 1943 04c2 6E656742 		.ascii	"negBslnRstCnt\000"
 1943      736C6E52 
 1943      7374436E 
 1943      7400
 1944              	.LASF64:
 1945 04d0 62756666 		.ascii	"buffer_size\000"
 1945      65725F73 
 1945      697A6500 
 1946              	.LASF85:
 1947 04dc 43617053 		.ascii	"CapSense_IsBusy\000"
 1947      656E7365 
 1947      5F497342 
 1947      75737900 
 1948              	.LASF32:
 1949 04ec 66696E67 		.ascii	"fingerCap\000"
 1949      65724361 
 1949      7000
 1950              	.LASF57:
 1951 04f6 736E7254 		.ascii	"snrTestWidgetId\000"
 1951      65737457 
 1951      69646765 
 1951      74496400 
 1952              	.LASF81:
 1953 0506 43617053 		.ascii	"CapSense_ProcessAllWidgets\000"
 1953      656E7365 
 1953      5F50726F 
 1953      63657373 
 1953      416C6C57 
 1954              	.LASF52:
 1955 0521 736E7353 		.ascii	"snsStatus\000"
 1955      74617475 
 1955      7300
 1956              		.ident	"GCC: (GNU Tools for ARM Embedded Processors) 5.4.1 20160609 (release) [ARM/embedded-5-bran
